17:33:15.167 INFO  manager.ApplicationManager - Chrome driver opened
17:33:16.573 INFO  manager.ApplicationManager - Current URL is --:https://contacts-app.tobbymarshall815.vercel.app/home
17:33:16.605 INFO  TestBase - Start test with name:loginNegativeWrongEmailFormat
17:33:16.607 INFO  TestBase - Start checking authorisation
17:33:16.607 INFO  manager.ListenerWD - Before find elements By ----> By.xpath: //button[text()='Sign Out']
17:33:21.623 INFO  manager.ListenerWD - After find elements By ----> By.xpath: //button[text()='Sign Out']
17:33:21.625 INFO  manager.ListenerWD - List size ---0
17:33:21.625 INFO  TestBase - Test has not needed logout
17:33:21.627 INFO  manager.ListenerWD - Before find element By ----> By.xpath: //a[@href='/login']
17:33:21.653 INFO  manager.ListenerWD - After find element By ----> By.xpath: //a[@href='/login']
17:33:21.710 INFO  manager.ListenerWD - Before find element By ----> By.xpath: //input[@placeholder='Email']
17:33:21.734 INFO  manager.ListenerWD - After find element By ----> By.xpath: //input[@placeholder='Email']
17:33:21.836 INFO  manager.ListenerWD - Before find element By ----> By.xpath: //input[@placeholder='Password']
17:33:21.858 INFO  manager.ListenerWD - After find element By ----> By.xpath: //input[@placeholder='Password']
17:33:21.952 INFO  manager.ListenerWD - Before find element By ----> By.xpath: //*[text()=' Login']
17:33:21.971 INFO  manager.ListenerWD - After find element By ----> By.xpath: //*[text()=' Login']
17:33:22.002 INFO  manager.ListenerWD - Before find elements By ----> By.xpath: //button[text()='Sign Out']
17:33:22.692 INFO  manager.ListenerWD - After find elements By ----> By.xpath: //button[text()='Sign Out']
17:33:22.692 INFO  manager.ListenerWD - List size ---0
17:33:22.695 INFO  manager.ListenerWD - Before find element By ----> By.xpath: //div[text()='Login Failed with code 400']
17:33:22.709 INFO  manager.ListenerWD - We have a 'PROBLEM'
17:33:22.710 INFO  manager.ListenerWD - The name of error method ---findElement
17:33:22.716 INFO  manager.ListenerWD - Describe of error ---org.openqa.selenium.UnhandledAlertException: unexpected alert open: {Alert text : Wrong email or password format
            Email must contains one @ and minimum 2 symbols after last dot
            Password must contain at least one uppercase letter!
            Password must contain at least one lowercase letter!
            Password must contain at least one digit!
            Password must contain at least one special symbol from [‘$’,’~’,’-‘,’_’]!}
  (Session info: chrome=105.0.5195.127): Wrong email or password format
            Email must contains one @ and minimum 2 symbols after last dot
            Password must contain at least one uppercase letter!
            Password must contain at least one lowercase letter!
            Password must contain at least one digit!
            Password must contain at least one special symbol from [‘$’,’~’,’-‘,’_’]!
Build info: version: '4.4.0', revision: 'e5c75ed026a'
System info: host: 'LAPTOP-MOSO9MHA', ip: '192.168.1.12', os.name: 'Windows 10', os.arch: 'amd64', os.version: '10.0', java.version: '11.0.16.1'
Driver info: org.openqa.selenium.chrome.ChromeDriver
Command: [aa6acec6fc986f28a0e41acd050ae23b, findElement {using=xpath, value=//div[text()='Login Failed with code 400']}]
Capabilities {acceptInsecureCerts: false, browserName: chrome, browserVersion: 105.0.5195.127, chrome: {chromedriverVersion: 104.0.5112.79 (3cf3e8c8a07d..., userDataDir: C:\Users\User\AppData\Local...}, goog:chromeOptions: {debuggerAddress: localhost:61751}, networkConnectionEnabled: false, pageLoadStrategy: normal, platformName: WINDOWS, proxy: Proxy(), se:cdp: ws://localhost:61751/devtoo..., se:cdpVersion: 105.0.5195.127, setWindowRect: true, strictFileInteractability: false, timeouts: {implicit: 0, pageLoad: 300000, script: 30000}, unhandledPromptBehavior: dismiss and notify, webauthn:extension:credBlob: true, webauthn:extension:largeBlob: true, webauthn:virtualAuthenticators: true}
Session ID: aa6acec6fc986f28a0e41acd050ae23b
17:33:22.718 INFO  manager.ListenerWD - **********
17:33:22.718 INFO  manager.ListenerWD - ChromeDriver: chrome on WINDOWS (aa6acec6fc986f28a0e41acd050ae23b)
17:33:22.725 INFO  manager.ListenerWD - Screen with error is :1656  src/test/screenshots/screen1656.png
