17:35:27.156 INFO  manager.ApplicationManager - Chrome driver opened
17:35:28.312 INFO  manager.ApplicationManager - Current URL is --:https://contacts-app.tobbymarshall815.vercel.app/home
17:35:28.342 INFO  TestBase - Start test with name:loginNegativeWrongEmailFormat
17:35:28.344 INFO  TestBase - Start checking authorisation
17:35:28.344 INFO  manager.ListenerWD - Before find elements By ----> By.xpath: //button[text()='Sign Out']
17:35:33.370 INFO  manager.ListenerWD - After find elements By ----> By.xpath: //button[text()='Sign Out']
17:35:33.371 INFO  manager.ListenerWD - List size ---0
17:35:33.374 INFO  TestBase - Test has not needed logout
17:35:33.376 INFO  manager.ListenerWD - Before find element By ----> By.xpath: //a[@href='/login']
17:35:33.400 INFO  manager.ListenerWD - After find element By ----> By.xpath: //a[@href='/login']
17:35:33.488 INFO  manager.ListenerWD - Before find element By ----> By.xpath: //input[@placeholder='Email']
17:35:33.518 INFO  manager.ListenerWD - After find element By ----> By.xpath: //input[@placeholder='Email']
17:35:33.622 INFO  manager.ListenerWD - Before find element By ----> By.xpath: //input[@placeholder='Password']
17:35:33.644 INFO  manager.ListenerWD - After find element By ----> By.xpath: //input[@placeholder='Password']
17:35:33.737 INFO  manager.ListenerWD - Before find element By ----> By.xpath: //*[text()=' Login']
17:35:33.755 INFO  manager.ListenerWD - After find element By ----> By.xpath: //*[text()=' Login']
17:35:33.785 INFO  manager.ListenerWD - Before find elements By ----> By.xpath: //button[text()='Sign Out']
17:35:34.487 INFO  manager.ListenerWD - After find elements By ----> By.xpath: //button[text()='Sign Out']
17:35:34.487 INFO  manager.ListenerWD - List size ---0
17:35:34.534 INFO  TestBase - Start test with name:loginNegativeWrongPasswordFormat
17:35:34.536 INFO  TestBase - Start checking authorisation
17:35:34.536 INFO  manager.ListenerWD - Before find elements By ----> By.xpath: //button[text()='Sign Out']
17:35:39.579 INFO  manager.ListenerWD - After find elements By ----> By.xpath: //button[text()='Sign Out']
17:35:39.580 INFO  manager.ListenerWD - List size ---0
17:35:39.581 INFO  TestBase - Test has not needed logout
17:35:39.583 INFO  manager.ListenerWD - Before find element By ----> By.xpath: //a[@href='/login']
17:35:39.616 INFO  manager.ListenerWD - After find element By ----> By.xpath: //a[@href='/login']
17:35:39.650 INFO  manager.ListenerWD - Before find element By ----> By.xpath: //input[@placeholder='Email']
17:35:39.666 INFO  manager.ListenerWD - After find element By ----> By.xpath: //input[@placeholder='Email']
17:35:39.781 INFO  manager.ListenerWD - Before find element By ----> By.xpath: //input[@placeholder='Password']
17:35:39.799 INFO  manager.ListenerWD - After find element By ----> By.xpath: //input[@placeholder='Password']
17:35:39.888 INFO  manager.ListenerWD - Before find element By ----> By.xpath: //*[text()=' Login']
17:35:39.905 INFO  manager.ListenerWD - After find element By ----> By.xpath: //*[text()=' Login']
17:35:39.933 INFO  manager.ListenerWD - Before find elements By ----> By.xpath: //button[text()='Sign Out']
17:35:40.082 INFO  manager.ListenerWD - After find elements By ----> By.xpath: //button[text()='Sign Out']
17:35:40.083 INFO  manager.ListenerWD - List size ---0
17:35:40.127 INFO  TestBase - Start test with name:loginSuccess
17:35:40.127 INFO  TestBase - Start checking authorisation
17:35:40.128 INFO  manager.ListenerWD - Before find elements By ----> By.xpath: //button[text()='Sign Out']
17:35:45.149 INFO  manager.ListenerWD - After find elements By ----> By.xpath: //button[text()='Sign Out']
17:35:45.150 INFO  manager.ListenerWD - List size ---0
17:35:45.151 INFO  TestBase - Test has not needed logout
17:35:45.153 INFO  TestBase - User login with data:  email 423090@gmail.com & password Yy12345$
17:35:45.154 INFO  manager.ListenerWD - Before find element By ----> By.xpath: //a[@href='/login']
17:35:45.179 INFO  manager.ListenerWD - After find element By ----> By.xpath: //a[@href='/login']
17:35:45.204 INFO  manager.ListenerWD - Before find element By ----> By.xpath: //input[@placeholder='Email']
17:35:45.218 INFO  manager.ListenerWD - After find element By ----> By.xpath: //input[@placeholder='Email']
17:35:45.325 INFO  manager.ListenerWD - Before find element By ----> By.xpath: //input[@placeholder='Password']
17:35:45.338 INFO  manager.ListenerWD - After find element By ----> By.xpath: //input[@placeholder='Password']
17:35:45.438 INFO  manager.ListenerWD - Before find element By ----> By.xpath: //*[text()=' Login']
17:35:45.450 INFO  manager.ListenerWD - After find element By ----> By.xpath: //*[text()=' Login']
17:35:45.477 INFO  manager.ListenerWD - Before find elements By ----> By.xpath: //button[text()='Sign Out']
17:35:45.703 INFO  manager.ListenerWD - After find elements By ----> By.xpath: //button[text()='Sign Out']
17:35:45.703 INFO  manager.ListenerWD - List size ---1
17:35:45.703 INFO  TestBase - Assert check is Sign button Present
17:35:45.704 INFO  TestBase - Start test with name:loginSuccessModel
17:35:45.705 INFO  TestBase - Start checking authorisation
17:35:45.705 INFO  manager.ListenerWD - Before find elements By ----> By.xpath: //button[text()='Sign Out']
17:35:45.719 INFO  manager.ListenerWD - After find elements By ----> By.xpath: //button[text()='Sign Out']
17:35:45.719 INFO  manager.ListenerWD - List size ---1
17:35:45.720 INFO  manager.ListenerWD - Before find element By ----> By.xpath: //button[text()='Sign Out']
17:35:45.735 INFO  manager.ListenerWD - After find element By ----> By.xpath: //button[text()='Sign Out']
17:35:45.774 INFO  TestBase - Test has needed logout
17:35:45.775 INFO  TestBase - test started------------Login success Model
17:35:45.775 INFO  manager.ListenerWD - Before find element By ----> By.xpath: //a[@href='/login']
17:35:45.790 INFO  manager.ListenerWD - After find element By ----> By.xpath: //a[@href='/login']
17:35:45.821 INFO  manager.ListenerWD - Before find element By ----> By.xpath: //input[@placeholder='Email']
17:35:45.835 INFO  manager.ListenerWD - After find element By ----> By.xpath: //input[@placeholder='Email']
17:35:45.917 INFO  manager.ListenerWD - Before find element By ----> By.xpath: //input[@placeholder='Password']
17:35:45.930 INFO  manager.ListenerWD - After find element By ----> By.xpath: //input[@placeholder='Password']
17:35:46.001 INFO  manager.ListenerWD - Before find element By ----> By.xpath: //*[text()=' Login']
17:35:46.013 INFO  manager.ListenerWD - After find element By ----> By.xpath: //*[text()=' Login']
17:35:46.041 INFO  manager.ListenerWD - Before find elements By ----> By.xpath: //button[text()='Sign Out']
17:35:46.184 INFO  manager.ListenerWD - After find elements By ----> By.xpath: //button[text()='Sign Out']
17:35:46.185 INFO  manager.ListenerWD - List size ---1
17:35:46.185 INFO  TestBase - Assert passed(Model)
