17:22:02.320 INFO  manager.ApplicationManager - Chrome driver opened
17:22:03.894 INFO  manager.ApplicationManager - Current URL is --:https://contacts-app.tobbymarshall815.vercel.app/home
17:22:03.922 INFO  TestBase - Start test with name:loginNegativeWrongEmailFormat
17:22:03.924 INFO  TestBase - Start checking authorisation
17:22:06.928 INFO  manager.ListenerWD - Before find elements By ----> By.xpath: //button[text()='Sign Out']
17:22:11.946 INFO  manager.ListenerWD - After find elements By ----> By.xpath: //button[text()='Sign Out']
17:22:11.948 INFO  manager.ListenerWD - List size ---0
17:22:11.948 INFO  TestBase - Test has not needed logout
17:22:11.950 INFO  manager.ListenerWD - Before find element By ----> By.xpath: //a[@href='/login']
17:22:11.973 INFO  manager.ListenerWD - After find element By ----> By.xpath: //a[@href='/login']
17:22:12.032 INFO  manager.ListenerWD - Before find element By ----> By.xpath: //input[@placeholder='Email']
17:22:12.056 INFO  manager.ListenerWD - After find element By ----> By.xpath: //input[@placeholder='Email']
17:22:12.163 INFO  manager.ListenerWD - Before find element By ----> By.xpath: //input[@placeholder='Password']
17:22:12.183 INFO  manager.ListenerWD - After find element By ----> By.xpath: //input[@placeholder='Password']
17:22:12.279 INFO  manager.ListenerWD - Before find element By ----> By.xpath: //*[text()=' Login']
17:22:12.298 INFO  manager.ListenerWD - After find element By ----> By.xpath: //*[text()=' Login']
17:22:12.344 INFO  manager.ListenerWD - We have a 'PROBLEM'
17:22:12.344 INFO  manager.ListenerWD - The name of error method ---alert
17:22:12.347 INFO  manager.ListenerWD - Describe of error ---org.openqa.selenium.NoAlertPresentException: no such alert
  (Session info: chrome=105.0.5195.127)
Build info: version: '4.4.0', revision: 'e5c75ed026a'
System info: host: 'LAPTOP-MOSO9MHA', ip: '192.168.1.12', os.name: 'Windows 10', os.arch: 'amd64', os.version: '10.0', java.version: '11.0.16.1'
Driver info: org.openqa.selenium.chrome.ChromeDriver
Command: [7183e31b04700c70ad912390159d7f1b, getAlertText {}]
Capabilities {acceptInsecureCerts: false, browserName: chrome, browserVersion: 105.0.5195.127, chrome: {chromedriverVersion: 104.0.5112.79 (3cf3e8c8a07d..., userDataDir: C:\Users\User\AppData\Local...}, goog:chromeOptions: {debuggerAddress: localhost:62213}, networkConnectionEnabled: false, pageLoadStrategy: normal, platformName: WINDOWS, proxy: Proxy(), se:cdp: ws://localhost:62213/devtoo..., se:cdpVersion: 105.0.5195.127, setWindowRect: true, strictFileInteractability: false, timeouts: {implicit: 0, pageLoad: 300000, script: 30000}, unhandledPromptBehavior: dismiss and notify, webauthn:extension:credBlob: true, webauthn:extension:largeBlob: true, webauthn:virtualAuthenticators: true}
Session ID: 7183e31b04700c70ad912390159d7f1b
17:22:12.347 INFO  manager.ListenerWD - **********
17:22:12.348 INFO  manager.ListenerWD - org.openqa.selenium.remote.RemoteWebDriver$RemoteTargetLocator@4bdf
17:22:12.355 INFO  manager.ListenerWD - Screen with error is :1810  src/test/screenshots/screen1810.png
17:22:12.363 INFO  TestBase - Start test with name:loginNegativeWrongPasswordFormat
17:22:12.364 INFO  TestBase - Start checking authorisation
17:22:15.378 INFO  manager.ListenerWD - Before find elements By ----> By.xpath: //button[text()='Sign Out']
17:22:15.384 INFO  manager.ListenerWD - We have a 'PROBLEM'
17:22:15.385 INFO  manager.ListenerWD - The name of error method ---findElements
17:22:15.385 INFO  manager.ListenerWD - Describe of error ---org.openqa.selenium.UnhandledAlertException: unexpected alert open: {Alert text : Wrong email or password format
            Email must contains one @ and minimum 2 symbols after last dot
            Password must contain at least one uppercase letter!
            Password must contain at least one lowercase letter!
            Password must contain at least one digit!
            Password must contain at least one special symbol from [‘$’,’~’,’-‘,’_’]!}
  (Session info: chrome=105.0.5195.127): Wrong email or password format
            Email must contains one @ and minimum 2 symbols after last dot
            Password must contain at least one uppercase letter!
            Password must contain at least one lowercase letter!
            Password must contain at least one digit!
            Password must contain at least one special symbol from [‘$’,’~’,’-‘,’_’]!
Build info: version: '4.4.0', revision: 'e5c75ed026a'
System info: host: 'LAPTOP-MOSO9MHA', ip: '192.168.1.12', os.name: 'Windows 10', os.arch: 'amd64', os.version: '10.0', java.version: '11.0.16.1'
Driver info: org.openqa.selenium.chrome.ChromeDriver
Command: [7183e31b04700c70ad912390159d7f1b, findElements {using=xpath, value=//button[text()='Sign Out']}]
Capabilities {acceptInsecureCerts: false, browserName: chrome, browserVersion: 105.0.5195.127, chrome: {chromedriverVersion: 104.0.5112.79 (3cf3e8c8a07d..., userDataDir: C:\Users\User\AppData\Local...}, goog:chromeOptions: {debuggerAddress: localhost:62213}, networkConnectionEnabled: false, pageLoadStrategy: normal, platformName: WINDOWS, proxy: Proxy(), se:cdp: ws://localhost:62213/devtoo..., se:cdpVersion: 105.0.5195.127, setWindowRect: true, strictFileInteractability: false, timeouts: {implicit: 0, pageLoad: 300000, script: 30000}, unhandledPromptBehavior: dismiss and notify, webauthn:extension:credBlob: true, webauthn:extension:largeBlob: true, webauthn:virtualAuthenticators: true}
Session ID: 7183e31b04700c70ad912390159d7f1b
17:22:15.387 INFO  manager.ListenerWD - **********
17:22:15.387 INFO  manager.ListenerWD - ChromeDriver: chrome on WINDOWS (7183e31b04700c70ad912390159d7f1b)
17:22:15.387 INFO  manager.ListenerWD - Screen with error is :1839  src/test/screenshots/screen1839.png
