17:07:37.829 INFO  manager.ApplicationManager - Chrome driver opened
17:07:39.230 INFO  manager.ApplicationManager - Current URL is --:https://contacts-app.tobbymarshall815.vercel.app/home
17:07:39.266 INFO  TestBase - Start test with name:addNewContactWrongName
17:07:39.270 INFO  manager.ListenerWD - Before find elements By ----> By.xpath: //button[text()='Sign Out']
17:07:44.342 INFO  manager.ListenerWD - After find elements By ----> By.xpath: //button[text()='Sign Out']
17:07:44.344 INFO  manager.ListenerWD - List size ---0
17:07:44.345 INFO  manager.ListenerWD - Before find element By ----> By.xpath: //a[@href='/login']
17:07:44.370 INFO  manager.ListenerWD - After find element By ----> By.xpath: //a[@href='/login']
17:07:44.425 INFO  manager.ListenerWD - Before find element By ----> By.xpath: //input[@placeholder='Email']
17:07:44.453 INFO  manager.ListenerWD - After find element By ----> By.xpath: //input[@placeholder='Email']
17:07:44.552 INFO  manager.ListenerWD - Before find element By ----> By.xpath: //input[@placeholder='Password']
17:07:44.572 INFO  manager.ListenerWD - After find element By ----> By.xpath: //input[@placeholder='Password']
17:07:44.671 INFO  manager.ListenerWD - Before find element By ----> By.xpath: //*[text()=' Login']
17:07:44.689 INFO  manager.ListenerWD - After find element By ----> By.xpath: //*[text()=' Login']
17:07:44.722 INFO  manager.ListenerWD - Before find element By ----> By.cssSelector: a[href = '/add']
17:07:45.437 INFO  manager.ListenerWD - After find element By ----> By.cssSelector: a[href = '/add']
17:07:45.475 INFO  manager.ListenerWD - Before find element By ----> By.xpath: //input[@placeholder='Name']
17:07:45.503 INFO  manager.ListenerWD - After find element By ----> By.xpath: //input[@placeholder='Name']
17:07:45.585 INFO  manager.ListenerWD - Before find element By ----> By.xpath: //input[@placeholder='Last Name']
17:07:45.602 INFO  manager.ListenerWD - After find element By ----> By.xpath: //input[@placeholder='Last Name']
17:07:45.682 INFO  manager.ListenerWD - Before find element By ----> By.xpath: //input[@placeholder='Phone']
17:07:45.701 INFO  manager.ListenerWD - After find element By ----> By.xpath: //input[@placeholder='Phone']
17:07:45.794 INFO  manager.ListenerWD - Before find element By ----> By.xpath: //input[@placeholder='email']
17:07:45.816 INFO  manager.ListenerWD - After find element By ----> By.xpath: //input[@placeholder='email']
17:07:45.902 INFO  manager.ListenerWD - Before find element By ----> By.xpath: //input[@placeholder='Address']
17:07:45.922 INFO  manager.ListenerWD - After find element By ----> By.xpath: //input[@placeholder='Address']
17:07:46.007 INFO  manager.ListenerWD - Before find element By ----> By.cssSelector: [placeholder='description']
17:07:46.023 INFO  manager.ListenerWD - After find element By ----> By.cssSelector: [placeholder='description']
17:07:46.062 INFO  manager.ListenerWD - Before find element By ----> By.xpath: //b[text()='Save']
17:07:46.082 INFO  manager.ListenerWD - After find element By ----> By.xpath: //b[text()='Save']
17:07:46.107 INFO  manager.ListenerWD - Before find element By ----> By.cssSelector: [placeholder='description']
17:07:46.122 INFO  manager.ListenerWD - After find element By ----> By.cssSelector: [placeholder='description']
17:07:46.148 INFO  manager.ListenerWD - Before find element By ----> By.cssSelector: [placeholder='description']
17:07:46.161 INFO  manager.ListenerWD - After find element By ----> By.cssSelector: [placeholder='description']
17:07:46.187 INFO  manager.ListenerWD - Before find element By ----> By.cssSelector: [placeholder='description']
17:07:46.202 INFO  manager.ListenerWD - After find element By ----> By.cssSelector: [placeholder='description']
17:07:46.226 INFO  manager.ListenerWD - Before find element By ----> By.cssSelector: [placeholder='description']
17:07:46.239 INFO  manager.ListenerWD - After find element By ----> By.cssSelector: [placeholder='description']
17:07:46.266 INFO  manager.ListenerWD - Before find element By ----> By.cssSelector: [placeholder='description']
17:07:46.279 INFO  manager.ListenerWD - After find element By ----> By.cssSelector: [placeholder='description']
17:07:46.305 INFO  manager.ListenerWD - Before find element By ----> By.cssSelector: [placeholder='description']
17:07:46.320 INFO  manager.ListenerWD - After find element By ----> By.cssSelector: [placeholder='description']
17:07:46.345 INFO  manager.ListenerWD - Before find element By ----> By.cssSelector: [placeholder='description']
17:07:46.358 INFO  manager.ListenerWD - After find element By ----> By.cssSelector: [placeholder='description']
17:07:46.388 INFO  manager.ListenerWD - Before find element By ----> By.cssSelector: [placeholder='description']
17:07:46.402 INFO  manager.ListenerWD - After find element By ----> By.cssSelector: [placeholder='description']
17:07:46.432 INFO  manager.ListenerWD - Before find elements By ----> By.cssSelector: a.active[href='/add']
17:07:46.449 INFO  manager.ListenerWD - After find elements By ----> By.cssSelector: a.active[href='/add']
17:07:46.449 INFO  manager.ListenerWD - List size ---1
