22:41:41.600 INFO  manager.ApplicationManager - Chrome driver opened
22:41:43.059 INFO  manager.ApplicationManager - Current URL is --:https://contacts-app.tobbymarshall815.vercel.app/home
22:41:43.085 INFO  TestBase - Start test with name:RemoveAllContacts
22:41:43.087 INFO  manager.ListenerWD - Before find elements By ----> By.xpath: //button[text()='Sign Out']
22:41:48.117 INFO  manager.ListenerWD - After find elements By ----> By.xpath: //button[text()='Sign Out']
22:41:48.119 INFO  manager.ListenerWD - List size ---0
22:41:48.120 INFO  manager.ListenerWD - Before find element By ----> By.xpath: //a[@href='/login']
22:41:48.157 INFO  manager.ListenerWD - After find element By ----> By.xpath: //a[@href='/login']
22:41:48.222 INFO  manager.ListenerWD - Before find element By ----> By.xpath: //input[@placeholder='Email']
22:41:48.250 INFO  manager.ListenerWD - After find element By ----> By.xpath: //input[@placeholder='Email']
22:41:48.365 INFO  manager.ListenerWD - Before find element By ----> By.xpath: //input[@placeholder='Password']
22:41:48.387 INFO  manager.ListenerWD - After find element By ----> By.xpath: //input[@placeholder='Password']
22:41:48.470 INFO  manager.ListenerWD - Before find element By ----> By.xpath: //*[text()=' Login']
22:41:48.490 INFO  manager.ListenerWD - After find element By ----> By.xpath: //*[text()=' Login']
22:41:48.517 INFO  manager.ListenerWD - Before find elements By ----> By.cssSelector: .contact-item_card__2SOIM
22:41:53.548 INFO  manager.ListenerWD - After find elements By ----> By.cssSelector: .contact-item_card__2SOIM
22:41:53.549 INFO  manager.ListenerWD - List size ---0
22:41:53.555 INFO  manager.ListenerWD - Before find element By ----> By.cssSelector: a[href = '/add']
22:41:53.574 INFO  manager.ListenerWD - After find element By ----> By.cssSelector: a[href = '/add']
22:41:53.651 INFO  manager.ListenerWD - Before find element By ----> By.xpath: //input[@placeholder='Name']
22:41:53.678 INFO  manager.ListenerWD - After find element By ----> By.xpath: //input[@placeholder='Name']
22:41:53.765 INFO  manager.ListenerWD - Before find element By ----> By.xpath: //input[@placeholder='Last Name']
22:41:53.782 INFO  manager.ListenerWD - After find element By ----> By.xpath: //input[@placeholder='Last Name']
22:41:53.860 INFO  manager.ListenerWD - Before find element By ----> By.xpath: //input[@placeholder='Phone']
22:41:53.879 INFO  manager.ListenerWD - After find element By ----> By.xpath: //input[@placeholder='Phone']
22:41:53.965 INFO  manager.ListenerWD - Before find element By ----> By.xpath: //input[@placeholder='email']
22:41:53.984 INFO  manager.ListenerWD - After find element By ----> By.xpath: //input[@placeholder='email']
22:41:54.072 INFO  manager.ListenerWD - Before find element By ----> By.xpath: //input[@placeholder='Address']
22:41:54.092 INFO  manager.ListenerWD - After find element By ----> By.xpath: //input[@placeholder='Address']
22:41:54.180 INFO  manager.ListenerWD - Before find element By ----> By.cssSelector: [placeholder='description']
22:41:54.195 INFO  manager.ListenerWD - After find element By ----> By.cssSelector: [placeholder='description']
22:41:54.235 INFO  manager.ListenerWD - Before find element By ----> By.xpath: //b[text()='Save']
22:41:54.254 INFO  manager.ListenerWD - After find element By ----> By.xpath: //b[text()='Save']
22:41:54.282 INFO  manager.ListenerWD - Before find elements By ----> By.cssSelector: .contact-item_card__2SOIM
22:41:54.702 INFO  manager.ListenerWD - After find elements By ----> By.cssSelector: .contact-item_card__2SOIM
22:41:54.703 INFO  manager.ListenerWD - List size ---1
22:41:54.703 INFO  manager.ListenerWD - Before find element By ----> By.cssSelector: .contact-item_card__2SOIM
22:41:54.718 INFO  manager.ListenerWD - After find element By ----> By.cssSelector: .contact-item_card__2SOIM
22:41:54.754 INFO  manager.ListenerWD - Before find element By ----> By.xpath: //button[text()='Remove']
22:41:54.773 INFO  manager.ListenerWD - After find element By ----> By.xpath: //button[text()='Remove']
22:41:55.303 INFO  manager.ListenerWD - Before find elements By ----> By.cssSelector: .contact-item_card__2SOIM
22:41:59.604 INFO  manager.ListenerWD - After find elements By ----> By.cssSelector: .contact-item_card__2SOIM
22:41:59.604 INFO  manager.ListenerWD - List size ---0
22:41:59.610 INFO  manager.ListenerWD - Before find element By ----> By.cssSelector: .contact-page_message__2qafk h1
22:41:59.634 INFO  manager.ListenerWD - We have a 'PROBLEM'
22:41:59.635 INFO  manager.ListenerWD - The name of error method ---findElement
22:41:59.642 INFO  manager.ListenerWD - Describe of error ---org.openqa.selenium.NoSuchWindowException: no such window: target window already closed
from unknown error: web view not found
  (Session info: chrome=105.0.5195.127)
Build info: version: '4.4.0', revision: 'e5c75ed026a'
System info: host: 'LAPTOP-MOSO9MHA', ip: '192.168.1.12', os.name: 'Windows 10', os.arch: 'amd64', os.version: '10.0', java.version: '11.0.16.1'
Driver info: org.openqa.selenium.chrome.ChromeDriver
Command: [ebb8760351c81e28775af747a1707824, findElement {using=css selector, value=.contact-page_message__2qafk h1}]
Capabilities {acceptInsecureCerts: false, browserName: chrome, browserVersion: 105.0.5195.127, chrome: {chromedriverVersion: 104.0.5112.79 (3cf3e8c8a07d..., userDataDir: C:\Users\User\AppData\Local...}, goog:chromeOptions: {debuggerAddress: localhost:52068}, networkConnectionEnabled: false, pageLoadStrategy: normal, platformName: WINDOWS, proxy: Proxy(), se:cdp: ws://localhost:52068/devtoo..., se:cdpVersion: 105.0.5195.127, setWindowRect: true, strictFileInteractability: false, timeouts: {implicit: 0, pageLoad: 300000, script: 30000}, unhandledPromptBehavior: dismiss and notify, webauthn:extension:credBlob: true, webauthn:extension:largeBlob: true, webauthn:virtualAuthenticators: true}
Session ID: ebb8760351c81e28775af747a1707824
22:41:59.642 INFO  manager.ListenerWD - **********
22:41:59.643 INFO  manager.ListenerWD - ChromeDriver: chrome on WINDOWS (ebb8760351c81e28775af747a1707824)
22:41:59.656 INFO  manager.ListenerWD - Screen with error is :1970  src/test/screenshots/screen1970.png
