16:36:38.393 INFO  manager.ApplicationManager - Chrome driver opened
16:36:39.750 INFO  manager.ApplicationManager - Current URL is --:https://contacts-app.tobbymarshall815.vercel.app/home
16:36:39.781 INFO  TestBase - Start test with name:RegistrationSuccess1
16:36:39.783 INFO  manager.ListenerWD - Before find elements By ----> By.xpath: //button[text()='Sign Out']
16:36:44.832 INFO  manager.ListenerWD - After find elements By ----> By.xpath: //button[text()='Sign Out']
16:36:44.834 INFO  manager.ListenerWD - List size ---0
16:36:44.839 INFO  manager.ListenerWD - Before find element By ----> By.xpath: //a[@href='/login']
16:36:44.867 INFO  manager.ListenerWD - After find element By ----> By.xpath: //a[@href='/login']
16:36:44.926 INFO  manager.ListenerWD - Before find element By ----> By.xpath: //input[@placeholder='Email']
16:36:44.953 INFO  manager.ListenerWD - After find element By ----> By.xpath: //input[@placeholder='Email']
16:36:45.058 INFO  manager.ListenerWD - Before find element By ----> By.xpath: //input[@placeholder='Password']
16:36:45.077 INFO  manager.ListenerWD - After find element By ----> By.xpath: //input[@placeholder='Password']
16:36:45.169 INFO  manager.ListenerWD - Before find element By ----> By.xpath: //button[text()=' Registration']
16:36:45.188 INFO  manager.ListenerWD - After find element By ----> By.xpath: //button[text()=' Registration']
16:36:45.216 INFO  manager.ListenerWD - Before find elements By ----> By.xpath: //button[text()='Sign Out']
16:36:45.931 INFO  manager.ListenerWD - After find elements By ----> By.xpath: //button[text()='Sign Out']
16:36:45.931 INFO  manager.ListenerWD - List size ---1
16:36:45.955 INFO  manager.ListenerWD - Before find element By ----> By.cssSelector: div.contact-page_message__2qafk>h1
16:36:46.133 INFO  manager.ListenerWD - After find element By ----> By.cssSelector: div.contact-page_message__2qafk>h1
16:36:46.157 INFO  TestBase - Start test with name:registrationNegativeUserAlreadyExists
16:36:46.157 INFO  manager.ListenerWD - Before find elements By ----> By.xpath: //button[text()='Sign Out']
16:36:46.172 INFO  manager.ListenerWD - After find elements By ----> By.xpath: //button[text()='Sign Out']
16:36:46.172 INFO  manager.ListenerWD - List size ---1
16:36:46.172 INFO  manager.ListenerWD - Before find element By ----> By.xpath: //button[text()='Sign Out']
16:36:46.190 INFO  manager.ListenerWD - After find element By ----> By.xpath: //button[text()='Sign Out']
16:36:46.231 INFO  manager.ListenerWD - Before find element By ----> By.xpath: //a[@href='/login']
16:36:46.250 INFO  manager.ListenerWD - After find element By ----> By.xpath: //a[@href='/login']
16:36:46.281 INFO  manager.ListenerWD - Before find element By ----> By.xpath: //input[@placeholder='Email']
16:36:46.295 INFO  manager.ListenerWD - After find element By ----> By.xpath: //input[@placeholder='Email']
16:36:46.383 INFO  manager.ListenerWD - Before find element By ----> By.xpath: //input[@placeholder='Password']
16:36:46.399 INFO  manager.ListenerWD - After find element By ----> By.xpath: //input[@placeholder='Password']
16:36:46.479 INFO  manager.ListenerWD - Before find element By ----> By.xpath: //button[text()=' Registration']
16:36:46.494 INFO  manager.ListenerWD - After find element By ----> By.xpath: //button[text()=' Registration']
16:36:46.523 INFO  manager.ListenerWD - Before find elements By ----> By.xpath: //button[text()='Sign Out']
16:36:46.656 INFO  manager.ListenerWD - After find elements By ----> By.xpath: //button[text()='Sign Out']
16:36:46.656 INFO  manager.ListenerWD - List size ---0
16:36:49.699 INFO  TestBase - Start test with name:registrationNegativeWrongEmailFormat
16:36:49.700 INFO  manager.ListenerWD - Before find elements By ----> By.xpath: //button[text()='Sign Out']
16:36:54.736 INFO  manager.ListenerWD - After find elements By ----> By.xpath: //button[text()='Sign Out']
16:36:54.736 INFO  manager.ListenerWD - List size ---0
16:36:54.736 INFO  manager.ListenerWD - Before find element By ----> By.xpath: //a[@href='/login']
16:36:54.751 INFO  manager.ListenerWD - After find element By ----> By.xpath: //a[@href='/login']
16:36:54.772 INFO  manager.ListenerWD - Before find element By ----> By.xpath: //input[@placeholder='Email']
16:36:54.790 INFO  manager.ListenerWD - After find element By ----> By.xpath: //input[@placeholder='Email']
16:36:54.900 INFO  manager.ListenerWD - Before find element By ----> By.xpath: //input[@placeholder='Password']
16:36:54.914 INFO  manager.ListenerWD - After find element By ----> By.xpath: //input[@placeholder='Password']
16:36:55.013 INFO  manager.ListenerWD - Before find element By ----> By.xpath: //button[text()=' Registration']
16:36:55.026 INFO  manager.ListenerWD - After find element By ----> By.xpath: //button[text()=' Registration']
16:36:55.057 INFO  manager.ListenerWD - Before find elements By ----> By.xpath: //button[text()='Sign Out']
16:36:55.253 INFO  manager.ListenerWD - After find elements By ----> By.xpath: //button[text()='Sign Out']
16:36:55.253 INFO  manager.ListenerWD - List size ---0
16:36:55.281 INFO  TestBase - Start test with name:registrationNegativeWrongPasswordFormat
16:36:55.282 INFO  manager.ListenerWD - Before find elements By ----> By.xpath: //button[text()='Sign Out']
16:37:00.293 INFO  manager.ListenerWD - After find elements By ----> By.xpath: //button[text()='Sign Out']
16:37:00.293 INFO  manager.ListenerWD - List size ---0
16:37:00.294 INFO  manager.ListenerWD - Before find element By ----> By.xpath: //a[@href='/login']
16:37:00.306 INFO  manager.ListenerWD - After find element By ----> By.xpath: //a[@href='/login']
16:37:00.329 INFO  manager.ListenerWD - Before find element By ----> By.xpath: //input[@placeholder='Email']
16:37:00.343 INFO  manager.ListenerWD - After find element By ----> By.xpath: //input[@placeholder='Email']
16:37:00.454 INFO  manager.ListenerWD - Before find element By ----> By.xpath: //input[@placeholder='Password']
16:37:00.467 INFO  manager.ListenerWD - After find element By ----> By.xpath: //input[@placeholder='Password']
16:37:00.565 INFO  manager.ListenerWD - Before find element By ----> By.xpath: //button[text()=' Registration']
16:37:00.578 INFO  manager.ListenerWD - After find element By ----> By.xpath: //button[text()=' Registration']
16:37:00.611 INFO  manager.ListenerWD - Before find elements By ----> By.xpath: //button[text()='Sign Out']
16:37:00.754 INFO  manager.ListenerWD - After find elements By ----> By.xpath: //button[text()='Sign Out']
16:37:00.754 INFO  manager.ListenerWD - List size ---0
