22:43:35.939 INFO  manager.ApplicationManager - Chrome driver opened
22:43:37.321 INFO  manager.ApplicationManager - Current URL is --:https://contacts-app.tobbymarshall815.vercel.app/home
22:43:37.347 INFO  TestBase - Start test with name:RemoveAllContacts
22:43:37.349 INFO  manager.ListenerWD - Before find elements By ----> By.xpath: //button[text()='Sign Out']
22:43:42.408 INFO  manager.ListenerWD - After find elements By ----> By.xpath: //button[text()='Sign Out']
22:43:42.409 INFO  manager.ListenerWD - List size ---0
22:43:42.411 INFO  manager.ListenerWD - Before find element By ----> By.xpath: //a[@href='/login']
22:43:42.437 INFO  manager.ListenerWD - After find element By ----> By.xpath: //a[@href='/login']
22:43:42.495 INFO  manager.ListenerWD - Before find element By ----> By.xpath: //input[@placeholder='Email']
22:43:42.526 INFO  manager.ListenerWD - After find element By ----> By.xpath: //input[@placeholder='Email']
22:43:42.631 INFO  manager.ListenerWD - Before find element By ----> By.xpath: //input[@placeholder='Password']
22:43:42.655 INFO  manager.ListenerWD - After find element By ----> By.xpath: //input[@placeholder='Password']
22:43:42.740 INFO  manager.ListenerWD - Before find element By ----> By.xpath: //*[text()=' Login']
22:43:42.759 INFO  manager.ListenerWD - After find element By ----> By.xpath: //*[text()=' Login']
22:43:42.787 INFO  manager.ListenerWD - Before find elements By ----> By.cssSelector: .contact-item_card__2SOIM
22:43:47.830 INFO  manager.ListenerWD - After find elements By ----> By.cssSelector: .contact-item_card__2SOIM
22:43:47.831 INFO  manager.ListenerWD - List size ---0
22:43:47.844 INFO  manager.ListenerWD - Before find element By ----> By.cssSelector: a[href = '/add']
22:43:47.864 INFO  manager.ListenerWD - After find element By ----> By.cssSelector: a[href = '/add']
22:43:47.900 INFO  manager.ListenerWD - Before find element By ----> By.xpath: //input[@placeholder='Name']
22:43:47.921 INFO  manager.ListenerWD - After find element By ----> By.xpath: //input[@placeholder='Name']
22:43:48.007 INFO  manager.ListenerWD - Before find element By ----> By.xpath: //input[@placeholder='Last Name']
22:43:48.025 INFO  manager.ListenerWD - After find element By ----> By.xpath: //input[@placeholder='Last Name']
22:43:48.106 INFO  manager.ListenerWD - Before find element By ----> By.xpath: //input[@placeholder='Phone']
22:43:48.123 INFO  manager.ListenerWD - After find element By ----> By.xpath: //input[@placeholder='Phone']
22:43:48.206 INFO  manager.ListenerWD - Before find element By ----> By.xpath: //input[@placeholder='email']
22:43:48.225 INFO  manager.ListenerWD - After find element By ----> By.xpath: //input[@placeholder='email']
22:43:48.311 INFO  manager.ListenerWD - Before find element By ----> By.xpath: //input[@placeholder='Address']
22:43:48.331 INFO  manager.ListenerWD - After find element By ----> By.xpath: //input[@placeholder='Address']
22:43:48.413 INFO  manager.ListenerWD - Before find element By ----> By.cssSelector: [placeholder='description']
22:43:48.430 INFO  manager.ListenerWD - After find element By ----> By.cssSelector: [placeholder='description']
22:43:48.471 INFO  manager.ListenerWD - Before find element By ----> By.xpath: //b[text()='Save']
22:43:48.495 INFO  manager.ListenerWD - After find element By ----> By.xpath: //b[text()='Save']
22:43:48.524 INFO  manager.ListenerWD - Before find element By ----> By.cssSelector: a[href = '/add']
22:43:48.537 INFO  manager.ListenerWD - After find element By ----> By.cssSelector: a[href = '/add']
22:43:48.788 INFO  manager.ListenerWD - Before find element By ----> By.xpath: //input[@placeholder='Name']
22:43:48.804 INFO  manager.ListenerWD - After find element By ----> By.xpath: //input[@placeholder='Name']
22:43:48.891 INFO  manager.ListenerWD - Before find element By ----> By.xpath: //input[@placeholder='Last Name']
22:43:48.905 INFO  manager.ListenerWD - After find element By ----> By.xpath: //input[@placeholder='Last Name']
22:43:48.985 INFO  manager.ListenerWD - Before find element By ----> By.xpath: //input[@placeholder='Phone']
22:43:48.998 INFO  manager.ListenerWD - After find element By ----> By.xpath: //input[@placeholder='Phone']
22:43:49.086 INFO  manager.ListenerWD - Before find element By ----> By.xpath: //input[@placeholder='email']
22:43:49.100 INFO  manager.ListenerWD - After find element By ----> By.xpath: //input[@placeholder='email']
22:43:49.189 INFO  manager.ListenerWD - Before find element By ----> By.xpath: //input[@placeholder='Address']
22:43:49.204 INFO  manager.ListenerWD - After find element By ----> By.xpath: //input[@placeholder='Address']
22:43:49.286 INFO  manager.ListenerWD - Before find element By ----> By.cssSelector: [placeholder='description']
22:43:49.300 INFO  manager.ListenerWD - After find element By ----> By.cssSelector: [placeholder='description']
22:43:49.343 INFO  manager.ListenerWD - Before find element By ----> By.xpath: //b[text()='Save']
22:43:49.357 INFO  manager.ListenerWD - After find element By ----> By.xpath: //b[text()='Save']
22:43:49.385 INFO  manager.ListenerWD - Before find element By ----> By.cssSelector: a[href = '/add']
22:43:49.398 INFO  manager.ListenerWD - After find element By ----> By.cssSelector: a[href = '/add']
22:43:49.566 INFO  manager.ListenerWD - Before find element By ----> By.xpath: //input[@placeholder='Name']
22:43:49.582 INFO  manager.ListenerWD - After find element By ----> By.xpath: //input[@placeholder='Name']
22:43:49.665 INFO  manager.ListenerWD - Before find element By ----> By.xpath: //input[@placeholder='Last Name']
22:43:49.677 INFO  manager.ListenerWD - After find element By ----> By.xpath: //input[@placeholder='Last Name']
22:43:49.762 INFO  manager.ListenerWD - Before find element By ----> By.xpath: //input[@placeholder='Phone']
22:43:49.779 INFO  manager.ListenerWD - After find element By ----> By.xpath: //input[@placeholder='Phone']
22:43:49.881 INFO  manager.ListenerWD - Before find element By ----> By.xpath: //input[@placeholder='email']
22:43:49.894 INFO  manager.ListenerWD - After find element By ----> By.xpath: //input[@placeholder='email']
22:43:49.984 INFO  manager.ListenerWD - Before find element By ----> By.xpath: //input[@placeholder='Address']
22:43:49.996 INFO  manager.ListenerWD - After find element By ----> By.xpath: //input[@placeholder='Address']
22:43:50.071 INFO  manager.ListenerWD - Before find element By ----> By.cssSelector: [placeholder='description']
22:43:50.089 INFO  manager.ListenerWD - After find element By ----> By.cssSelector: [placeholder='description']
22:43:50.131 INFO  manager.ListenerWD - Before find element By ----> By.xpath: //b[text()='Save']
22:43:50.147 INFO  manager.ListenerWD - After find element By ----> By.xpath: //b[text()='Save']
22:43:50.178 INFO  manager.ListenerWD - Before find elements By ----> By.cssSelector: .contact-item_card__2SOIM
22:43:50.525 INFO  manager.ListenerWD - After find elements By ----> By.cssSelector: .contact-item_card__2SOIM
22:43:50.525 INFO  manager.ListenerWD - List size ---3
22:43:50.525 INFO  manager.ListenerWD - Before find element By ----> By.cssSelector: .contact-item_card__2SOIM
22:43:50.545 INFO  manager.ListenerWD - After find element By ----> By.cssSelector: .contact-item_card__2SOIM
22:43:50.595 INFO  manager.ListenerWD - Before find element By ----> By.xpath: //button[text()='Remove']
22:43:50.618 INFO  manager.ListenerWD - After find element By ----> By.xpath: //button[text()='Remove']
22:43:51.146 INFO  manager.ListenerWD - Before find elements By ----> By.cssSelector: .contact-item_card__2SOIM
22:43:51.194 INFO  manager.ListenerWD - After find elements By ----> By.cssSelector: .contact-item_card__2SOIM
22:43:51.194 INFO  manager.ListenerWD - List size ---3
22:43:51.194 INFO  manager.ListenerWD - Before find element By ----> By.cssSelector: .contact-item_card__2SOIM
22:43:51.205 INFO  manager.ListenerWD - After find element By ----> By.cssSelector: .contact-item_card__2SOIM
22:43:51.232 INFO  manager.ListenerWD - Before find element By ----> By.xpath: //button[text()='Remove']
22:43:51.245 INFO  manager.ListenerWD - After find element By ----> By.xpath: //button[text()='Remove']
22:43:51.776 INFO  manager.ListenerWD - Before find elements By ----> By.cssSelector: .contact-item_card__2SOIM
22:43:51.794 INFO  manager.ListenerWD - After find elements By ----> By.cssSelector: .contact-item_card__2SOIM
22:43:51.795 INFO  manager.ListenerWD - List size ---1
22:43:51.795 INFO  manager.ListenerWD - Before find element By ----> By.cssSelector: .contact-item_card__2SOIM
22:43:51.806 INFO  manager.ListenerWD - After find element By ----> By.cssSelector: .contact-item_card__2SOIM
22:43:51.830 INFO  manager.ListenerWD - Before find element By ----> By.xpath: //button[text()='Remove']
22:43:51.843 INFO  manager.ListenerWD - After find element By ----> By.xpath: //button[text()='Remove']
22:43:52.388 INFO  manager.ListenerWD - Before find elements By ----> By.cssSelector: .contact-item_card__2SOIM
22:43:57.435 INFO  manager.ListenerWD - After find elements By ----> By.cssSelector: .contact-item_card__2SOIM
22:43:57.436 INFO  manager.ListenerWD - List size ---0
22:43:57.440 INFO  manager.ListenerWD - Before find element By ----> By.cssSelector: .contact-page_message__2qafk h1
22:43:57.458 INFO  manager.ListenerWD - After find element By ----> By.cssSelector: .contact-page_message__2qafk h1
