16:18:04.800 INFO  manager.ApplicationManager - Chrome driver opened
16:18:06.534 INFO  manager.ApplicationManager - Current URL is --:https://contacts-app.tobbymarshall815.vercel.app/home
16:18:06.568 INFO  TestBase - Start test with name:addNewContactSuccess
16:18:06.570 INFO  manager.ListenerWD - Before find elements By ----> By.xpath: //button[text()='Sign Out']
16:18:11.591 INFO  manager.ListenerWD - After find elements By ----> By.xpath: //button[text()='Sign Out']
16:18:11.593 INFO  manager.ListenerWD - List size ---0
16:18:11.594 INFO  manager.ListenerWD - Before find element By ----> By.xpath: //a[@href='/login']
16:18:11.622 INFO  manager.ListenerWD - After find element By ----> By.xpath: //a[@href='/login']
16:18:11.678 INFO  manager.ListenerWD - Before find element By ----> By.xpath: //input[@placeholder='Email']
16:18:11.703 INFO  manager.ListenerWD - After find element By ----> By.xpath: //input[@placeholder='Email']
16:18:11.812 INFO  manager.ListenerWD - Before find element By ----> By.xpath: //input[@placeholder='Password']
16:18:11.836 INFO  manager.ListenerWD - After find element By ----> By.xpath: //input[@placeholder='Password']
16:18:11.929 INFO  manager.ListenerWD - Before find element By ----> By.xpath: //*[text()=' Login']
16:18:11.948 INFO  manager.ListenerWD - After find element By ----> By.xpath: //*[text()=' Login']
16:18:11.983 INFO  manager.ListenerWD - Before find element By ----> By.cssSelector: a[href = '/add']
16:18:12.751 INFO  manager.ListenerWD - After find element By ----> By.cssSelector: a[href = '/add']
16:18:12.787 INFO  manager.ListenerWD - Before find element By ----> By.xpath: //input[@placeholder='Name']
16:18:12.810 INFO  manager.ListenerWD - After find element By ----> By.xpath: //input[@placeholder='Name']
16:18:12.900 INFO  manager.ListenerWD - Before find element By ----> By.xpath: //input[@placeholder='Last Name']
16:18:12.917 INFO  manager.ListenerWD - After find element By ----> By.xpath: //input[@placeholder='Last Name']
16:18:13.000 INFO  manager.ListenerWD - Before find element By ----> By.xpath: //input[@placeholder='Phone']
16:18:13.018 INFO  manager.ListenerWD - After find element By ----> By.xpath: //input[@placeholder='Phone']
16:18:13.111 INFO  manager.ListenerWD - Before find element By ----> By.xpath: //input[@placeholder='email']
16:18:13.130 INFO  manager.ListenerWD - After find element By ----> By.xpath: //input[@placeholder='email']
16:18:13.217 INFO  manager.ListenerWD - Before find element By ----> By.xpath: //input[@placeholder='Address']
16:18:13.237 INFO  manager.ListenerWD - After find element By ----> By.xpath: //input[@placeholder='Address']
16:18:13.326 INFO  manager.ListenerWD - Before find element By ----> By.xpath: //input[@placeholder='description']
16:18:13.344 INFO  manager.ListenerWD - After find element By ----> By.xpath: //input[@placeholder='description']
16:18:13.437 INFO  manager.ListenerWD - Before find element By ----> By.cssSelector: [placeholder='description']
16:18:13.455 INFO  manager.ListenerWD - After find element By ----> By.cssSelector: [placeholder='description']
16:18:13.476 INFO  manager.ListenerWD - Before find element By ----> By.cssSelector: [placeholder='description']
16:18:13.491 INFO  manager.ListenerWD - After find element By ----> By.cssSelector: [placeholder='description']
16:18:13.522 INFO  manager.ListenerWD - Before find element By ----> By.xpath: //b[text()='Save']
16:18:13.539 INFO  manager.ListenerWD - After find element By ----> By.xpath: //b[text()='Save']
16:18:13.568 INFO  manager.ListenerWD - Before find elements By ----> By.cssSelector: h2
16:18:14.012 INFO  manager.ListenerWD - After find elements By ----> By.cssSelector: h2
16:18:14.012 INFO  manager.ListenerWD - List size ---22
16:18:14.274 INFO  manager.ListenerWD - Before find elements By ----> By.cssSelector: h3
16:18:14.415 INFO  manager.ListenerWD - After find elements By ----> By.cssSelector: h3
16:18:14.415 INFO  manager.ListenerWD - List size ---22
16:18:14.677 INFO  TestBase - Start test with name:addNewContactSuccessRequiredFields
16:18:14.677 INFO  manager.ListenerWD - Before find elements By ----> By.xpath: //button[text()='Sign Out']
16:18:14.689 INFO  manager.ListenerWD - After find elements By ----> By.xpath: //button[text()='Sign Out']
16:18:14.689 INFO  manager.ListenerWD - List size ---1
16:18:14.690 INFO  manager.ListenerWD - Before find element By ----> By.cssSelector: a[href = '/add']
16:18:14.702 INFO  manager.ListenerWD - After find element By ----> By.cssSelector: a[href = '/add']
16:18:14.728 INFO  manager.ListenerWD - Before find element By ----> By.xpath: //input[@placeholder='Name']
16:18:14.743 INFO  manager.ListenerWD - After find element By ----> By.xpath: //input[@placeholder='Name']
16:18:14.826 INFO  manager.ListenerWD - Before find element By ----> By.xpath: //input[@placeholder='Last Name']
16:18:14.837 INFO  manager.ListenerWD - After find element By ----> By.xpath: //input[@placeholder='Last Name']
16:18:14.908 INFO  manager.ListenerWD - Before find element By ----> By.xpath: //input[@placeholder='Phone']
16:18:14.919 INFO  manager.ListenerWD - After find element By ----> By.xpath: //input[@placeholder='Phone']
16:18:14.995 INFO  manager.ListenerWD - Before find element By ----> By.xpath: //input[@placeholder='email']
16:18:15.008 INFO  manager.ListenerWD - After find element By ----> By.xpath: //input[@placeholder='email']
16:18:15.098 INFO  manager.ListenerWD - Before find element By ----> By.xpath: //input[@placeholder='Address']
16:18:15.111 INFO  manager.ListenerWD - After find element By ----> By.xpath: //input[@placeholder='Address']
16:18:15.187 INFO  manager.ListenerWD - Before find element By ----> By.cssSelector: [placeholder='description']
16:18:15.203 INFO  manager.ListenerWD - After find element By ----> By.cssSelector: [placeholder='description']
16:18:15.241 INFO  manager.ListenerWD - Before find element By ----> By.xpath: //b[text()='Save']
16:18:15.256 INFO  manager.ListenerWD - After find element By ----> By.xpath: //b[text()='Save']
16:18:15.289 INFO  manager.ListenerWD - Before find elements By ----> By.cssSelector: h2
16:18:15.591 INFO  manager.ListenerWD - After find elements By ----> By.cssSelector: h2
16:18:15.592 INFO  manager.ListenerWD - List size ---23
16:18:15.857 INFO  manager.ListenerWD - Before find elements By ----> By.cssSelector: h3
16:18:15.965 INFO  manager.ListenerWD - After find elements By ----> By.cssSelector: h3
16:18:15.965 INFO  manager.ListenerWD - List size ---23
16:18:16.224 INFO  TestBase - Start test with name:addNewContactSuccessRequiredFields
16:18:16.225 INFO  manager.ListenerWD - Before find elements By ----> By.xpath: //button[text()='Sign Out']
16:18:16.235 INFO  manager.ListenerWD - After find elements By ----> By.xpath: //button[text()='Sign Out']
16:18:16.236 INFO  manager.ListenerWD - List size ---1
16:18:16.236 INFO  manager.ListenerWD - Before find element By ----> By.cssSelector: a[href = '/add']
16:18:16.246 INFO  manager.ListenerWD - After find element By ----> By.cssSelector: a[href = '/add']
16:18:16.271 INFO  manager.ListenerWD - Before find element By ----> By.xpath: //input[@placeholder='Name']
16:18:16.285 INFO  manager.ListenerWD - After find element By ----> By.xpath: //input[@placeholder='Name']
16:18:16.376 INFO  manager.ListenerWD - Before find element By ----> By.xpath: //input[@placeholder='Last Name']
16:18:16.388 INFO  manager.ListenerWD - After find element By ----> By.xpath: //input[@placeholder='Last Name']
16:18:16.458 INFO  manager.ListenerWD - Before find element By ----> By.xpath: //input[@placeholder='Phone']
16:18:16.471 INFO  manager.ListenerWD - After find element By ----> By.xpath: //input[@placeholder='Phone']
16:18:16.556 INFO  manager.ListenerWD - Before find element By ----> By.xpath: //input[@placeholder='email']
16:18:16.567 INFO  manager.ListenerWD - After find element By ----> By.xpath: //input[@placeholder='email']
16:18:16.653 INFO  manager.ListenerWD - Before find element By ----> By.xpath: //input[@placeholder='Address']
16:18:16.664 INFO  manager.ListenerWD - After find element By ----> By.xpath: //input[@placeholder='Address']
16:18:16.734 INFO  manager.ListenerWD - Before find element By ----> By.cssSelector: [placeholder='description']
16:18:16.744 INFO  manager.ListenerWD - After find element By ----> By.cssSelector: [placeholder='description']
16:18:16.781 INFO  manager.ListenerWD - Before find element By ----> By.xpath: //b[text()='Save']
16:18:16.795 INFO  manager.ListenerWD - After find element By ----> By.xpath: //b[text()='Save']
16:18:16.823 INFO  manager.ListenerWD - Before find elements By ----> By.cssSelector: h2
16:18:17.159 INFO  manager.ListenerWD - After find elements By ----> By.cssSelector: h2
16:18:17.160 INFO  manager.ListenerWD - List size ---24
16:18:17.439 INFO  manager.ListenerWD - Before find elements By ----> By.cssSelector: h3
16:18:17.547 INFO  manager.ListenerWD - After find elements By ----> By.cssSelector: h3
16:18:17.547 INFO  manager.ListenerWD - List size ---24
16:18:17.819 INFO  TestBase - Start test with name:addNewContactSuccessRequiredFields
16:18:17.820 INFO  manager.ListenerWD - Before find elements By ----> By.xpath: //button[text()='Sign Out']
16:18:17.831 INFO  manager.ListenerWD - After find elements By ----> By.xpath: //button[text()='Sign Out']
16:18:17.831 INFO  manager.ListenerWD - List size ---1
16:18:17.831 INFO  manager.ListenerWD - Before find element By ----> By.cssSelector: a[href = '/add']
16:18:17.842 INFO  manager.ListenerWD - After find element By ----> By.cssSelector: a[href = '/add']
16:18:17.868 INFO  manager.ListenerWD - Before find element By ----> By.xpath: //input[@placeholder='Name']
16:18:17.883 INFO  manager.ListenerWD - After find element By ----> By.xpath: //input[@placeholder='Name']
16:18:17.974 INFO  manager.ListenerWD - Before find element By ----> By.xpath: //input[@placeholder='Last Name']
16:18:17.988 INFO  manager.ListenerWD - After find element By ----> By.xpath: //input[@placeholder='Last Name']
16:18:18.071 INFO  manager.ListenerWD - Before find element By ----> By.xpath: //input[@placeholder='Phone']
16:18:18.083 INFO  manager.ListenerWD - After find element By ----> By.xpath: //input[@placeholder='Phone']
16:18:18.177 INFO  manager.ListenerWD - Before find element By ----> By.xpath: //input[@placeholder='email']
16:18:18.189 INFO  manager.ListenerWD - After find element By ----> By.xpath: //input[@placeholder='email']
16:18:18.275 INFO  manager.ListenerWD - Before find element By ----> By.xpath: //input[@placeholder='Address']
16:18:18.285 INFO  manager.ListenerWD - After find element By ----> By.xpath: //input[@placeholder='Address']
16:18:18.363 INFO  manager.ListenerWD - Before find element By ----> By.cssSelector: [placeholder='description']
16:18:18.375 INFO  manager.ListenerWD - After find element By ----> By.cssSelector: [placeholder='description']
16:18:18.411 INFO  manager.ListenerWD - Before find element By ----> By.xpath: //b[text()='Save']
16:18:18.422 INFO  manager.ListenerWD - After find element By ----> By.xpath: //b[text()='Save']
16:18:18.448 INFO  manager.ListenerWD - Before find elements By ----> By.cssSelector: h2
16:18:18.779 INFO  manager.ListenerWD - After find elements By ----> By.cssSelector: h2
16:18:18.779 INFO  manager.ListenerWD - List size ---25
16:18:19.102 INFO  manager.ListenerWD - Before find elements By ----> By.cssSelector: h3
16:18:19.224 INFO  manager.ListenerWD - After find elements By ----> By.cssSelector: h3
16:18:19.224 INFO  manager.ListenerWD - List size ---25
16:18:19.651 INFO  TestBase - Start test with name:addNewContactWrongName
16:18:19.652 INFO  manager.ListenerWD - Before find elements By ----> By.xpath: //button[text()='Sign Out']
16:18:19.666 INFO  manager.ListenerWD - After find elements By ----> By.xpath: //button[text()='Sign Out']
16:18:19.667 INFO  manager.ListenerWD - List size ---1
16:18:19.667 INFO  manager.ListenerWD - Before find element By ----> By.cssSelector: a[href = '/add']
16:18:19.677 INFO  manager.ListenerWD - After find element By ----> By.cssSelector: a[href = '/add']
16:18:19.703 INFO  manager.ListenerWD - Before find element By ----> By.xpath: //input[@placeholder='Name']
16:18:19.717 INFO  manager.ListenerWD - After find element By ----> By.xpath: //input[@placeholder='Name']
16:18:19.797 INFO  manager.ListenerWD - Before find element By ----> By.xpath: //input[@placeholder='Last Name']
16:18:19.808 INFO  manager.ListenerWD - After find element By ----> By.xpath: //input[@placeholder='Last Name']
16:18:19.895 INFO  manager.ListenerWD - Before find element By ----> By.xpath: //input[@placeholder='Phone']
16:18:19.906 INFO  manager.ListenerWD - After find element By ----> By.xpath: //input[@placeholder='Phone']
16:18:19.993 INFO  manager.ListenerWD - Before find element By ----> By.xpath: //input[@placeholder='email']
16:18:20.006 INFO  manager.ListenerWD - After find element By ----> By.xpath: //input[@placeholder='email']
16:18:20.111 INFO  manager.ListenerWD - Before find element By ----> By.xpath: //input[@placeholder='Address']
16:18:20.124 INFO  manager.ListenerWD - After find element By ----> By.xpath: //input[@placeholder='Address']
16:18:20.219 INFO  manager.ListenerWD - Before find element By ----> By.cssSelector: [placeholder='description']
16:18:20.233 INFO  manager.ListenerWD - After find element By ----> By.cssSelector: [placeholder='description']
16:18:20.283 INFO  manager.ListenerWD - Before find element By ----> By.xpath: //b[text()='Save']
16:18:20.298 INFO  manager.ListenerWD - After find element By ----> By.xpath: //b[text()='Save']
16:18:20.333 INFO  manager.ListenerWD - Before find elements By ----> By.cssSelector: a.active[href='/add']
16:18:20.347 INFO  manager.ListenerWD - After find elements By ----> By.cssSelector: a.active[href='/add']
16:18:20.347 INFO  manager.ListenerWD - List size ---1
