17:18:24.988 INFO  manager.ApplicationManager - Chrome driver opened
17:18:27.088 INFO  manager.ApplicationManager - Current URL is --:https://contacts-app.tobbymarshall815.vercel.app/home
17:18:27.119 INFO  TestBase - Start test with name:loginNegativeWrongEmailFormat
17:18:27.120 INFO  TestBase - Start checking authorisation
17:18:30.129 INFO  manager.ListenerWD - Before find elements By ----> By.xpath: //button[text()='Sign Out']
17:18:35.174 INFO  manager.ListenerWD - After find elements By ----> By.xpath: //button[text()='Sign Out']
17:18:35.178 INFO  manager.ListenerWD - List size ---0
17:18:35.179 INFO  TestBase - Test has not needed logout
17:18:35.182 INFO  manager.ListenerWD - Before find element By ----> By.xpath: //a[@href='/login']
17:18:35.210 INFO  manager.ListenerWD - After find element By ----> By.xpath: //a[@href='/login']
17:18:35.264 INFO  manager.ListenerWD - Before find element By ----> By.xpath: //input[@placeholder='Email']
17:18:35.286 INFO  manager.ListenerWD - After find element By ----> By.xpath: //input[@placeholder='Email']
17:18:35.387 INFO  manager.ListenerWD - Before find element By ----> By.xpath: //input[@placeholder='Password']
17:18:35.408 INFO  manager.ListenerWD - After find element By ----> By.xpath: //input[@placeholder='Password']
17:18:35.492 INFO  manager.ListenerWD - Before find element By ----> By.xpath: //*[text()=' Login']
17:18:35.510 INFO  manager.ListenerWD - After find element By ----> By.xpath: //*[text()=' Login']
17:18:38.544 INFO  manager.ListenerWD - Before find elements By ----> By.xpath: //button[text()='Sign Out']
17:18:38.557 INFO  manager.ListenerWD - We have a 'PROBLEM'
17:18:38.558 INFO  manager.ListenerWD - The name of error method ---findElements
17:18:38.561 INFO  manager.ListenerWD - Describe of error ---org.openqa.selenium.UnhandledAlertException: unexpected alert open: {Alert text : Wrong email or password format
            Email must contains one @ and minimum 2 symbols after last dot
            Password must contain at least one uppercase letter!
            Password must contain at least one lowercase letter!
            Password must contain at least one digit!
            Password must contain at least one special symbol from [‘$’,’~’,’-‘,’_’]!}
  (Session info: chrome=105.0.5195.127): Wrong email or password format
            Email must contains one @ and minimum 2 symbols after last dot
            Password must contain at least one uppercase letter!
            Password must contain at least one lowercase letter!
            Password must contain at least one digit!
            Password must contain at least one special symbol from [‘$’,’~’,’-‘,’_’]!
Build info: version: '4.4.0', revision: 'e5c75ed026a'
System info: host: 'LAPTOP-MOSO9MHA', ip: '192.168.1.12', os.name: 'Windows 10', os.arch: 'amd64', os.version: '10.0', java.version: '11.0.16.1'
Driver info: org.openqa.selenium.chrome.ChromeDriver
Command: [d0a5d8108aa5e0103f9aef2511feb183, findElements {using=xpath, value=//button[text()='Sign Out']}]
Capabilities {acceptInsecureCerts: false, browserName: chrome, browserVersion: 105.0.5195.127, chrome: {chromedriverVersion: 104.0.5112.79 (3cf3e8c8a07d..., userDataDir: C:\Users\User\AppData\Local...}, goog:chromeOptions: {debuggerAddress: localhost:61914}, networkConnectionEnabled: false, pageLoadStrategy: normal, platformName: WINDOWS, proxy: Proxy(), se:cdp: ws://localhost:61914/devtoo..., se:cdpVersion: 105.0.5195.127, setWindowRect: true, strictFileInteractability: false, timeouts: {implicit: 0, pageLoad: 300000, script: 30000}, unhandledPromptBehavior: dismiss and notify, webauthn:extension:credBlob: true, webauthn:extension:largeBlob: true, webauthn:virtualAuthenticators: true}
Session ID: d0a5d8108aa5e0103f9aef2511feb183
17:18:38.563 INFO  manager.ListenerWD - **********
17:18:38.564 INFO  manager.ListenerWD - ChromeDriver: chrome on WINDOWS (d0a5d8108aa5e0103f9aef2511feb183)
17:18:38.573 INFO  manager.ListenerWD - Screen with error is :1928  src/test/screenshots/screen1928.png
17:18:38.922 INFO  TestBase - Start test with name:loginNegativeWrongPasswordFormat
17:18:38.923 INFO  TestBase - Start checking authorisation
17:18:41.936 INFO  manager.ListenerWD - Before find elements By ----> By.xpath: //button[text()='Sign Out']
17:18:46.950 INFO  manager.ListenerWD - After find elements By ----> By.xpath: //button[text()='Sign Out']
17:18:46.950 INFO  manager.ListenerWD - List size ---0
17:18:46.950 INFO  TestBase - Test has not needed logout
17:18:46.951 INFO  manager.ListenerWD - Before find element By ----> By.xpath: //a[@href='/login']
17:18:46.969 INFO  manager.ListenerWD - After find element By ----> By.xpath: //a[@href='/login']
17:18:47.002 INFO  manager.ListenerWD - Before find element By ----> By.xpath: //input[@placeholder='Email']
17:18:47.020 INFO  manager.ListenerWD - After find element By ----> By.xpath: //input[@placeholder='Email']
17:18:47.141 INFO  manager.ListenerWD - Before find element By ----> By.xpath: //input[@placeholder='Password']
17:18:47.156 INFO  manager.ListenerWD - After find element By ----> By.xpath: //input[@placeholder='Password']
17:18:47.243 INFO  manager.ListenerWD - Before find element By ----> By.xpath: //*[text()=' Login']
17:18:47.256 INFO  manager.ListenerWD - After find element By ----> By.xpath: //*[text()=' Login']
17:18:50.300 INFO  manager.ListenerWD - Before find elements By ----> By.xpath: //button[text()='Sign Out']
17:18:50.316 INFO  manager.ListenerWD - We have a 'PROBLEM'
17:18:50.317 INFO  manager.ListenerWD - The name of error method ---findElements
17:18:50.317 INFO  manager.ListenerWD - Describe of error ---org.openqa.selenium.UnhandledAlertException: unexpected alert open: {Alert text : Wrong email or password format
            Email must contains one @ and minimum 2 symbols after last dot
            Password must contain at least one uppercase letter!
            Password must contain at least one lowercase letter!
            Password must contain at least one digit!
            Password must contain at least one special symbol from [‘$’,’~’,’-‘,’_’]!}
  (Session info: chrome=105.0.5195.127): Wrong email or password format
            Email must contains one @ and minimum 2 symbols after last dot
            Password must contain at least one uppercase letter!
            Password must contain at least one lowercase letter!
            Password must contain at least one digit!
            Password must contain at least one special symbol from [‘$’,’~’,’-‘,’_’]!
Build info: version: '4.4.0', revision: 'e5c75ed026a'
System info: host: 'LAPTOP-MOSO9MHA', ip: '192.168.1.12', os.name: 'Windows 10', os.arch: 'amd64', os.version: '10.0', java.version: '11.0.16.1'
Driver info: org.openqa.selenium.chrome.ChromeDriver
Command: [d0a5d8108aa5e0103f9aef2511feb183, findElements {using=xpath, value=//button[text()='Sign Out']}]
Capabilities {acceptInsecureCerts: false, browserName: chrome, browserVersion: 105.0.5195.127, chrome: {chromedriverVersion: 104.0.5112.79 (3cf3e8c8a07d..., userDataDir: C:\Users\User\AppData\Local...}, goog:chromeOptions: {debuggerAddress: localhost:61914}, networkConnectionEnabled: false, pageLoadStrategy: normal, platformName: WINDOWS, proxy: Proxy(), se:cdp: ws://localhost:61914/devtoo..., se:cdpVersion: 105.0.5195.127, setWindowRect: true, strictFileInteractability: false, timeouts: {implicit: 0, pageLoad: 300000, script: 30000}, unhandledPromptBehavior: dismiss and notify, webauthn:extension:credBlob: true, webauthn:extension:largeBlob: true, webauthn:virtualAuthenticators: true}
Session ID: d0a5d8108aa5e0103f9aef2511feb183
17:18:50.319 INFO  manager.ListenerWD - **********
17:18:50.319 INFO  manager.ListenerWD - ChromeDriver: chrome on WINDOWS (d0a5d8108aa5e0103f9aef2511feb183)
17:18:50.319 INFO  manager.ListenerWD - Screen with error is :1770  src/test/screenshots/screen1770.png
17:18:50.630 INFO  TestBase - Start test with name:loginSuccess
17:18:50.630 INFO  TestBase - Start checking authorisation
17:18:53.645 INFO  manager.ListenerWD - Before find elements By ----> By.xpath: //button[text()='Sign Out']
17:18:58.665 INFO  manager.ListenerWD - After find elements By ----> By.xpath: //button[text()='Sign Out']
17:18:58.666 INFO  manager.ListenerWD - List size ---0
17:18:58.666 INFO  TestBase - Test has not needed logout
17:18:58.668 INFO  TestBase - User login with data:  email 423090@gmail.com & password Yy12345$
17:18:58.669 INFO  manager.ListenerWD - Before find element By ----> By.xpath: //a[@href='/login']
17:18:58.688 INFO  manager.ListenerWD - After find element By ----> By.xpath: //a[@href='/login']
17:18:58.715 INFO  manager.ListenerWD - Before find element By ----> By.xpath: //input[@placeholder='Email']
17:18:58.731 INFO  manager.ListenerWD - After find element By ----> By.xpath: //input[@placeholder='Email']
17:18:58.843 INFO  manager.ListenerWD - Before find element By ----> By.xpath: //input[@placeholder='Password']
17:18:58.857 INFO  manager.ListenerWD - After find element By ----> By.xpath: //input[@placeholder='Password']
17:18:58.944 INFO  manager.ListenerWD - Before find element By ----> By.xpath: //*[text()=' Login']
17:18:58.957 INFO  manager.ListenerWD - After find element By ----> By.xpath: //*[text()=' Login']
17:19:01.988 INFO  manager.ListenerWD - Before find elements By ----> By.xpath: //button[text()='Sign Out']
17:19:02.014 INFO  manager.ListenerWD - After find elements By ----> By.xpath: //button[text()='Sign Out']
17:19:02.014 INFO  manager.ListenerWD - List size ---1
17:19:02.017 INFO  TestBase - Assert check is Sign button Present
17:19:02.018 INFO  TestBase - Start test with name:loginSuccessModel
17:19:02.018 INFO  TestBase - Start checking authorisation
17:19:05.024 INFO  manager.ListenerWD - Before find elements By ----> By.xpath: //button[text()='Sign Out']
17:19:05.044 INFO  manager.ListenerWD - After find elements By ----> By.xpath: //button[text()='Sign Out']
17:19:05.044 INFO  manager.ListenerWD - List size ---1
17:19:08.045 INFO  manager.ListenerWD - Before find element By ----> By.xpath: //button[text()='Sign Out']
17:19:08.072 INFO  manager.ListenerWD - After find element By ----> By.xpath: //button[text()='Sign Out']
17:19:08.109 INFO  TestBase - Test has needed logout
17:19:08.110 INFO  TestBase - test started------------Login success Model
17:19:08.111 INFO  manager.ListenerWD - Before find element By ----> By.xpath: //a[@href='/login']
17:19:08.128 INFO  manager.ListenerWD - After find element By ----> By.xpath: //a[@href='/login']
17:19:08.157 INFO  manager.ListenerWD - Before find element By ----> By.xpath: //input[@placeholder='Email']
17:19:08.170 INFO  manager.ListenerWD - After find element By ----> By.xpath: //input[@placeholder='Email']
17:19:08.260 INFO  manager.ListenerWD - Before find element By ----> By.xpath: //input[@placeholder='Password']
17:19:08.272 INFO  manager.ListenerWD - After find element By ----> By.xpath: //input[@placeholder='Password']
17:19:08.356 INFO  manager.ListenerWD - Before find element By ----> By.xpath: //*[text()=' Login']
17:19:08.368 INFO  manager.ListenerWD - After find element By ----> By.xpath: //*[text()=' Login']
17:19:11.412 INFO  manager.ListenerWD - Before find elements By ----> By.xpath: //button[text()='Sign Out']
17:19:11.435 INFO  manager.ListenerWD - After find elements By ----> By.xpath: //button[text()='Sign Out']
17:19:11.436 INFO  manager.ListenerWD - List size ---1
17:19:11.436 INFO  TestBase - Assert passed(Model)
