16:18:42.351 INFO  manager.ApplicationManager - Chrome driver opened
16:18:43.668 INFO  manager.ApplicationManager - Current URL is --:https://contacts-app.tobbymarshall815.vercel.app/home
16:18:43.706 INFO  TestBase - Start test with name:loginNegativeWrongEmailFormat
16:18:43.708 INFO  TestBase - Start checking authorisation
16:18:43.710 INFO  manager.ListenerWD - Before find elements By ----> By.xpath: //button[text()='Sign Out']
16:18:48.738 INFO  manager.ListenerWD - After find elements By ----> By.xpath: //button[text()='Sign Out']
16:18:48.741 INFO  manager.ListenerWD - List size ---0
16:18:48.742 INFO  TestBase - Test has not needed logout
16:18:48.745 INFO  manager.ListenerWD - Before find element By ----> By.xpath: //a[@href='/login']
16:18:48.789 INFO  manager.ListenerWD - After find element By ----> By.xpath: //a[@href='/login']
16:18:48.875 INFO  manager.ListenerWD - Before find element By ----> By.xpath: //input[@placeholder='Email']
16:18:48.915 INFO  manager.ListenerWD - After find element By ----> By.xpath: //input[@placeholder='Email']
16:18:49.097 INFO  manager.ListenerWD - Before find element By ----> By.xpath: //input[@placeholder='Password']
16:18:49.137 INFO  manager.ListenerWD - After find element By ----> By.xpath: //input[@placeholder='Password']
16:18:49.285 INFO  manager.ListenerWD - Before find element By ----> By.xpath: //*[text()=' Login']
16:18:49.323 INFO  manager.ListenerWD - After find element By ----> By.xpath: //*[text()=' Login']
16:18:49.382 INFO  manager.ListenerWD - Before find elements By ----> By.xpath: //button[text()='Sign Out']
16:18:50.070 INFO  manager.ListenerWD - After find elements By ----> By.xpath: //button[text()='Sign Out']
16:18:50.070 INFO  manager.ListenerWD - List size ---0
16:18:50.141 INFO  TestBase - Start test with name:loginNegativeWrongPasswordFormat
16:18:50.144 INFO  TestBase - Start checking authorisation
16:18:50.145 INFO  manager.ListenerWD - Before find elements By ----> By.xpath: //button[text()='Sign Out']
16:18:55.163 INFO  manager.ListenerWD - After find elements By ----> By.xpath: //button[text()='Sign Out']
16:18:55.163 INFO  manager.ListenerWD - List size ---0
16:18:55.164 INFO  TestBase - Test has not needed logout
16:18:55.164 INFO  manager.ListenerWD - Before find element By ----> By.xpath: //a[@href='/login']
16:18:55.182 INFO  manager.ListenerWD - After find element By ----> By.xpath: //a[@href='/login']
16:18:55.217 INFO  manager.ListenerWD - Before find element By ----> By.xpath: //input[@placeholder='Email']
16:18:55.238 INFO  manager.ListenerWD - After find element By ----> By.xpath: //input[@placeholder='Email']
16:18:55.380 INFO  manager.ListenerWD - Before find element By ----> By.xpath: //input[@placeholder='Password']
16:18:55.400 INFO  manager.ListenerWD - After find element By ----> By.xpath: //input[@placeholder='Password']
16:18:55.519 INFO  manager.ListenerWD - Before find element By ----> By.xpath: //*[text()=' Login']
16:18:55.539 INFO  manager.ListenerWD - After find element By ----> By.xpath: //*[text()=' Login']
16:18:55.578 INFO  manager.ListenerWD - Before find elements By ----> By.xpath: //button[text()='Sign Out']
16:18:55.770 INFO  manager.ListenerWD - After find elements By ----> By.xpath: //button[text()='Sign Out']
16:18:55.771 INFO  manager.ListenerWD - List size ---0
16:18:55.816 INFO  TestBase - Start test with name:loginSuccess
16:18:55.817 INFO  TestBase - Start checking authorisation
16:18:55.818 INFO  manager.ListenerWD - Before find elements By ----> By.xpath: //button[text()='Sign Out']
16:19:00.839 INFO  manager.ListenerWD - After find elements By ----> By.xpath: //button[text()='Sign Out']
16:19:00.840 INFO  manager.ListenerWD - List size ---0
16:19:00.840 INFO  TestBase - Test has not needed logout
16:19:00.841 INFO  TestBase - User login with data:  email 423090@gmail.com & password Yy12345$
16:19:00.841 INFO  manager.ListenerWD - Before find element By ----> By.xpath: //a[@href='/login']
16:19:00.859 INFO  manager.ListenerWD - After find element By ----> By.xpath: //a[@href='/login']
16:19:00.888 INFO  manager.ListenerWD - Before find element By ----> By.xpath: //input[@placeholder='Email']
16:19:00.910 INFO  manager.ListenerWD - After find element By ----> By.xpath: //input[@placeholder='Email']
16:19:01.063 INFO  manager.ListenerWD - Before find element By ----> By.xpath: //input[@placeholder='Password']
16:19:01.084 INFO  manager.ListenerWD - After find element By ----> By.xpath: //input[@placeholder='Password']
16:19:01.226 INFO  manager.ListenerWD - Before find element By ----> By.xpath: //*[text()=' Login']
16:19:01.246 INFO  manager.ListenerWD - After find element By ----> By.xpath: //*[text()=' Login']
16:19:01.293 INFO  manager.ListenerWD - Before find elements By ----> By.xpath: //button[text()='Sign Out']
16:19:01.694 INFO  manager.ListenerWD - After find elements By ----> By.xpath: //button[text()='Sign Out']
16:19:01.694 INFO  manager.ListenerWD - List size ---1
16:19:01.694 INFO  TestBase - Assert check is Sign button Present
16:19:01.697 INFO  TestBase - Start test with name:loginSuccessModel
16:19:01.698 INFO  TestBase - Start checking authorisation
16:19:01.699 INFO  manager.ListenerWD - Before find elements By ----> By.xpath: //button[text()='Sign Out']
16:19:01.720 INFO  manager.ListenerWD - After find elements By ----> By.xpath: //button[text()='Sign Out']
16:19:01.720 INFO  manager.ListenerWD - List size ---1
16:19:01.720 INFO  manager.ListenerWD - Before find element By ----> By.xpath: //button[text()='Sign Out']
16:19:01.746 INFO  manager.ListenerWD - After find element By ----> By.xpath: //button[text()='Sign Out']
16:19:01.794 INFO  TestBase - Test has needed logout
16:19:01.795 INFO  TestBase - test started------------Login success Model
16:19:01.796 INFO  manager.ListenerWD - Before find element By ----> By.xpath: //a[@href='/login']
16:19:01.818 INFO  manager.ListenerWD - After find element By ----> By.xpath: //a[@href='/login']
16:19:01.866 INFO  manager.ListenerWD - Before find element By ----> By.xpath: //input[@placeholder='Email']
16:19:01.886 INFO  manager.ListenerWD - After find element By ----> By.xpath: //input[@placeholder='Email']
16:19:02.016 INFO  manager.ListenerWD - Before find element By ----> By.xpath: //input[@placeholder='Password']
16:19:02.035 INFO  manager.ListenerWD - After find element By ----> By.xpath: //input[@placeholder='Password']
16:19:02.150 INFO  manager.ListenerWD - Before find element By ----> By.xpath: //*[text()=' Login']
16:19:02.174 INFO  manager.ListenerWD - After find element By ----> By.xpath: //*[text()=' Login']
16:19:02.221 INFO  manager.ListenerWD - Before find elements By ----> By.xpath: //button[text()='Sign Out']
16:19:02.362 INFO  manager.ListenerWD - After find elements By ----> By.xpath: //button[text()='Sign Out']
16:19:02.362 INFO  manager.ListenerWD - List size ---1
16:19:02.363 INFO  TestBase - Assert passed(Model)
