22:30:39.742 INFO  manager.ApplicationManager - Chrome driver opened
22:30:44.142 INFO  manager.ApplicationManager - Current URL is --:https://contacts-app.tobbymarshall815.vercel.app/home
22:30:44.176 INFO  TestBase - Start test with name:removeFirstContact
22:30:44.178 INFO  manager.ListenerWD - Before find elements By ----> By.xpath: //button[text()='Sign Out']
22:30:49.199 INFO  manager.ListenerWD - After find elements By ----> By.xpath: //button[text()='Sign Out']
22:30:49.201 INFO  manager.ListenerWD - List size ---0
22:30:49.203 INFO  manager.ListenerWD - Before find element By ----> By.xpath: //a[@href='/login']
22:30:49.227 INFO  manager.ListenerWD - After find element By ----> By.xpath: //a[@href='/login']
22:30:49.284 INFO  manager.ListenerWD - Before find element By ----> By.xpath: //input[@placeholder='Email']
22:30:49.310 INFO  manager.ListenerWD - After find element By ----> By.xpath: //input[@placeholder='Email']
22:30:49.410 INFO  manager.ListenerWD - Before find element By ----> By.xpath: //input[@placeholder='Password']
22:30:49.432 INFO  manager.ListenerWD - After find element By ----> By.xpath: //input[@placeholder='Password']
22:30:49.522 INFO  manager.ListenerWD - Before find element By ----> By.xpath: //*[text()=' Login']
22:30:49.544 INFO  manager.ListenerWD - After find element By ----> By.xpath: //*[text()=' Login']
22:30:49.574 INFO  manager.ListenerWD - Before find elements By ----> By.cssSelector: .contact-item_card__2SOIM
22:30:50.648 INFO  manager.ListenerWD - After find elements By ----> By.cssSelector: .contact-item_card__2SOIM
22:30:50.649 INFO  manager.ListenerWD - List size ---10
22:30:50.649 INFO  manager.ListenerWD - Before find elements By ----> By.cssSelector: .contact-item_card__2SOIM
22:30:50.726 INFO  manager.ListenerWD - After find elements By ----> By.cssSelector: .contact-item_card__2SOIM
22:30:50.727 INFO  manager.ListenerWD - List size ---10
22:30:50.727 INFO  manager.ListenerWD - Before find element By ----> By.cssSelector: .contact-item_card__2SOIM
22:30:50.742 INFO  manager.ListenerWD - After find element By ----> By.cssSelector: .contact-item_card__2SOIM
22:30:50.781 INFO  manager.ListenerWD - Before find element By ----> By.xpath: //button[text()='Remove']
22:30:50.800 INFO  manager.ListenerWD - After find element By ----> By.xpath: //button[text()='Remove']
22:30:51.338 INFO  manager.ListenerWD - Before find elements By ----> By.cssSelector: .contact-item_card__2SOIM
22:30:51.386 INFO  manager.ListenerWD - After find elements By ----> By.cssSelector: .contact-item_card__2SOIM
22:30:51.386 INFO  manager.ListenerWD - List size ---9
