13:38:42.547 INFO  manager.ApplicationManager - Chrome driver opened
13:38:44.031 INFO  manager.ApplicationManager - Current URL is --:https://contacts-app.tobbymarshall815.vercel.app/home
13:38:44.068 INFO  TestBase - Start test with name:RemoveAllContacts
13:38:44.071 INFO  manager.ListenerWD - Before find elements By ----> By.xpath: //button[text()='Sign Out']
13:38:49.133 INFO  manager.ListenerWD - After find elements By ----> By.xpath: //button[text()='Sign Out']
13:38:49.135 INFO  manager.ListenerWD - List size ---0
13:38:49.136 INFO  manager.ListenerWD - Before find element By ----> By.xpath: //a[@href='/login']
13:38:49.165 INFO  manager.ListenerWD - After find element By ----> By.xpath: //a[@href='/login']
13:38:49.245 INFO  manager.ListenerWD - Before find element By ----> By.xpath: //input[@placeholder='Email']
13:38:49.271 INFO  manager.ListenerWD - After find element By ----> By.xpath: //input[@placeholder='Email']
13:38:49.377 INFO  manager.ListenerWD - Before find element By ----> By.xpath: //input[@placeholder='Password']
13:38:49.397 INFO  manager.ListenerWD - After find element By ----> By.xpath: //input[@placeholder='Password']
13:38:49.475 INFO  manager.ListenerWD - Before find element By ----> By.xpath: //*[text()=' Login']
13:38:49.494 INFO  manager.ListenerWD - After find element By ----> By.xpath: //*[text()=' Login']
13:38:49.527 INFO  manager.ListenerWD - Before find elements By ----> By.cssSelector: .contact-item_card__2SOIM
13:38:54.578 INFO  manager.ListenerWD - After find elements By ----> By.cssSelector: .contact-item_card__2SOIM
13:38:54.579 INFO  manager.ListenerWD - List size ---0
13:38:54.598 INFO  manager.ListenerWD - Before find element By ----> By.cssSelector: a[href = '/add']
13:38:59.673 INFO  manager.ListenerWD - We have a 'PROBLEM'
13:38:59.673 INFO  manager.ListenerWD - The name of error method ---findElement
13:38:59.677 INFO  manager.ListenerWD - Describe of error ---org.openqa.selenium.NoSuchElementException: no such element: Unable to locate element: {"method":"css selector","selector":"a[href = '/add']"}
  (Session info: chrome=105.0.5195.127)
For documentation on this error, please visit: https://selenium.dev/exceptions/#no_such_element
Build info: version: '4.4.0', revision: 'e5c75ed026a'
System info: host: 'LAPTOP-MOSO9MHA', ip: '192.168.1.12', os.name: 'Windows 10', os.arch: 'amd64', os.version: '10.0', java.version: '11.0.16.1'
Driver info: org.openqa.selenium.chrome.ChromeDriver
Command: [2303009f13347f04dc84803a8a17c4d6, findElement {using=css selector, value=a[href = '/add']}]
Capabilities {acceptInsecureCerts: false, browserName: chrome, browserVersion: 105.0.5195.127, chrome: {chromedriverVersion: 104.0.5112.79 (3cf3e8c8a07d..., userDataDir: C:\Users\User\AppData\Local...}, goog:chromeOptions: {debuggerAddress: localhost:58331}, networkConnectionEnabled: false, pageLoadStrategy: normal, platformName: WINDOWS, proxy: Proxy(), se:cdp: ws://localhost:58331/devtoo..., se:cdpVersion: 105.0.5195.127, setWindowRect: true, strictFileInteractability: false, timeouts: {implicit: 0, pageLoad: 300000, script: 30000}, unhandledPromptBehavior: dismiss and notify, webauthn:extension:credBlob: true, webauthn:extension:largeBlob: true, webauthn:virtualAuthenticators: true}
Session ID: 2303009f13347f04dc84803a8a17c4d6
13:38:59.677 INFO  manager.ListenerWD - **********
13:38:59.678 INFO  manager.ListenerWD - ChromeDriver: chrome on WINDOWS (2303009f13347f04dc84803a8a17c4d6)
13:38:59.683 INFO  manager.ListenerWD - Screen with error is :1667  src/test/screenshots/screen1667.png
