15:56:30.616 INFO  manager.ApplicationManager - Chrome driver opened
15:56:33.010 INFO  manager.ApplicationManager - Current URL is --:https://contacts-app.tobbymarshall815.vercel.app/home
15:56:33.046 INFO  TestBase - Start test with name:AddNewContactSuccess
15:56:33.049 INFO  manager.ListenerWD - Before find elements By ----> By.xpath: //button[text()='Sign Out']
15:56:38.091 INFO  manager.ListenerWD - After find elements By ----> By.xpath: //button[text()='Sign Out']
15:56:38.093 INFO  manager.ListenerWD - List size ---0
15:56:38.094 INFO  manager.ListenerWD - Before find element By ----> By.xpath: //a[@href='/login']
15:56:38.120 INFO  manager.ListenerWD - After find element By ----> By.xpath: //a[@href='/login']
15:56:38.192 INFO  manager.ListenerWD - Before find element By ----> By.xpath: //input[@placeholder='Email']
15:56:38.217 INFO  manager.ListenerWD - After find element By ----> By.xpath: //input[@placeholder='Email']
15:56:38.333 INFO  manager.ListenerWD - Before find element By ----> By.xpath: //input[@placeholder='Password']
15:56:38.354 INFO  manager.ListenerWD - After find element By ----> By.xpath: //input[@placeholder='Password']
15:56:38.455 INFO  manager.ListenerWD - Before find element By ----> By.xpath: //*[text()=' Login']
15:56:38.475 INFO  manager.ListenerWD - After find element By ----> By.xpath: //*[text()=' Login']
15:56:38.509 INFO  manager.ListenerWD - Before find element By ----> By.cssSelector: a[href = '/add']
15:56:39.216 INFO  manager.ListenerWD - After find element By ----> By.cssSelector: a[href = '/add']
15:56:39.263 INFO  manager.ListenerWD - Before find element By ----> By.xpath: //input[@placeholder='Name']
15:56:39.286 INFO  manager.ListenerWD - After find element By ----> By.xpath: //input[@placeholder='Name']
15:56:39.378 INFO  manager.ListenerWD - Before find element By ----> By.xpath: //input[@placeholder='Last Name']
15:56:39.397 INFO  manager.ListenerWD - After find element By ----> By.xpath: //input[@placeholder='Last Name']
15:56:39.474 INFO  manager.ListenerWD - Before find element By ----> By.xpath: //input[@placeholder='Phone']
15:56:39.495 INFO  manager.ListenerWD - After find element By ----> By.xpath: //input[@placeholder='Phone']
15:56:39.579 INFO  manager.ListenerWD - Before find element By ----> By.xpath: //input[@placeholder='email']
15:56:39.599 INFO  manager.ListenerWD - After find element By ----> By.xpath: //input[@placeholder='email']
15:56:39.689 INFO  manager.ListenerWD - Before find element By ----> By.xpath: //input[@placeholder='Address']
15:56:39.714 INFO  manager.ListenerWD - After find element By ----> By.xpath: //input[@placeholder='Address']
15:56:39.808 INFO  manager.ListenerWD - Before find element By ----> By.xpath: //input[@placeholder='description']
15:56:39.825 INFO  manager.ListenerWD - After find element By ----> By.xpath: //input[@placeholder='description']
15:56:39.895 INFO  manager.ListenerWD - Before find element By ----> By.cssSelector: [placeholder='description']
15:56:39.911 INFO  manager.ListenerWD - After find element By ----> By.cssSelector: [placeholder='description']
15:56:39.933 INFO  manager.ListenerWD - Before find element By ----> By.xpath: //b[text()='Save']
15:56:39.953 INFO  manager.ListenerWD - After find element By ----> By.xpath: //b[text()='Save']
15:56:39.985 INFO  manager.ListenerWD - Before find elements By ----> By.cssSelector: h2
15:56:40.333 INFO  manager.ListenerWD - After find elements By ----> By.cssSelector: h2
15:56:40.333 INFO  manager.ListenerWD - List size ---3
15:56:40.377 INFO  manager.ListenerWD - Before find elements By ----> By.cssSelector: h3
15:56:40.404 INFO  manager.ListenerWD - After find elements By ----> By.cssSelector: h3
15:56:40.404 INFO  manager.ListenerWD - List size ---3
15:56:40.442 INFO  TestBase - Start test with name:ChangeContact
15:56:40.442 INFO  manager.ListenerWD - Before find elements By ----> By.xpath: //button[text()='Sign Out']
15:56:40.457 INFO  manager.ListenerWD - After find elements By ----> By.xpath: //button[text()='Sign Out']
15:56:40.457 INFO  manager.ListenerWD - List size ---1
15:56:40.458 INFO  manager.ListenerWD - Before find element By ----> By.cssSelector: a[href='/contacts']
15:56:40.475 INFO  manager.ListenerWD - After find element By ----> By.cssSelector: a[href='/contacts']
15:56:40.510 INFO  manager.ListenerWD - Before find element By ----> By.cssSelector: h2
15:56:40.526 INFO  manager.ListenerWD - After find element By ----> By.cssSelector: h2
15:56:40.574 INFO  manager.ListenerWD - Before find element By ----> By.xpath: //button[text()='Edit']
15:56:40.598 INFO  manager.ListenerWD - After find element By ----> By.xpath: //button[text()='Edit']
15:56:40.649 INFO  manager.ListenerWD - Before find element By ----> By.xpath: //input[@placeholder='Name']
15:56:40.663 INFO  manager.ListenerWD - After find element By ----> By.xpath: //input[@placeholder='Name']
15:56:40.721 INFO  manager.ListenerWD - Before find element By ----> By.xpath: //input[@placeholder='Name']
15:56:40.735 INFO  manager.ListenerWD - After find element By ----> By.xpath: //input[@placeholder='Name']
15:56:40.796 INFO  manager.ListenerWD - Before find element By ----> By.xpath: //button[text()='Save']
15:56:40.812 INFO  manager.ListenerWD - After find element By ----> By.xpath: //button[text()='Save']
15:56:40.843 INFO  manager.ListenerWD - Before find elements By ----> By.cssSelector: .contact-item-detailed_card__50dTS
15:56:40.859 INFO  manager.ListenerWD - After find elements By ----> By.cssSelector: .contact-item-detailed_card__50dTS
15:56:40.859 INFO  manager.ListenerWD - List size ---1
15:56:40.860 INFO  TestBase - Start test with name:addNewContactSuccessRequiredFields
15:56:40.861 INFO  manager.ListenerWD - Before find elements By ----> By.xpath: //button[text()='Sign Out']
15:56:40.874 INFO  manager.ListenerWD - After find elements By ----> By.xpath: //button[text()='Sign Out']
15:56:40.874 INFO  manager.ListenerWD - List size ---1
15:56:40.876 INFO  manager.ListenerWD - Before find element By ----> By.cssSelector: a[href = '/add']
15:56:40.889 INFO  manager.ListenerWD - After find element By ----> By.cssSelector: a[href = '/add']
15:56:40.912 INFO  manager.ListenerWD - Before find element By ----> By.xpath: //input[@placeholder='Name']
15:56:40.928 INFO  manager.ListenerWD - After find element By ----> By.xpath: //input[@placeholder='Name']
15:56:41.007 INFO  manager.ListenerWD - Before find element By ----> By.xpath: //input[@placeholder='Last Name']
15:56:41.020 INFO  manager.ListenerWD - After find element By ----> By.xpath: //input[@placeholder='Last Name']
15:56:41.092 INFO  manager.ListenerWD - We have a 'PROBLEM'
15:56:41.093 INFO  manager.ListenerWD - The name of error method ---click
15:56:41.095 INFO  manager.ListenerWD - Describe of error ---org.openqa.selenium.StaleElementReferenceException: stale element reference: element is not attached to the page document
  (Session info: chrome=105.0.5195.127)
For documentation on this error, please visit: https://selenium.dev/exceptions/#stale_element_reference
Build info: version: '4.4.0', revision: 'e5c75ed026a'
System info: host: 'LAPTOP-MOSO9MHA', ip: '192.168.1.12', os.name: 'Windows 10', os.arch: 'amd64', os.version: '10.0', java.version: '11.0.16.1'
Driver info: org.openqa.selenium.chrome.ChromeDriver
Command: [f36939cfa1f06613958ab590509f9430, clickElement {id=838993dd-4579-429b-8b63-fd113a1c6bdd}]
Capabilities {acceptInsecureCerts: false, browserName: chrome, browserVersion: 105.0.5195.127, chrome: {chromedriverVersion: 104.0.5112.79 (3cf3e8c8a07d..., userDataDir: C:\Users\User\AppData\Local...}, goog:chromeOptions: {debuggerAddress: localhost:64144}, networkConnectionEnabled: false, pageLoadStrategy: normal, platformName: WINDOWS, proxy: Proxy(), se:cdp: ws://localhost:64144/devtoo..., se:cdpVersion: 105.0.5195.127, setWindowRect: true, strictFileInteractability: false, timeouts: {implicit: 0, pageLoad: 300000, script: 30000}, unhandledPromptBehavior: dismiss and notify, webauthn:extension:credBlob: true, webauthn:extension:largeBlob: true, webauthn:virtualAuthenticators: true}
Element: [[ChromeDriver: chrome on WINDOWS (f36939cfa1f06613958ab590509f9430)] -> xpath: //input[@placeholder='Last Name']]
Session ID: f36939cfa1f06613958ab590509f9430
15:56:41.096 INFO  manager.ListenerWD - **********
15:56:41.096 INFO  manager.ListenerWD - [[ChromeDriver: chrome on WINDOWS (f36939cfa1f06613958ab590509f9430)] -> xpath: //input[@placeholder='Last Name']]
15:56:41.106 INFO  manager.ListenerWD - Screen with error is :1990  src/test/screenshots/screen1990.png
15:56:41.111 INFO  TestBase - Start test with name:addNewContactSuccessRequiredFields
15:56:41.112 INFO  manager.ListenerWD - Before find elements By ----> By.xpath: //button[text()='Sign Out']
15:56:41.138 INFO  manager.ListenerWD - After find elements By ----> By.xpath: //button[text()='Sign Out']
15:56:41.139 INFO  manager.ListenerWD - List size ---1
15:56:41.139 INFO  manager.ListenerWD - Before find element By ----> By.cssSelector: a[href = '/add']
15:56:41.162 INFO  manager.ListenerWD - After find element By ----> By.cssSelector: a[href = '/add']
15:56:41.228 INFO  manager.ListenerWD - Before find element By ----> By.xpath: //input[@placeholder='Name']
15:56:41.245 INFO  manager.ListenerWD - After find element By ----> By.xpath: //input[@placeholder='Name']
15:56:41.328 INFO  manager.ListenerWD - Before find element By ----> By.xpath: //input[@placeholder='Last Name']
15:56:41.340 INFO  manager.ListenerWD - After find element By ----> By.xpath: //input[@placeholder='Last Name']
15:56:41.418 INFO  manager.ListenerWD - Before find element By ----> By.xpath: //input[@placeholder='Phone']
15:56:41.432 INFO  manager.ListenerWD - After find element By ----> By.xpath: //input[@placeholder='Phone']
15:56:41.516 INFO  manager.ListenerWD - Before find element By ----> By.xpath: //input[@placeholder='email']
15:56:41.530 INFO  manager.ListenerWD - After find element By ----> By.xpath: //input[@placeholder='email']
15:56:41.616 INFO  manager.ListenerWD - Before find element By ----> By.xpath: //input[@placeholder='Address']
15:56:41.627 INFO  manager.ListenerWD - After find element By ----> By.xpath: //input[@placeholder='Address']
15:56:41.702 INFO  manager.ListenerWD - Before find element By ----> By.cssSelector: [placeholder='description']
15:56:41.715 INFO  manager.ListenerWD - After find element By ----> By.cssSelector: [placeholder='description']
15:56:41.755 INFO  manager.ListenerWD - Before find element By ----> By.xpath: //b[text()='Save']
15:56:41.768 INFO  manager.ListenerWD - After find element By ----> By.xpath: //b[text()='Save']
15:56:41.800 INFO  manager.ListenerWD - Before find elements By ----> By.cssSelector: h2
15:56:42.086 INFO  manager.ListenerWD - After find elements By ----> By.cssSelector: h2
15:56:42.086 INFO  manager.ListenerWD - List size ---4
15:56:42.143 INFO  manager.ListenerWD - Before find elements By ----> By.cssSelector: h3
15:56:42.166 INFO  manager.ListenerWD - After find elements By ----> By.cssSelector: h3
15:56:42.166 INFO  manager.ListenerWD - List size ---4
15:56:42.210 INFO  TestBase - Start test with name:addNewContactSuccessRequiredFields
15:56:42.210 INFO  manager.ListenerWD - Before find elements By ----> By.xpath: //button[text()='Sign Out']
15:56:42.221 INFO  manager.ListenerWD - After find elements By ----> By.xpath: //button[text()='Sign Out']
15:56:42.222 INFO  manager.ListenerWD - List size ---1
15:56:42.222 INFO  manager.ListenerWD - Before find element By ----> By.cssSelector: a[href = '/add']
15:56:42.233 INFO  manager.ListenerWD - After find element By ----> By.cssSelector: a[href = '/add']
15:56:42.257 INFO  manager.ListenerWD - Before find element By ----> By.xpath: //input[@placeholder='Name']
15:56:42.271 INFO  manager.ListenerWD - After find element By ----> By.xpath: //input[@placeholder='Name']
15:56:42.357 INFO  manager.ListenerWD - Before find element By ----> By.xpath: //input[@placeholder='Last Name']
15:56:42.370 INFO  manager.ListenerWD - After find element By ----> By.xpath: //input[@placeholder='Last Name']
15:56:42.450 INFO  manager.ListenerWD - Before find element By ----> By.xpath: //input[@placeholder='Phone']
15:56:42.462 INFO  manager.ListenerWD - After find element By ----> By.xpath: //input[@placeholder='Phone']
15:56:42.546 INFO  manager.ListenerWD - Before find element By ----> By.xpath: //input[@placeholder='email']
15:56:42.560 INFO  manager.ListenerWD - After find element By ----> By.xpath: //input[@placeholder='email']
15:56:42.649 INFO  manager.ListenerWD - Before find element By ----> By.xpath: //input[@placeholder='Address']
15:56:42.660 INFO  manager.ListenerWD - After find element By ----> By.xpath: //input[@placeholder='Address']
15:56:42.740 INFO  manager.ListenerWD - Before find element By ----> By.cssSelector: [placeholder='description']
15:56:42.751 INFO  manager.ListenerWD - After find element By ----> By.cssSelector: [placeholder='description']
15:56:42.793 INFO  manager.ListenerWD - Before find element By ----> By.xpath: //b[text()='Save']
15:56:42.812 INFO  manager.ListenerWD - After find element By ----> By.xpath: //b[text()='Save']
15:56:42.844 INFO  manager.ListenerWD - Before find elements By ----> By.cssSelector: h2
15:56:43.133 INFO  manager.ListenerWD - After find elements By ----> By.cssSelector: h2
15:56:43.134 INFO  manager.ListenerWD - List size ---5
15:56:43.189 INFO  manager.ListenerWD - Before find elements By ----> By.cssSelector: h3
15:56:43.213 INFO  manager.ListenerWD - After find elements By ----> By.cssSelector: h3
15:56:43.214 INFO  manager.ListenerWD - List size ---5
15:56:43.273 INFO  TestBase - Start test with name:addNewContactWrongName
15:56:43.273 INFO  manager.ListenerWD - Before find elements By ----> By.xpath: //button[text()='Sign Out']
15:56:43.284 INFO  manager.ListenerWD - After find elements By ----> By.xpath: //button[text()='Sign Out']
15:56:43.284 INFO  manager.ListenerWD - List size ---1
15:56:43.285 INFO  manager.ListenerWD - Before find element By ----> By.cssSelector: a[href = '/add']
15:56:43.297 INFO  manager.ListenerWD - After find element By ----> By.cssSelector: a[href = '/add']
15:56:43.322 INFO  manager.ListenerWD - Before find element By ----> By.xpath: //input[@placeholder='Name']
15:56:43.335 INFO  manager.ListenerWD - After find element By ----> By.xpath: //input[@placeholder='Name']
15:56:43.413 INFO  manager.ListenerWD - Before find element By ----> By.xpath: //input[@placeholder='Last Name']
15:56:43.427 INFO  manager.ListenerWD - After find element By ----> By.xpath: //input[@placeholder='Last Name']
15:56:43.504 INFO  manager.ListenerWD - Before find element By ----> By.xpath: //input[@placeholder='Phone']
15:56:43.516 INFO  manager.ListenerWD - After find element By ----> By.xpath: //input[@placeholder='Phone']
15:56:43.605 INFO  manager.ListenerWD - Before find element By ----> By.xpath: //input[@placeholder='email']
15:56:43.617 INFO  manager.ListenerWD - After find element By ----> By.xpath: //input[@placeholder='email']
15:56:43.707 INFO  manager.ListenerWD - Before find element By ----> By.xpath: //input[@placeholder='Address']
15:56:43.718 INFO  manager.ListenerWD - After find element By ----> By.xpath: //input[@placeholder='Address']
15:56:43.793 INFO  manager.ListenerWD - Before find element By ----> By.xpath: //input[@placeholder='description']
15:56:43.804 INFO  manager.ListenerWD - After find element By ----> By.xpath: //input[@placeholder='description']
15:56:43.887 INFO  manager.ListenerWD - Before find element By ----> By.cssSelector: [placeholder='description']
15:56:43.899 INFO  manager.ListenerWD - After find element By ----> By.cssSelector: [placeholder='description']
15:56:43.917 INFO  manager.ListenerWD - Before find element By ----> By.xpath: //b[text()='Save']
15:56:43.929 INFO  manager.ListenerWD - After find element By ----> By.xpath: //b[text()='Save']
15:56:43.959 INFO  manager.ListenerWD - Before find elements By ----> By.cssSelector: a.active[href='/add']
15:56:43.973 INFO  manager.ListenerWD - After find elements By ----> By.cssSelector: a.active[href='/add']
15:56:43.974 INFO  manager.ListenerWD - List size ---1
15:56:43.975 INFO  TestBase - Start test with name:loginNegativeWrongEmailFormat
15:56:43.976 INFO  TestBase - Start checking authorisation
15:56:43.976 INFO  manager.ListenerWD - Before find elements By ----> By.xpath: //button[text()='Sign Out']
15:56:43.996 INFO  manager.ListenerWD - After find elements By ----> By.xpath: //button[text()='Sign Out']
15:56:43.997 INFO  manager.ListenerWD - List size ---1
15:56:43.998 INFO  manager.ListenerWD - Before find element By ----> By.xpath: //button[text()='Sign Out']
15:56:44.010 INFO  manager.ListenerWD - After find element By ----> By.xpath: //button[text()='Sign Out']
15:56:49.072 INFO  manager.ListenerWD - We have a 'PROBLEM'
15:56:49.073 INFO  manager.ListenerWD - The name of error method ---click
15:56:49.073 INFO  manager.ListenerWD - Describe of error ---org.openqa.selenium.ElementNotInteractableException: element not interactable
  (Session info: chrome=105.0.5195.127)
Build info: version: '4.4.0', revision: 'e5c75ed026a'
System info: host: 'LAPTOP-MOSO9MHA', ip: '192.168.1.12', os.name: 'Windows 10', os.arch: 'amd64', os.version: '10.0', java.version: '11.0.16.1'
Driver info: org.openqa.selenium.chrome.ChromeDriver
Command: [f36939cfa1f06613958ab590509f9430, clickElement {id=69bf263c-a810-48c6-80ab-37c21607fc66}]
Capabilities {acceptInsecureCerts: false, browserName: chrome, browserVersion: 105.0.5195.127, chrome: {chromedriverVersion: 104.0.5112.79 (3cf3e8c8a07d..., userDataDir: C:\Users\User\AppData\Local...}, goog:chromeOptions: {debuggerAddress: localhost:64144}, networkConnectionEnabled: false, pageLoadStrategy: normal, platformName: WINDOWS, proxy: Proxy(), se:cdp: ws://localhost:64144/devtoo..., se:cdpVersion: 105.0.5195.127, setWindowRect: true, strictFileInteractability: false, timeouts: {implicit: 0, pageLoad: 300000, script: 30000}, unhandledPromptBehavior: dismiss and notify, webauthn:extension:credBlob: true, webauthn:extension:largeBlob: true, webauthn:virtualAuthenticators: true}
Element: [[ChromeDriver: chrome on WINDOWS (f36939cfa1f06613958ab590509f9430)] -> xpath: //button[text()='Sign Out']]
Session ID: f36939cfa1f06613958ab590509f9430
15:56:49.073 INFO  manager.ListenerWD - **********
15:56:49.074 INFO  manager.ListenerWD - [[ChromeDriver: chrome on WINDOWS (f36939cfa1f06613958ab590509f9430)] -> xpath: //button[text()='Sign Out']]
15:56:49.074 INFO  manager.ListenerWD - Screen with error is :1795  src/test/screenshots/screen1795.png
15:56:49.090 INFO  TestBase - Start test with name:RegistrationSuccess
15:56:49.091 INFO  manager.ListenerWD - Before find elements By ----> By.xpath: //button[text()='Sign Out']
15:56:49.107 INFO  manager.ListenerWD - After find elements By ----> By.xpath: //button[text()='Sign Out']
15:56:49.107 INFO  manager.ListenerWD - List size ---1
15:56:49.107 INFO  manager.ListenerWD - Before find element By ----> By.xpath: //button[text()='Sign Out']
15:56:49.121 INFO  manager.ListenerWD - After find element By ----> By.xpath: //button[text()='Sign Out']
15:56:54.166 INFO  manager.ListenerWD - We have a 'PROBLEM'
15:56:54.166 INFO  manager.ListenerWD - The name of error method ---click
15:56:54.166 INFO  manager.ListenerWD - Describe of error ---org.openqa.selenium.ElementNotInteractableException: element not interactable
  (Session info: chrome=105.0.5195.127)
Build info: version: '4.4.0', revision: 'e5c75ed026a'
System info: host: 'LAPTOP-MOSO9MHA', ip: '192.168.1.12', os.name: 'Windows 10', os.arch: 'amd64', os.version: '10.0', java.version: '11.0.16.1'
Driver info: org.openqa.selenium.chrome.ChromeDriver
Command: [f36939cfa1f06613958ab590509f9430, clickElement {id=69bf263c-a810-48c6-80ab-37c21607fc66}]
Capabilities {acceptInsecureCerts: false, browserName: chrome, browserVersion: 105.0.5195.127, chrome: {chromedriverVersion: 104.0.5112.79 (3cf3e8c8a07d..., userDataDir: C:\Users\User\AppData\Local...}, goog:chromeOptions: {debuggerAddress: localhost:64144}, networkConnectionEnabled: false, pageLoadStrategy: normal, platformName: WINDOWS, proxy: Proxy(), se:cdp: ws://localhost:64144/devtoo..., se:cdpVersion: 105.0.5195.127, setWindowRect: true, strictFileInteractability: false, timeouts: {implicit: 0, pageLoad: 300000, script: 30000}, unhandledPromptBehavior: dismiss and notify, webauthn:extension:credBlob: true, webauthn:extension:largeBlob: true, webauthn:virtualAuthenticators: true}
Element: [[ChromeDriver: chrome on WINDOWS (f36939cfa1f06613958ab590509f9430)] -> xpath: //button[text()='Sign Out']]
Session ID: f36939cfa1f06613958ab590509f9430
15:56:54.167 INFO  manager.ListenerWD - **********
15:56:54.167 INFO  manager.ListenerWD - [[ChromeDriver: chrome on WINDOWS (f36939cfa1f06613958ab590509f9430)] -> xpath: //button[text()='Sign Out']]
15:56:54.167 INFO  manager.ListenerWD - Screen with error is :1015  src/test/screenshots/screen1015.png
15:56:54.182 INFO  TestBase - Start test with name:RemoveAllContacts
15:56:54.184 INFO  manager.ListenerWD - Before find elements By ----> By.xpath: //button[text()='Sign Out']
15:56:54.200 INFO  manager.ListenerWD - After find elements By ----> By.xpath: //button[text()='Sign Out']
15:56:54.200 INFO  manager.ListenerWD - List size ---1
15:56:54.200 INFO  manager.ListenerWD - Before find elements By ----> By.cssSelector: .contact-item_card__2SOIM
15:56:59.286 INFO  manager.ListenerWD - After find elements By ----> By.cssSelector: .contact-item_card__2SOIM
15:56:59.288 INFO  manager.ListenerWD - List size ---0
15:56:59.290 INFO  manager.ListenerWD - Before find element By ----> By.cssSelector: a[href = '/add']
15:56:59.311 INFO  manager.ListenerWD - After find element By ----> By.cssSelector: a[href = '/add']
15:57:04.357 INFO  manager.ListenerWD - We have a 'PROBLEM'
15:57:04.357 INFO  manager.ListenerWD - The name of error method ---click
15:57:04.358 INFO  manager.ListenerWD - Describe of error ---org.openqa.selenium.ElementNotInteractableException: element not interactable
  (Session info: chrome=105.0.5195.127)
Build info: version: '4.4.0', revision: 'e5c75ed026a'
System info: host: 'LAPTOP-MOSO9MHA', ip: '192.168.1.12', os.name: 'Windows 10', os.arch: 'amd64', os.version: '10.0', java.version: '11.0.16.1'
Driver info: org.openqa.selenium.chrome.ChromeDriver
Command: [f36939cfa1f06613958ab590509f9430, clickElement {id=e37df964-a919-4e75-b82e-cfd05e7b3863}]
Capabilities {acceptInsecureCerts: false, browserName: chrome, browserVersion: 105.0.5195.127, chrome: {chromedriverVersion: 104.0.5112.79 (3cf3e8c8a07d..., userDataDir: C:\Users\User\AppData\Local...}, goog:chromeOptions: {debuggerAddress: localhost:64144}, networkConnectionEnabled: false, pageLoadStrategy: normal, platformName: WINDOWS, proxy: Proxy(), se:cdp: ws://localhost:64144/devtoo..., se:cdpVersion: 105.0.5195.127, setWindowRect: true, strictFileInteractability: false, timeouts: {implicit: 0, pageLoad: 300000, script: 30000}, unhandledPromptBehavior: dismiss and notify, webauthn:extension:credBlob: true, webauthn:extension:largeBlob: true, webauthn:virtualAuthenticators: true}
Element: [[ChromeDriver: chrome on WINDOWS (f36939cfa1f06613958ab590509f9430)] -> css selector: a[href = '/add']]
Session ID: f36939cfa1f06613958ab590509f9430
15:57:04.358 INFO  manager.ListenerWD - **********
15:57:04.358 INFO  manager.ListenerWD - [[ChromeDriver: chrome on WINDOWS (f36939cfa1f06613958ab590509f9430)] -> css selector: a[href = '/add']]
15:57:04.358 INFO  manager.ListenerWD - Screen with error is :1087  src/test/screenshots/screen1087.png
