13:40:45.704 INFO  manager.ApplicationManager - Chrome driver opened
13:40:47.085 INFO  manager.ApplicationManager - Current URL is --:https://contacts-app.tobbymarshall815.vercel.app/home
13:40:47.124 INFO  TestBase - Start test with name:RemoveAllContacts
13:40:47.129 INFO  manager.ListenerWD - Before find elements By ----> By.xpath: //button[text()='Sign Out']
13:40:52.199 INFO  manager.ListenerWD - After find elements By ----> By.xpath: //button[text()='Sign Out']
13:40:52.200 INFO  manager.ListenerWD - List size ---0
13:40:52.202 INFO  manager.ListenerWD - Before find element By ----> By.xpath: //a[@href='/login']
13:40:52.229 INFO  manager.ListenerWD - After find element By ----> By.xpath: //a[@href='/login']
13:40:52.286 INFO  manager.ListenerWD - Before find element By ----> By.xpath: //input[@placeholder='Email']
13:40:52.311 INFO  manager.ListenerWD - After find element By ----> By.xpath: //input[@placeholder='Email']
13:40:52.405 INFO  manager.ListenerWD - Before find element By ----> By.xpath: //input[@placeholder='Password']
13:40:52.427 INFO  manager.ListenerWD - After find element By ----> By.xpath: //input[@placeholder='Password']
13:40:52.503 INFO  manager.ListenerWD - Before find element By ----> By.xpath: //*[text()=' Login']
13:40:52.533 INFO  manager.ListenerWD - After find element By ----> By.xpath: //*[text()=' Login']
13:40:52.576 INFO  manager.ListenerWD - Before find elements By ----> By.cssSelector: .contact-item_card__2SOIM
13:40:57.594 INFO  manager.ListenerWD - After find elements By ----> By.cssSelector: .contact-item_card__2SOIM
13:40:57.595 INFO  manager.ListenerWD - List size ---0
13:40:57.607 INFO  manager.ListenerWD - Before find element By ----> By.cssSelector: a[href = '/add']
13:40:57.631 INFO  manager.ListenerWD - After find element By ----> By.cssSelector: a[href = '/add']
13:40:57.671 INFO  manager.ListenerWD - Before find element By ----> By.xpath: //input[@placeholder='Name']
13:40:57.693 INFO  manager.ListenerWD - After find element By ----> By.xpath: //input[@placeholder='Name']
13:40:57.782 INFO  manager.ListenerWD - Before find element By ----> By.xpath: //input[@placeholder='Last Name']
13:40:57.800 INFO  manager.ListenerWD - After find element By ----> By.xpath: //input[@placeholder='Last Name']
13:40:57.881 INFO  manager.ListenerWD - Before find element By ----> By.xpath: //input[@placeholder='Phone']
13:40:57.898 INFO  manager.ListenerWD - After find element By ----> By.xpath: //input[@placeholder='Phone']
13:40:57.985 INFO  manager.ListenerWD - Before find element By ----> By.xpath: //input[@placeholder='email']
13:40:58.003 INFO  manager.ListenerWD - After find element By ----> By.xpath: //input[@placeholder='email']
13:40:58.099 INFO  manager.ListenerWD - Before find element By ----> By.xpath: //input[@placeholder='Address']
13:40:58.118 INFO  manager.ListenerWD - After find element By ----> By.xpath: //input[@placeholder='Address']
13:40:58.206 INFO  manager.ListenerWD - Before find element By ----> By.cssSelector: [placeholder='description']
13:40:58.223 INFO  manager.ListenerWD - After find element By ----> By.cssSelector: [placeholder='description']
13:40:58.272 INFO  manager.ListenerWD - Before find element By ----> By.xpath: //b[text()='Save']
13:40:58.293 INFO  manager.ListenerWD - After find element By ----> By.xpath: //b[text()='Save']
13:40:58.324 INFO  manager.ListenerWD - Before find elements By ----> By.cssSelector: .contact-item_card__2SOIM
13:40:58.674 INFO  manager.ListenerWD - After find elements By ----> By.cssSelector: .contact-item_card__2SOIM
13:40:58.674 INFO  manager.ListenerWD - List size ---1
13:40:58.674 INFO  manager.ListenerWD - Before find element By ----> By.cssSelector: a[href = '/add']
13:40:58.690 INFO  manager.ListenerWD - After find element By ----> By.cssSelector: a[href = '/add']
13:40:58.719 INFO  manager.ListenerWD - Before find element By ----> By.xpath: //input[@placeholder='Name']
13:40:58.734 INFO  manager.ListenerWD - After find element By ----> By.xpath: //input[@placeholder='Name']
13:40:58.820 INFO  manager.ListenerWD - Before find element By ----> By.xpath: //input[@placeholder='Last Name']
13:40:58.834 INFO  manager.ListenerWD - After find element By ----> By.xpath: //input[@placeholder='Last Name']
13:40:58.912 INFO  manager.ListenerWD - Before find element By ----> By.xpath: //input[@placeholder='Phone']
13:40:58.927 INFO  manager.ListenerWD - After find element By ----> By.xpath: //input[@placeholder='Phone']
13:40:59.009 INFO  manager.ListenerWD - Before find element By ----> By.xpath: //input[@placeholder='email']
13:40:59.025 INFO  manager.ListenerWD - After find element By ----> By.xpath: //input[@placeholder='email']
13:40:59.119 INFO  manager.ListenerWD - Before find element By ----> By.xpath: //input[@placeholder='Address']
13:40:59.134 INFO  manager.ListenerWD - After find element By ----> By.xpath: //input[@placeholder='Address']
13:40:59.216 INFO  manager.ListenerWD - Before find element By ----> By.cssSelector: [placeholder='description']
13:40:59.230 INFO  manager.ListenerWD - After find element By ----> By.cssSelector: [placeholder='description']
13:40:59.271 INFO  manager.ListenerWD - Before find element By ----> By.xpath: //b[text()='Save']
13:40:59.292 INFO  manager.ListenerWD - After find element By ----> By.xpath: //b[text()='Save']
13:40:59.321 INFO  manager.ListenerWD - Before find elements By ----> By.cssSelector: .contact-item_card__2SOIM
13:40:59.548 INFO  manager.ListenerWD - After find elements By ----> By.cssSelector: .contact-item_card__2SOIM
13:40:59.548 INFO  manager.ListenerWD - List size ---2
13:40:59.549 INFO  manager.ListenerWD - Before find element By ----> By.cssSelector: a[href = '/add']
13:40:59.563 INFO  manager.ListenerWD - After find element By ----> By.cssSelector: a[href = '/add']
13:40:59.590 INFO  manager.ListenerWD - Before find element By ----> By.xpath: //input[@placeholder='Name']
13:40:59.606 INFO  manager.ListenerWD - After find element By ----> By.xpath: //input[@placeholder='Name']
13:40:59.692 INFO  manager.ListenerWD - Before find element By ----> By.xpath: //input[@placeholder='Last Name']
13:40:59.704 INFO  manager.ListenerWD - After find element By ----> By.xpath: //input[@placeholder='Last Name']
13:40:59.783 INFO  manager.ListenerWD - Before find element By ----> By.xpath: //input[@placeholder='Phone']
13:40:59.794 INFO  manager.ListenerWD - After find element By ----> By.xpath: //input[@placeholder='Phone']
13:40:59.872 INFO  manager.ListenerWD - Before find element By ----> By.xpath: //input[@placeholder='email']
13:40:59.884 INFO  manager.ListenerWD - After find element By ----> By.xpath: //input[@placeholder='email']
13:40:59.972 INFO  manager.ListenerWD - Before find element By ----> By.xpath: //input[@placeholder='Address']
13:40:59.986 INFO  manager.ListenerWD - After find element By ----> By.xpath: //input[@placeholder='Address']
13:41:00.074 INFO  manager.ListenerWD - Before find element By ----> By.cssSelector: [placeholder='description']
13:41:00.089 INFO  manager.ListenerWD - After find element By ----> By.cssSelector: [placeholder='description']
13:41:00.129 INFO  manager.ListenerWD - Before find element By ----> By.xpath: //b[text()='Save']
13:41:00.148 INFO  manager.ListenerWD - After find element By ----> By.xpath: //b[text()='Save']
13:41:00.178 INFO  manager.ListenerWD - Before find elements By ----> By.cssSelector: .contact-item_card__2SOIM
13:41:00.652 INFO  manager.ListenerWD - After find elements By ----> By.cssSelector: .contact-item_card__2SOIM
13:41:00.652 INFO  manager.ListenerWD - List size ---3
13:41:00.653 INFO  manager.ListenerWD - Before find elements By ----> By.cssSelector: .contact-item_card__2SOIM
13:41:00.673 INFO  manager.ListenerWD - After find elements By ----> By.cssSelector: .contact-item_card__2SOIM
13:41:00.674 INFO  manager.ListenerWD - List size ---3
13:41:00.674 INFO  manager.ListenerWD - Before find element By ----> By.cssSelector: .contact-item_card__2SOIM
13:41:00.687 INFO  manager.ListenerWD - After find element By ----> By.cssSelector: .contact-item_card__2SOIM
13:41:01.231 INFO  manager.ListenerWD - Before find element By ----> By.xpath: //button[text()='Remove']
13:41:01.257 INFO  manager.ListenerWD - After find element By ----> By.xpath: //button[text()='Remove']
13:41:01.795 INFO  manager.ListenerWD - Before find elements By ----> By.cssSelector: .contact-item_card__2SOIM
13:41:01.813 INFO  manager.ListenerWD - After find elements By ----> By.cssSelector: .contact-item_card__2SOIM
13:41:01.813 INFO  manager.ListenerWD - List size ---2
13:41:01.813 INFO  manager.ListenerWD - Before find element By ----> By.cssSelector: .contact-item_card__2SOIM
13:41:01.825 INFO  manager.ListenerWD - After find element By ----> By.cssSelector: .contact-item_card__2SOIM
13:41:02.360 INFO  manager.ListenerWD - Before find element By ----> By.xpath: //button[text()='Remove']
13:41:02.372 INFO  manager.ListenerWD - After find element By ----> By.xpath: //button[text()='Remove']
13:41:02.912 INFO  manager.ListenerWD - Before find elements By ----> By.cssSelector: .contact-item_card__2SOIM
13:41:02.925 INFO  manager.ListenerWD - After find elements By ----> By.cssSelector: .contact-item_card__2SOIM
13:41:02.925 INFO  manager.ListenerWD - List size ---1
13:41:02.926 INFO  manager.ListenerWD - Before find element By ----> By.cssSelector: .contact-item_card__2SOIM
13:41:02.937 INFO  manager.ListenerWD - After find element By ----> By.cssSelector: .contact-item_card__2SOIM
13:41:03.467 INFO  manager.ListenerWD - Before find element By ----> By.xpath: //button[text()='Remove']
13:41:03.495 INFO  manager.ListenerWD - After find element By ----> By.xpath: //button[text()='Remove']
13:41:04.031 INFO  manager.ListenerWD - Before find elements By ----> By.cssSelector: .contact-item_card__2SOIM
13:41:09.084 INFO  manager.ListenerWD - After find elements By ----> By.cssSelector: .contact-item_card__2SOIM
13:41:09.084 INFO  manager.ListenerWD - List size ---0
13:41:09.092 INFO  manager.ListenerWD - Before find element By ----> By.cssSelector: .contact-page_message__2qafk h1
13:41:09.115 INFO  manager.ListenerWD - After find element By ----> By.cssSelector: .contact-page_message__2qafk h1
