16:35:45.070 INFO  manager.ApplicationManager - Chrome driver opened
16:35:46.761 INFO  manager.ApplicationManager - Current URL is --:https://contacts-app.tobbymarshall815.vercel.app/home
16:35:46.797 INFO  TestBase - Start test with name:RegistrationSuccess
16:35:46.799 INFO  manager.ListenerWD - Before find elements By ----> By.xpath: //button[text()='Sign Out']
16:35:51.816 INFO  manager.ListenerWD - After find elements By ----> By.xpath: //button[text()='Sign Out']
16:35:51.818 INFO  manager.ListenerWD - List size ---0
16:35:51.821 INFO  manager.ListenerWD - Before find element By ----> By.xpath: //a[@href='/login']
16:35:51.859 INFO  manager.ListenerWD - After find element By ----> By.xpath: //a[@href='/login']
16:35:51.925 INFO  manager.ListenerWD - Before find element By ----> By.xpath: //input[@placeholder='Email']
16:35:51.953 INFO  manager.ListenerWD - After find element By ----> By.xpath: //input[@placeholder='Email']
16:35:52.071 INFO  manager.ListenerWD - Before find element By ----> By.xpath: //input[@placeholder='Password']
16:35:52.093 INFO  manager.ListenerWD - After find element By ----> By.xpath: //input[@placeholder='Password']
16:35:52.205 INFO  manager.ListenerWD - Before find element By ----> By.xpath: //button[text()=' Registration']
16:35:52.236 INFO  manager.ListenerWD - After find element By ----> By.xpath: //button[text()=' Registration']
16:35:52.267 INFO  manager.ListenerWD - Before find elements By ----> By.xpath: //button[text()='Sign Out']
16:35:52.958 INFO  manager.ListenerWD - After find elements By ----> By.xpath: //button[text()='Sign Out']
16:35:52.959 INFO  manager.ListenerWD - List size ---0
16:35:52.966 INFO  TestBase - Start test with name:RegistrationSuccess1
16:35:52.967 INFO  manager.ListenerWD - Before find elements By ----> By.xpath: //button[text()='Sign Out']
16:35:52.985 INFO  manager.ListenerWD - We have a 'PROBLEM'
16:35:52.986 INFO  manager.ListenerWD - The name of error method ---findElements
16:35:52.991 INFO  manager.ListenerWD - Describe of error ---org.openqa.selenium.UnhandledAlertException: unexpected alert open: {Alert text : User already exist}
  (Session info: chrome=105.0.5195.127): User already exist
Build info: version: '4.4.0', revision: 'e5c75ed026a'
System info: host: 'LAPTOP-MOSO9MHA', ip: '192.168.1.12', os.name: 'Windows 10', os.arch: 'amd64', os.version: '10.0', java.version: '11.0.16.1'
Driver info: org.openqa.selenium.chrome.ChromeDriver
Command: [ba3203653213ae9d2c7e33222112593f, findElements {using=xpath, value=//button[text()='Sign Out']}]
Capabilities {acceptInsecureCerts: false, browserName: chrome, browserVersion: 105.0.5195.127, chrome: {chromedriverVersion: 104.0.5112.79 (3cf3e8c8a07d..., userDataDir: C:\Users\User\AppData\Local...}, goog:chromeOptions: {debuggerAddress: localhost:53413}, networkConnectionEnabled: false, pageLoadStrategy: normal, platformName: WINDOWS, proxy: Proxy(), se:cdp: ws://localhost:53413/devtoo..., se:cdpVersion: 105.0.5195.127, setWindowRect: true, strictFileInteractability: false, timeouts: {implicit: 0, pageLoad: 300000, script: 30000}, unhandledPromptBehavior: dismiss and notify, webauthn:extension:credBlob: true, webauthn:extension:largeBlob: true, webauthn:virtualAuthenticators: true}
Session ID: ba3203653213ae9d2c7e33222112593f
16:35:52.991 INFO  manager.ListenerWD - **********
16:35:52.991 INFO  manager.ListenerWD - ChromeDriver: chrome on WINDOWS (ba3203653213ae9d2c7e33222112593f)
16:35:53.004 INFO  manager.ListenerWD - Screen with error is :1427  src/test/screenshots/screen1427.png
