17:43:41.213 INFO  manager.ApplicationManager - Chrome driver opened
17:43:42.507 INFO  manager.ApplicationManager - Current URL is --:https://contacts-app.tobbymarshall815.vercel.app/home
17:43:42.536 INFO  TestBase - Start test with name:addNewContactSuccess
17:43:42.539 INFO  manager.ListenerWD - Before find elements By ----> By.xpath: //button[text()='Sign Out']
17:43:47.552 INFO  manager.ListenerWD - After find elements By ----> By.xpath: //button[text()='Sign Out']
17:43:47.554 INFO  manager.ListenerWD - List size ---0
17:43:47.555 INFO  manager.ListenerWD - Before find element By ----> By.xpath: //a[@href='/login']
17:43:47.582 INFO  manager.ListenerWD - After find element By ----> By.xpath: //a[@href='/login']
17:43:47.629 INFO  manager.ListenerWD - Before find element By ----> By.xpath: //input[@placeholder='Email']
17:43:47.656 INFO  manager.ListenerWD - After find element By ----> By.xpath: //input[@placeholder='Email']
17:43:47.767 INFO  manager.ListenerWD - Before find element By ----> By.xpath: //input[@placeholder='Password']
17:43:47.784 INFO  manager.ListenerWD - After find element By ----> By.xpath: //input[@placeholder='Password']
17:43:47.876 INFO  manager.ListenerWD - Before find element By ----> By.xpath: //*[text()=' Login']
17:43:47.893 INFO  manager.ListenerWD - After find element By ----> By.xpath: //*[text()=' Login']
17:43:47.928 INFO  manager.ListenerWD - Before find element By ----> By.cssSelector: a[href = '/add']
17:43:48.653 INFO  manager.ListenerWD - After find element By ----> By.cssSelector: a[href = '/add']
17:43:48.691 INFO  manager.ListenerWD - Before find element By ----> By.xpath: //input[@placeholder='Name']
17:43:48.713 INFO  manager.ListenerWD - After find element By ----> By.xpath: //input[@placeholder='Name']
17:43:48.804 INFO  manager.ListenerWD - Before find element By ----> By.xpath: //input[@placeholder='Last Name']
17:43:48.824 INFO  manager.ListenerWD - After find element By ----> By.xpath: //input[@placeholder='Last Name']
17:43:48.909 INFO  manager.ListenerWD - Before find element By ----> By.xpath: //input[@placeholder='Phone']
17:43:48.926 INFO  manager.ListenerWD - After find element By ----> By.xpath: //input[@placeholder='Phone']
17:43:49.019 INFO  manager.ListenerWD - Before find element By ----> By.xpath: //input[@placeholder='email']
17:43:49.038 INFO  manager.ListenerWD - After find element By ----> By.xpath: //input[@placeholder='email']
17:43:49.136 INFO  manager.ListenerWD - Before find element By ----> By.xpath: //input[@placeholder='Address']
17:43:49.154 INFO  manager.ListenerWD - After find element By ----> By.xpath: //input[@placeholder='Address']
17:43:49.243 INFO  manager.ListenerWD - Before find element By ----> By.xpath: //input[@placeholder='description']
17:43:49.264 INFO  manager.ListenerWD - After find element By ----> By.xpath: //input[@placeholder='description']
17:43:49.357 INFO  manager.ListenerWD - Before find element By ----> By.cssSelector: [placeholder='description']
17:43:49.383 INFO  manager.ListenerWD - After find element By ----> By.cssSelector: [placeholder='description']
17:43:49.405 INFO  manager.ListenerWD - Before find element By ----> By.cssSelector: [placeholder='description']
17:43:49.419 INFO  manager.ListenerWD - After find element By ----> By.cssSelector: [placeholder='description']
17:43:49.453 INFO  manager.ListenerWD - Before find element By ----> By.xpath: //b[text()='Save']
17:43:49.471 INFO  manager.ListenerWD - After find element By ----> By.xpath: //b[text()='Save']
17:43:49.500 INFO  manager.ListenerWD - Before find elements By ----> By.cssSelector: h2
17:43:49.868 INFO  manager.ListenerWD - After find elements By ----> By.cssSelector: h2
17:43:49.869 INFO  manager.ListenerWD - List size ---5
17:43:49.909 INFO  manager.ListenerWD - Before find elements By ----> By.cssSelector: h3
17:43:49.945 INFO  manager.ListenerWD - After find elements By ----> By.cssSelector: h3
17:43:49.946 INFO  manager.ListenerWD - List size ---5
17:43:49.989 INFO  TestBase - Start test with name:addNewContactSuccessRequiredFields
17:43:49.990 INFO  manager.ListenerWD - Before find elements By ----> By.xpath: //button[text()='Sign Out']
17:43:50.006 INFO  manager.ListenerWD - After find elements By ----> By.xpath: //button[text()='Sign Out']
17:43:50.006 INFO  manager.ListenerWD - List size ---1
17:43:50.007 INFO  manager.ListenerWD - Before find element By ----> By.cssSelector: a[href = '/add']
17:43:50.020 INFO  manager.ListenerWD - After find element By ----> By.cssSelector: a[href = '/add']
17:43:50.048 INFO  manager.ListenerWD - Before find element By ----> By.xpath: //input[@placeholder='Name']
17:43:50.064 INFO  manager.ListenerWD - After find element By ----> By.xpath: //input[@placeholder='Name']
17:43:50.149 INFO  manager.ListenerWD - Before find element By ----> By.xpath: //input[@placeholder='Last Name']
17:43:50.162 INFO  manager.ListenerWD - After find element By ----> By.xpath: //input[@placeholder='Last Name']
17:43:50.238 INFO  manager.ListenerWD - Before find element By ----> By.xpath: //input[@placeholder='Phone']
17:43:50.251 INFO  manager.ListenerWD - After find element By ----> By.xpath: //input[@placeholder='Phone']
17:43:50.332 INFO  manager.ListenerWD - Before find element By ----> By.xpath: //input[@placeholder='email']
17:43:50.345 INFO  manager.ListenerWD - After find element By ----> By.xpath: //input[@placeholder='email']
17:43:50.431 INFO  manager.ListenerWD - Before find element By ----> By.xpath: //input[@placeholder='Address']
17:43:50.444 INFO  manager.ListenerWD - After find element By ----> By.xpath: //input[@placeholder='Address']
17:43:50.522 INFO  manager.ListenerWD - Before find element By ----> By.cssSelector: [placeholder='description']
17:43:50.534 INFO  manager.ListenerWD - After find element By ----> By.cssSelector: [placeholder='description']
17:43:50.575 INFO  manager.ListenerWD - Before find element By ----> By.xpath: //b[text()='Save']
17:43:50.596 INFO  manager.ListenerWD - After find element By ----> By.xpath: //b[text()='Save']
17:43:50.626 INFO  manager.ListenerWD - Before find elements By ----> By.cssSelector: h2
17:43:50.901 INFO  manager.ListenerWD - After find elements By ----> By.cssSelector: h2
17:43:50.901 INFO  manager.ListenerWD - List size ---6
17:43:50.948 INFO  manager.ListenerWD - Before find elements By ----> By.cssSelector: h3
17:43:50.980 INFO  manager.ListenerWD - After find elements By ----> By.cssSelector: h3
17:43:50.980 INFO  manager.ListenerWD - List size ---6
17:43:51.028 INFO  TestBase - Start test with name:addNewContactWrongName
17:43:51.029 INFO  manager.ListenerWD - Before find elements By ----> By.xpath: //button[text()='Sign Out']
17:43:51.041 INFO  manager.ListenerWD - After find elements By ----> By.xpath: //button[text()='Sign Out']
17:43:51.041 INFO  manager.ListenerWD - List size ---1
17:43:51.042 INFO  manager.ListenerWD - Before find element By ----> By.cssSelector: a[href = '/add']
17:43:51.054 INFO  manager.ListenerWD - After find element By ----> By.cssSelector: a[href = '/add']
17:43:51.081 INFO  manager.ListenerWD - Before find element By ----> By.xpath: //input[@placeholder='Name']
17:43:51.095 INFO  manager.ListenerWD - After find element By ----> By.xpath: //input[@placeholder='Name']
17:43:51.179 INFO  manager.ListenerWD - Before find element By ----> By.xpath: //input[@placeholder='Last Name']
17:43:51.192 INFO  manager.ListenerWD - After find element By ----> By.xpath: //input[@placeholder='Last Name']
17:43:51.267 INFO  manager.ListenerWD - Before find element By ----> By.xpath: //input[@placeholder='Phone']
17:43:51.280 INFO  manager.ListenerWD - After find element By ----> By.xpath: //input[@placeholder='Phone']
17:43:51.366 INFO  manager.ListenerWD - Before find element By ----> By.xpath: //input[@placeholder='email']
17:43:51.383 INFO  manager.ListenerWD - After find element By ----> By.xpath: //input[@placeholder='email']
17:43:51.464 INFO  manager.ListenerWD - Before find element By ----> By.xpath: //input[@placeholder='Address']
17:43:51.475 INFO  manager.ListenerWD - After find element By ----> By.xpath: //input[@placeholder='Address']
17:43:51.551 INFO  manager.ListenerWD - Before find element By ----> By.cssSelector: [placeholder='description']
17:43:51.561 INFO  manager.ListenerWD - After find element By ----> By.cssSelector: [placeholder='description']
17:43:51.597 INFO  manager.ListenerWD - Before find element By ----> By.xpath: //b[text()='Save']
17:43:51.610 INFO  manager.ListenerWD - After find element By ----> By.xpath: //b[text()='Save']
17:43:51.640 INFO  manager.ListenerWD - Before find element By ----> By.cssSelector: [placeholder='description']
17:43:51.652 INFO  manager.ListenerWD - After find element By ----> By.cssSelector: [placeholder='description']
17:43:51.683 INFO  manager.ListenerWD - Before find element By ----> By.cssSelector: [placeholder='description']
17:43:51.695 INFO  manager.ListenerWD - After find element By ----> By.cssSelector: [placeholder='description']
17:43:51.724 INFO  manager.ListenerWD - Before find element By ----> By.cssSelector: [placeholder='description']
17:43:51.736 INFO  manager.ListenerWD - After find element By ----> By.cssSelector: [placeholder='description']
17:43:51.764 INFO  manager.ListenerWD - Before find element By ----> By.cssSelector: [placeholder='description']
17:43:51.776 INFO  manager.ListenerWD - After find element By ----> By.cssSelector: [placeholder='description']
17:43:51.805 INFO  manager.ListenerWD - Before find element By ----> By.cssSelector: [placeholder='description']
17:43:51.817 INFO  manager.ListenerWD - After find element By ----> By.cssSelector: [placeholder='description']
17:43:51.844 INFO  manager.ListenerWD - Before find element By ----> By.cssSelector: [placeholder='description']
17:43:51.857 INFO  manager.ListenerWD - After find element By ----> By.cssSelector: [placeholder='description']
17:43:51.887 INFO  manager.ListenerWD - Before find element By ----> By.cssSelector: [placeholder='description']
17:43:51.900 INFO  manager.ListenerWD - After find element By ----> By.cssSelector: [placeholder='description']
17:43:51.931 INFO  manager.ListenerWD - Before find element By ----> By.cssSelector: [placeholder='description']
17:43:51.943 INFO  manager.ListenerWD - After find element By ----> By.cssSelector: [placeholder='description']
17:43:51.971 INFO  manager.ListenerWD - Before find elements By ----> By.cssSelector: a.active[href='/add']
17:43:51.987 INFO  manager.ListenerWD - After find elements By ----> By.cssSelector: a.active[href='/add']
17:43:51.987 INFO  manager.ListenerWD - List size ---1
17:43:51.988 INFO  TestBase - Start test with name:loginNegativeWrongEmailFormat
17:43:51.989 INFO  TestBase - Start checking authorisation
17:43:54.001 INFO  manager.ListenerWD - Before find elements By ----> By.xpath: //button[text()='Sign Out']
17:43:54.018 INFO  manager.ListenerWD - After find elements By ----> By.xpath: //button[text()='Sign Out']
17:43:54.019 INFO  manager.ListenerWD - List size ---1
17:43:56.034 INFO  manager.ListenerWD - Before find element By ----> By.xpath: //button[text()='Sign Out']
17:43:56.057 INFO  manager.ListenerWD - After find element By ----> By.xpath: //button[text()='Sign Out']
17:44:01.140 INFO  manager.ListenerWD - We have a 'PROBLEM'
17:44:01.140 INFO  manager.ListenerWD - The name of error method ---click
17:44:01.144 INFO  manager.ListenerWD - Describe of error ---org.openqa.selenium.ElementNotInteractableException: element not interactable
  (Session info: chrome=105.0.5195.127)
Build info: version: '4.4.0', revision: 'e5c75ed026a'
System info: host: 'LAPTOP-MOSO9MHA', ip: '192.168.1.12', os.name: 'Windows 10', os.arch: 'amd64', os.version: '10.0', java.version: '11.0.16.1'
Driver info: org.openqa.selenium.chrome.ChromeDriver
Command: [500ad4ee886bc4762045af72456b437b, clickElement {id=d6a904b3-5c85-429a-a9fd-7cec4fbfe0f6}]
Capabilities {acceptInsecureCerts: false, browserName: chrome, browserVersion: 105.0.5195.127, chrome: {chromedriverVersion: 104.0.5112.79 (3cf3e8c8a07d..., userDataDir: C:\Users\User\AppData\Local...}, goog:chromeOptions: {debuggerAddress: localhost:62626}, networkConnectionEnabled: false, pageLoadStrategy: normal, platformName: WINDOWS, proxy: Proxy(), se:cdp: ws://localhost:62626/devtoo..., se:cdpVersion: 105.0.5195.127, setWindowRect: true, strictFileInteractability: false, timeouts: {implicit: 0, pageLoad: 300000, script: 30000}, unhandledPromptBehavior: dismiss and notify, webauthn:extension:credBlob: true, webauthn:extension:largeBlob: true, webauthn:virtualAuthenticators: true}
Element: [[ChromeDriver: chrome on WINDOWS (500ad4ee886bc4762045af72456b437b)] -> xpath: //button[text()='Sign Out']]
Session ID: 500ad4ee886bc4762045af72456b437b
17:44:01.145 INFO  manager.ListenerWD - **********
17:44:01.145 INFO  manager.ListenerWD - [[ChromeDriver: chrome on WINDOWS (500ad4ee886bc4762045af72456b437b)] -> xpath: //button[text()='Sign Out']]
17:44:01.152 INFO  manager.ListenerWD - Screen with error is :1885  src/test/screenshots/screen1885.png
17:44:01.160 INFO  TestBase - Start test with name:RegistrationSuccess1
17:44:01.161 INFO  manager.ListenerWD - Before find elements By ----> By.xpath: //button[text()='Sign Out']
17:44:01.175 INFO  manager.ListenerWD - After find elements By ----> By.xpath: //button[text()='Sign Out']
17:44:01.175 INFO  manager.ListenerWD - List size ---1
17:44:01.175 INFO  manager.ListenerWD - Before find element By ----> By.xpath: //button[text()='Sign Out']
17:44:01.187 INFO  manager.ListenerWD - After find element By ----> By.xpath: //button[text()='Sign Out']
17:44:06.220 INFO  manager.ListenerWD - We have a 'PROBLEM'
17:44:06.220 INFO  manager.ListenerWD - The name of error method ---click
17:44:06.220 INFO  manager.ListenerWD - Describe of error ---org.openqa.selenium.ElementNotInteractableException: element not interactable
  (Session info: chrome=105.0.5195.127)
Build info: version: '4.4.0', revision: 'e5c75ed026a'
System info: host: 'LAPTOP-MOSO9MHA', ip: '192.168.1.12', os.name: 'Windows 10', os.arch: 'amd64', os.version: '10.0', java.version: '11.0.16.1'
Driver info: org.openqa.selenium.chrome.ChromeDriver
Command: [500ad4ee886bc4762045af72456b437b, clickElement {id=d6a904b3-5c85-429a-a9fd-7cec4fbfe0f6}]
Capabilities {acceptInsecureCerts: false, browserName: chrome, browserVersion: 105.0.5195.127, chrome: {chromedriverVersion: 104.0.5112.79 (3cf3e8c8a07d..., userDataDir: C:\Users\User\AppData\Local...}, goog:chromeOptions: {debuggerAddress: localhost:62626}, networkConnectionEnabled: false, pageLoadStrategy: normal, platformName: WINDOWS, proxy: Proxy(), se:cdp: ws://localhost:62626/devtoo..., se:cdpVersion: 105.0.5195.127, setWindowRect: true, strictFileInteractability: false, timeouts: {implicit: 0, pageLoad: 300000, script: 30000}, unhandledPromptBehavior: dismiss and notify, webauthn:extension:credBlob: true, webauthn:extension:largeBlob: true, webauthn:virtualAuthenticators: true}
Element: [[ChromeDriver: chrome on WINDOWS (500ad4ee886bc4762045af72456b437b)] -> xpath: //button[text()='Sign Out']]
Session ID: 500ad4ee886bc4762045af72456b437b
17:44:06.221 INFO  manager.ListenerWD - **********
17:44:06.221 INFO  manager.ListenerWD - [[ChromeDriver: chrome on WINDOWS (500ad4ee886bc4762045af72456b437b)] -> xpath: //button[text()='Sign Out']]
17:44:06.221 INFO  manager.ListenerWD - Screen with error is :1990  src/test/screenshots/screen1990.png
17:44:06.230 INFO  TestBase - Start test with name:RemoveAllContacts
17:44:06.231 INFO  manager.ListenerWD - Before find elements By ----> By.xpath: //button[text()='Sign Out']
17:44:06.243 INFO  manager.ListenerWD - After find elements By ----> By.xpath: //button[text()='Sign Out']
17:44:06.244 INFO  manager.ListenerWD - List size ---1
17:44:06.244 INFO  manager.ListenerWD - Before find elements By ----> By.cssSelector: .contact-item_card__2SOIM
17:44:11.303 INFO  manager.ListenerWD - After find elements By ----> By.cssSelector: .contact-item_card__2SOIM
17:44:11.303 INFO  manager.ListenerWD - List size ---0
17:44:11.305 INFO  manager.ListenerWD - Before find element By ----> By.cssSelector: a[href = '/add']
17:44:11.333 INFO  manager.ListenerWD - After find element By ----> By.cssSelector: a[href = '/add']
17:44:16.344 INFO  manager.ListenerWD - We have a 'PROBLEM'
17:44:16.344 INFO  manager.ListenerWD - The name of error method ---click
17:44:16.344 INFO  manager.ListenerWD - Describe of error ---org.openqa.selenium.ElementNotInteractableException: element not interactable
  (Session info: chrome=105.0.5195.127)
Build info: version: '4.4.0', revision: 'e5c75ed026a'
System info: host: 'LAPTOP-MOSO9MHA', ip: '192.168.1.12', os.name: 'Windows 10', os.arch: 'amd64', os.version: '10.0', java.version: '11.0.16.1'
Driver info: org.openqa.selenium.chrome.ChromeDriver
Command: [500ad4ee886bc4762045af72456b437b, clickElement {id=846b395e-65c4-46cd-a98b-d298d169e399}]
Capabilities {acceptInsecureCerts: false, browserName: chrome, browserVersion: 105.0.5195.127, chrome: {chromedriverVersion: 104.0.5112.79 (3cf3e8c8a07d..., userDataDir: C:\Users\User\AppData\Local...}, goog:chromeOptions: {debuggerAddress: localhost:62626}, networkConnectionEnabled: false, pageLoadStrategy: normal, platformName: WINDOWS, proxy: Proxy(), se:cdp: ws://localhost:62626/devtoo..., se:cdpVersion: 105.0.5195.127, setWindowRect: true, strictFileInteractability: false, timeouts: {implicit: 0, pageLoad: 300000, script: 30000}, unhandledPromptBehavior: dismiss and notify, webauthn:extension:credBlob: true, webauthn:extension:largeBlob: true, webauthn:virtualAuthenticators: true}
Element: [[ChromeDriver: chrome on WINDOWS (500ad4ee886bc4762045af72456b437b)] -> css selector: a[href = '/add']]
Session ID: 500ad4ee886bc4762045af72456b437b
17:44:16.344 INFO  manager.ListenerWD - **********
17:44:16.345 INFO  manager.ListenerWD - [[ChromeDriver: chrome on WINDOWS (500ad4ee886bc4762045af72456b437b)] -> css selector: a[href = '/add']]
17:44:16.345 INFO  manager.ListenerWD - Screen with error is :1377  src/test/screenshots/screen1377.png
