16:12:41.262 INFO  manager.ApplicationManager - Chrome driver opened
16:12:42.694 INFO  manager.ApplicationManager - Current URL is --:https://contacts-app.tobbymarshall815.vercel.app/home
16:12:42.721 INFO  TestBase - Start test with name:addNewContactSuccess
16:12:42.724 INFO  manager.ListenerWD - Before find elements By ----> By.xpath: //button[text()='Sign Out']
16:12:47.750 INFO  manager.ListenerWD - After find elements By ----> By.xpath: //button[text()='Sign Out']
16:12:47.751 INFO  manager.ListenerWD - List size ---0
16:12:47.753 INFO  manager.ListenerWD - Before find element By ----> By.xpath: //a[@href='/login']
16:12:47.784 INFO  manager.ListenerWD - After find element By ----> By.xpath: //a[@href='/login']
16:12:47.841 INFO  manager.ListenerWD - Before find element By ----> By.xpath: //input[@placeholder='Email']
16:12:47.868 INFO  manager.ListenerWD - After find element By ----> By.xpath: //input[@placeholder='Email']
16:12:47.968 INFO  manager.ListenerWD - Before find element By ----> By.xpath: //input[@placeholder='Password']
16:12:47.991 INFO  manager.ListenerWD - After find element By ----> By.xpath: //input[@placeholder='Password']
16:12:48.091 INFO  manager.ListenerWD - Before find element By ----> By.xpath: //*[text()=' Login']
16:12:48.111 INFO  manager.ListenerWD - After find element By ----> By.xpath: //*[text()=' Login']
16:12:48.145 INFO  manager.ListenerWD - Before find element By ----> By.cssSelector: a[href = '/add']
16:12:48.860 INFO  manager.ListenerWD - After find element By ----> By.cssSelector: a[href = '/add']
16:12:48.904 INFO  manager.ListenerWD - Before find element By ----> By.xpath: //input[@placeholder='Name']
16:12:48.926 INFO  manager.ListenerWD - After find element By ----> By.xpath: //input[@placeholder='Name']
16:12:49.016 INFO  manager.ListenerWD - Before find element By ----> By.xpath: //input[@placeholder='Last Name']
16:12:49.035 INFO  manager.ListenerWD - After find element By ----> By.xpath: //input[@placeholder='Last Name']
16:12:49.113 INFO  manager.ListenerWD - Before find element By ----> By.xpath: //input[@placeholder='Phone']
16:12:49.130 INFO  manager.ListenerWD - After find element By ----> By.xpath: //input[@placeholder='Phone']
16:12:49.215 INFO  manager.ListenerWD - Before find element By ----> By.xpath: //input[@placeholder='email']
16:12:49.233 INFO  manager.ListenerWD - After find element By ----> By.xpath: //input[@placeholder='email']
16:12:49.316 INFO  manager.ListenerWD - Before find element By ----> By.xpath: //input[@placeholder='Address']
16:12:49.333 INFO  manager.ListenerWD - After find element By ----> By.xpath: //input[@placeholder='Address']
16:12:49.410 INFO  manager.ListenerWD - Before find element By ----> By.xpath: //input[@placeholder='description']
16:12:49.428 INFO  manager.ListenerWD - After find element By ----> By.xpath: //input[@placeholder='description']
16:12:49.511 INFO  manager.ListenerWD - Before find element By ----> By.cssSelector: [placeholder='description']
16:12:49.527 INFO  manager.ListenerWD - After find element By ----> By.cssSelector: [placeholder='description']
16:12:49.546 INFO  manager.ListenerWD - Before find element By ----> By.cssSelector: [placeholder='description']
16:12:49.560 INFO  manager.ListenerWD - After find element By ----> By.cssSelector: [placeholder='description']
16:12:49.591 INFO  manager.ListenerWD - Before find element By ----> By.xpath: //b[text()='Save']
16:12:49.608 INFO  manager.ListenerWD - After find element By ----> By.xpath: //b[text()='Save']
16:12:49.635 INFO  manager.ListenerWD - Before find elements By ----> By.cssSelector: h2
16:12:50.048 INFO  manager.ListenerWD - After find elements By ----> By.cssSelector: h2
16:12:50.048 INFO  manager.ListenerWD - List size ---18
16:12:50.257 INFO  manager.ListenerWD - Before find elements By ----> By.cssSelector: h3
16:12:50.366 INFO  manager.ListenerWD - After find elements By ----> By.cssSelector: h3
16:12:50.366 INFO  manager.ListenerWD - List size ---18
