16:01:57.179 INFO  manager.ApplicationManager - Chrome driver opened
16:01:59.085 INFO  manager.ApplicationManager - Current URL is --:https://contacts-app.tobbymarshall815.vercel.app/home
16:01:59.123 INFO  TestBase - Start test with name:AddNewContactSuccess
16:01:59.126 INFO  manager.ListenerWD - Before find elements By ----> By.xpath: //button[text()='Sign Out']
16:02:04.139 INFO  manager.ListenerWD - After find elements By ----> By.xpath: //button[text()='Sign Out']
16:02:04.141 INFO  manager.ListenerWD - List size ---0
16:02:04.143 INFO  manager.ListenerWD - Before find element By ----> By.xpath: //a[@href='/login']
16:02:04.168 INFO  manager.ListenerWD - After find element By ----> By.xpath: //a[@href='/login']
16:02:04.230 INFO  manager.ListenerWD - Before find element By ----> By.xpath: //input[@placeholder='Email']
16:02:04.257 INFO  manager.ListenerWD - After find element By ----> By.xpath: //input[@placeholder='Email']
16:02:04.359 INFO  manager.ListenerWD - Before find element By ----> By.xpath: //input[@placeholder='Password']
16:02:04.380 INFO  manager.ListenerWD - After find element By ----> By.xpath: //input[@placeholder='Password']
16:02:04.468 INFO  manager.ListenerWD - Before find element By ----> By.xpath: //*[text()=' Login']
16:02:04.487 INFO  manager.ListenerWD - After find element By ----> By.xpath: //*[text()=' Login']
16:02:04.528 INFO  manager.ListenerWD - Before find element By ----> By.cssSelector: a[href = '/add']
16:02:05.674 INFO  manager.ListenerWD - After find element By ----> By.cssSelector: a[href = '/add']
16:02:05.711 INFO  manager.ListenerWD - Before find element By ----> By.xpath: //input[@placeholder='Name']
16:02:05.734 INFO  manager.ListenerWD - After find element By ----> By.xpath: //input[@placeholder='Name']
16:02:05.822 INFO  manager.ListenerWD - Before find element By ----> By.xpath: //input[@placeholder='Last Name']
16:02:05.841 INFO  manager.ListenerWD - After find element By ----> By.xpath: //input[@placeholder='Last Name']
16:02:05.920 INFO  manager.ListenerWD - Before find element By ----> By.xpath: //input[@placeholder='Phone']
16:02:05.939 INFO  manager.ListenerWD - After find element By ----> By.xpath: //input[@placeholder='Phone']
16:02:06.039 INFO  manager.ListenerWD - Before find element By ----> By.xpath: //input[@placeholder='email']
16:02:06.059 INFO  manager.ListenerWD - After find element By ----> By.xpath: //input[@placeholder='email']
16:02:06.152 INFO  manager.ListenerWD - Before find element By ----> By.xpath: //input[@placeholder='Address']
16:02:06.169 INFO  manager.ListenerWD - After find element By ----> By.xpath: //input[@placeholder='Address']
16:02:06.257 INFO  manager.ListenerWD - Before find element By ----> By.xpath: //input[@placeholder='description']
16:02:06.276 INFO  manager.ListenerWD - After find element By ----> By.xpath: //input[@placeholder='description']
16:02:06.351 INFO  manager.ListenerWD - Before find element By ----> By.cssSelector: [placeholder='description']
16:02:06.367 INFO  manager.ListenerWD - After find element By ----> By.cssSelector: [placeholder='description']
16:02:06.392 INFO  manager.ListenerWD - Before find element By ----> By.xpath: //b[text()='Save']
16:02:06.411 INFO  manager.ListenerWD - After find element By ----> By.xpath: //b[text()='Save']
16:02:06.440 INFO  manager.ListenerWD - Before find elements By ----> By.cssSelector: h2
16:02:06.824 INFO  manager.ListenerWD - After find elements By ----> By.cssSelector: h2
16:02:06.824 INFO  manager.ListenerWD - List size ---9
16:02:06.932 INFO  manager.ListenerWD - Before find elements By ----> By.cssSelector: h3
16:02:06.986 INFO  manager.ListenerWD - After find elements By ----> By.cssSelector: h3
16:02:06.986 INFO  manager.ListenerWD - List size ---9
16:02:07.099 INFO  TestBase - Start test with name:ChangeContact
16:02:07.099 INFO  manager.ListenerWD - Before find elements By ----> By.xpath: //button[text()='Sign Out']
16:02:07.112 INFO  manager.ListenerWD - After find elements By ----> By.xpath: //button[text()='Sign Out']
16:02:07.113 INFO  manager.ListenerWD - List size ---1
16:02:07.114 INFO  manager.ListenerWD - Before find element By ----> By.cssSelector: a[href='/contacts']
16:02:07.132 INFO  manager.ListenerWD - After find element By ----> By.cssSelector: a[href='/contacts']
16:02:07.162 INFO  manager.ListenerWD - Before find element By ----> By.cssSelector: h2
16:02:07.179 INFO  manager.ListenerWD - After find element By ----> By.cssSelector: h2
16:02:07.219 INFO  manager.ListenerWD - Before find element By ----> By.xpath: //button[text()='Edit']
16:02:07.247 INFO  manager.ListenerWD - After find element By ----> By.xpath: //button[text()='Edit']
16:02:07.275 INFO  manager.ListenerWD - Before find element By ----> By.xpath: //input[@placeholder='Name']
16:02:07.286 INFO  manager.ListenerWD - After find element By ----> By.xpath: //input[@placeholder='Name']
16:02:07.352 INFO  manager.ListenerWD - Before find element By ----> By.xpath: //input[@placeholder='Name']
16:02:07.365 INFO  manager.ListenerWD - After find element By ----> By.xpath: //input[@placeholder='Name']
16:02:07.423 INFO  manager.ListenerWD - Before find element By ----> By.xpath: //button[text()='Save']
16:02:07.439 INFO  manager.ListenerWD - After find element By ----> By.xpath: //button[text()='Save']
16:02:07.469 INFO  manager.ListenerWD - Before find elements By ----> By.cssSelector: .contact-item-detailed_card__50dTS
16:02:07.483 INFO  manager.ListenerWD - After find elements By ----> By.cssSelector: .contact-item-detailed_card__50dTS
16:02:07.483 INFO  manager.ListenerWD - List size ---1
16:02:07.484 INFO  TestBase - Start test with name:addNewContactSuccessRequiredFields
16:02:07.484 INFO  manager.ListenerWD - Before find elements By ----> By.xpath: //button[text()='Sign Out']
16:02:07.495 INFO  manager.ListenerWD - After find elements By ----> By.xpath: //button[text()='Sign Out']
16:02:07.496 INFO  manager.ListenerWD - List size ---1
16:02:07.497 INFO  manager.ListenerWD - Before find element By ----> By.cssSelector: a[href = '/add']
16:02:07.507 INFO  manager.ListenerWD - After find element By ----> By.cssSelector: a[href = '/add']
16:02:07.532 INFO  manager.ListenerWD - Before find element By ----> By.xpath: //input[@placeholder='Name']
16:02:07.545 INFO  manager.ListenerWD - After find element By ----> By.xpath: //input[@placeholder='Name']
16:02:07.635 INFO  manager.ListenerWD - Before find element By ----> By.xpath: //input[@placeholder='Last Name']
16:02:07.647 INFO  manager.ListenerWD - After find element By ----> By.xpath: //input[@placeholder='Last Name']
16:02:07.732 INFO  manager.ListenerWD - We have a 'PROBLEM'
16:02:07.733 INFO  manager.ListenerWD - The name of error method ---clear
16:02:07.735 INFO  manager.ListenerWD - Describe of error ---org.openqa.selenium.StaleElementReferenceException: stale element reference: element is not attached to the page document
  (Session info: chrome=105.0.5195.127)
For documentation on this error, please visit: https://selenium.dev/exceptions/#stale_element_reference
Build info: version: '4.4.0', revision: 'e5c75ed026a'
System info: host: 'LAPTOP-MOSO9MHA', ip: '192.168.1.12', os.name: 'Windows 10', os.arch: 'amd64', os.version: '10.0', java.version: '11.0.16.1'
Driver info: org.openqa.selenium.chrome.ChromeDriver
Command: [011927cc96e4d896dd8e0a53f65c527c, clearElement {id=c3b259e7-b357-44e3-ad41-738ead02ab0c}]
Capabilities {acceptInsecureCerts: false, browserName: chrome, browserVersion: 105.0.5195.127, chrome: {chromedriverVersion: 104.0.5112.79 (3cf3e8c8a07d..., userDataDir: C:\Users\User\AppData\Local...}, goog:chromeOptions: {debuggerAddress: localhost:64606}, networkConnectionEnabled: false, pageLoadStrategy: normal, platformName: WINDOWS, proxy: Proxy(), se:cdp: ws://localhost:64606/devtoo..., se:cdpVersion: 105.0.5195.127, setWindowRect: true, strictFileInteractability: false, timeouts: {implicit: 0, pageLoad: 300000, script: 30000}, unhandledPromptBehavior: dismiss and notify, webauthn:extension:credBlob: true, webauthn:extension:largeBlob: true, webauthn:virtualAuthenticators: true}
Element: [[ChromeDriver: chrome on WINDOWS (011927cc96e4d896dd8e0a53f65c527c)] -> xpath: //input[@placeholder='Last Name']]
Session ID: 011927cc96e4d896dd8e0a53f65c527c
16:02:07.736 INFO  manager.ListenerWD - **********
16:02:07.736 INFO  manager.ListenerWD - [[ChromeDriver: chrome on WINDOWS (011927cc96e4d896dd8e0a53f65c527c)] -> xpath: //input[@placeholder='Last Name']]
16:02:07.743 INFO  manager.ListenerWD - Screen with error is :1626  src/test/screenshots/screen1626.png
16:02:07.748 INFO  TestBase - Start test with name:addNewContactSuccessRequiredFields
16:02:07.748 INFO  manager.ListenerWD - Before find elements By ----> By.xpath: //button[text()='Sign Out']
16:02:07.762 INFO  manager.ListenerWD - After find elements By ----> By.xpath: //button[text()='Sign Out']
16:02:07.762 INFO  manager.ListenerWD - List size ---1
16:02:07.762 INFO  manager.ListenerWD - Before find element By ----> By.cssSelector: a[href = '/add']
16:02:07.777 INFO  manager.ListenerWD - After find element By ----> By.cssSelector: a[href = '/add']
16:02:07.803 INFO  manager.ListenerWD - Before find element By ----> By.xpath: //input[@placeholder='Name']
16:02:07.820 INFO  manager.ListenerWD - After find element By ----> By.xpath: //input[@placeholder='Name']
16:02:07.919 INFO  manager.ListenerWD - Before find element By ----> By.xpath: //input[@placeholder='Last Name']
16:02:07.934 INFO  manager.ListenerWD - After find element By ----> By.xpath: //input[@placeholder='Last Name']
16:02:08.010 INFO  manager.ListenerWD - Before find element By ----> By.xpath: //input[@placeholder='Phone']
16:02:08.023 INFO  manager.ListenerWD - After find element By ----> By.xpath: //input[@placeholder='Phone']
16:02:08.105 INFO  manager.ListenerWD - Before find element By ----> By.xpath: //input[@placeholder='email']
16:02:08.118 INFO  manager.ListenerWD - After find element By ----> By.xpath: //input[@placeholder='email']
16:02:08.209 INFO  manager.ListenerWD - Before find element By ----> By.xpath: //input[@placeholder='Address']
16:02:08.221 INFO  manager.ListenerWD - After find element By ----> By.xpath: //input[@placeholder='Address']
16:02:08.307 INFO  manager.ListenerWD - Before find element By ----> By.cssSelector: [placeholder='description']
16:02:08.324 INFO  manager.ListenerWD - After find element By ----> By.cssSelector: [placeholder='description']
16:02:08.364 INFO  manager.ListenerWD - Before find element By ----> By.xpath: //b[text()='Save']
16:02:08.379 INFO  manager.ListenerWD - After find element By ----> By.xpath: //b[text()='Save']
16:02:08.411 INFO  manager.ListenerWD - Before find elements By ----> By.cssSelector: h2
16:02:08.716 INFO  manager.ListenerWD - After find elements By ----> By.cssSelector: h2
16:02:08.716 INFO  manager.ListenerWD - List size ---10
16:02:08.830 INFO  manager.ListenerWD - Before find elements By ----> By.cssSelector: h3
16:02:08.870 INFO  manager.ListenerWD - After find elements By ----> By.cssSelector: h3
16:02:08.870 INFO  manager.ListenerWD - List size ---10
16:02:08.989 INFO  TestBase - Start test with name:addNewContactSuccessRequiredFields
16:02:08.989 INFO  manager.ListenerWD - Before find elements By ----> By.xpath: //button[text()='Sign Out']
16:02:09.002 INFO  manager.ListenerWD - After find elements By ----> By.xpath: //button[text()='Sign Out']
16:02:09.002 INFO  manager.ListenerWD - List size ---1
16:02:09.002 INFO  manager.ListenerWD - Before find element By ----> By.cssSelector: a[href = '/add']
16:02:09.014 INFO  manager.ListenerWD - After find element By ----> By.cssSelector: a[href = '/add']
16:02:09.040 INFO  manager.ListenerWD - Before find element By ----> By.xpath: //input[@placeholder='Name']
16:02:09.055 INFO  manager.ListenerWD - After find element By ----> By.xpath: //input[@placeholder='Name']
16:02:09.144 INFO  manager.ListenerWD - Before find element By ----> By.xpath: //input[@placeholder='Last Name']
16:02:09.156 INFO  manager.ListenerWD - After find element By ----> By.xpath: //input[@placeholder='Last Name']
16:02:09.237 INFO  manager.ListenerWD - Before find element By ----> By.xpath: //input[@placeholder='Phone']
16:02:09.249 INFO  manager.ListenerWD - After find element By ----> By.xpath: //input[@placeholder='Phone']
16:02:09.331 INFO  manager.ListenerWD - Before find element By ----> By.xpath: //input[@placeholder='email']
16:02:09.344 INFO  manager.ListenerWD - After find element By ----> By.xpath: //input[@placeholder='email']
16:02:09.432 INFO  manager.ListenerWD - Before find element By ----> By.xpath: //input[@placeholder='Address']
16:02:09.444 INFO  manager.ListenerWD - After find element By ----> By.xpath: //input[@placeholder='Address']
16:02:09.522 INFO  manager.ListenerWD - Before find element By ----> By.cssSelector: [placeholder='description']
16:02:09.532 INFO  manager.ListenerWD - After find element By ----> By.cssSelector: [placeholder='description']
16:02:09.573 INFO  manager.ListenerWD - Before find element By ----> By.xpath: //b[text()='Save']
16:02:09.590 INFO  manager.ListenerWD - After find element By ----> By.xpath: //b[text()='Save']
16:02:09.620 INFO  manager.ListenerWD - Before find elements By ----> By.cssSelector: h2
16:02:09.940 INFO  manager.ListenerWD - After find elements By ----> By.cssSelector: h2
16:02:09.940 INFO  manager.ListenerWD - List size ---11
16:02:10.067 INFO  manager.ListenerWD - Before find elements By ----> By.cssSelector: h3
16:02:10.113 INFO  manager.ListenerWD - After find elements By ----> By.cssSelector: h3
16:02:10.113 INFO  manager.ListenerWD - List size ---11
16:02:10.252 INFO  TestBase - Start test with name:addNewContactWrongName
16:02:10.253 INFO  manager.ListenerWD - Before find elements By ----> By.xpath: //button[text()='Sign Out']
16:02:10.264 INFO  manager.ListenerWD - After find elements By ----> By.xpath: //button[text()='Sign Out']
16:02:10.264 INFO  manager.ListenerWD - List size ---1
16:02:10.265 INFO  manager.ListenerWD - Before find element By ----> By.cssSelector: a[href = '/add']
16:02:10.276 INFO  manager.ListenerWD - After find element By ----> By.cssSelector: a[href = '/add']
16:02:10.300 INFO  manager.ListenerWD - Before find element By ----> By.xpath: //input[@placeholder='Name']
16:02:10.314 INFO  manager.ListenerWD - After find element By ----> By.xpath: //input[@placeholder='Name']
16:02:10.391 INFO  manager.ListenerWD - Before find element By ----> By.xpath: //input[@placeholder='Last Name']
16:02:10.403 INFO  manager.ListenerWD - After find element By ----> By.xpath: //input[@placeholder='Last Name']
16:02:10.486 INFO  manager.ListenerWD - Before find element By ----> By.xpath: //input[@placeholder='Phone']
16:02:10.498 INFO  manager.ListenerWD - After find element By ----> By.xpath: //input[@placeholder='Phone']
16:02:10.590 INFO  manager.ListenerWD - Before find element By ----> By.xpath: //input[@placeholder='email']
16:02:10.602 INFO  manager.ListenerWD - After find element By ----> By.xpath: //input[@placeholder='email']
16:02:10.687 INFO  manager.ListenerWD - Before find element By ----> By.xpath: //input[@placeholder='Address']
16:02:10.700 INFO  manager.ListenerWD - After find element By ----> By.xpath: //input[@placeholder='Address']
16:02:10.784 INFO  manager.ListenerWD - Before find element By ----> By.xpath: //input[@placeholder='description']
16:02:10.796 INFO  manager.ListenerWD - After find element By ----> By.xpath: //input[@placeholder='description']
16:02:10.881 INFO  manager.ListenerWD - Before find element By ----> By.cssSelector: [placeholder='description']
16:02:10.892 INFO  manager.ListenerWD - After find element By ----> By.cssSelector: [placeholder='description']
16:02:10.914 INFO  manager.ListenerWD - Before find element By ----> By.xpath: //b[text()='Save']
16:02:10.926 INFO  manager.ListenerWD - After find element By ----> By.xpath: //b[text()='Save']
16:02:10.956 INFO  manager.ListenerWD - Before find elements By ----> By.cssSelector: a.active[href='/add']
16:02:10.970 INFO  manager.ListenerWD - After find elements By ----> By.cssSelector: a.active[href='/add']
16:02:10.970 INFO  manager.ListenerWD - List size ---1
16:02:10.972 INFO  TestBase - Start test with name:loginNegativeWrongEmailFormat
16:02:10.973 INFO  TestBase - Start checking authorisation
16:02:10.973 INFO  manager.ListenerWD - Before find elements By ----> By.xpath: //button[text()='Sign Out']
16:02:10.984 INFO  manager.ListenerWD - After find elements By ----> By.xpath: //button[text()='Sign Out']
16:02:10.984 INFO  manager.ListenerWD - List size ---1
16:02:10.985 INFO  manager.ListenerWD - Before find element By ----> By.xpath: //button[text()='Sign Out']
16:02:11.000 INFO  manager.ListenerWD - After find element By ----> By.xpath: //button[text()='Sign Out']
16:02:16.072 INFO  manager.ListenerWD - We have a 'PROBLEM'
16:02:16.073 INFO  manager.ListenerWD - The name of error method ---click
16:02:16.073 INFO  manager.ListenerWD - Describe of error ---org.openqa.selenium.ElementNotInteractableException: element not interactable
  (Session info: chrome=105.0.5195.127)
Build info: version: '4.4.0', revision: 'e5c75ed026a'
System info: host: 'LAPTOP-MOSO9MHA', ip: '192.168.1.12', os.name: 'Windows 10', os.arch: 'amd64', os.version: '10.0', java.version: '11.0.16.1'
Driver info: org.openqa.selenium.chrome.ChromeDriver
Command: [011927cc96e4d896dd8e0a53f65c527c, clickElement {id=68a5298f-fa2d-4e54-82ea-f49b8b939874}]
Capabilities {acceptInsecureCerts: false, browserName: chrome, browserVersion: 105.0.5195.127, chrome: {chromedriverVersion: 104.0.5112.79 (3cf3e8c8a07d..., userDataDir: C:\Users\User\AppData\Local...}, goog:chromeOptions: {debuggerAddress: localhost:64606}, networkConnectionEnabled: false, pageLoadStrategy: normal, platformName: WINDOWS, proxy: Proxy(), se:cdp: ws://localhost:64606/devtoo..., se:cdpVersion: 105.0.5195.127, setWindowRect: true, strictFileInteractability: false, timeouts: {implicit: 0, pageLoad: 300000, script: 30000}, unhandledPromptBehavior: dismiss and notify, webauthn:extension:credBlob: true, webauthn:extension:largeBlob: true, webauthn:virtualAuthenticators: true}
Element: [[ChromeDriver: chrome on WINDOWS (011927cc96e4d896dd8e0a53f65c527c)] -> xpath: //button[text()='Sign Out']]
Session ID: 011927cc96e4d896dd8e0a53f65c527c
16:02:16.073 INFO  manager.ListenerWD - **********
16:02:16.073 INFO  manager.ListenerWD - [[ChromeDriver: chrome on WINDOWS (011927cc96e4d896dd8e0a53f65c527c)] -> xpath: //button[text()='Sign Out']]
16:02:16.073 INFO  manager.ListenerWD - Screen with error is :1574  src/test/screenshots/screen1574.png
16:02:16.082 INFO  TestBase - Start test with name:RegistrationSuccess
16:02:16.084 INFO  manager.ListenerWD - Before find elements By ----> By.xpath: //button[text()='Sign Out']
16:02:16.097 INFO  manager.ListenerWD - After find elements By ----> By.xpath: //button[text()='Sign Out']
16:02:16.097 INFO  manager.ListenerWD - List size ---1
16:02:16.097 INFO  manager.ListenerWD - Before find element By ----> By.xpath: //button[text()='Sign Out']
16:02:16.107 INFO  manager.ListenerWD - After find element By ----> By.xpath: //button[text()='Sign Out']
16:02:21.182 INFO  manager.ListenerWD - We have a 'PROBLEM'
16:02:21.182 INFO  manager.ListenerWD - The name of error method ---click
16:02:21.183 INFO  manager.ListenerWD - Describe of error ---org.openqa.selenium.ElementNotInteractableException: element not interactable
  (Session info: chrome=105.0.5195.127)
Build info: version: '4.4.0', revision: 'e5c75ed026a'
System info: host: 'LAPTOP-MOSO9MHA', ip: '192.168.1.12', os.name: 'Windows 10', os.arch: 'amd64', os.version: '10.0', java.version: '11.0.16.1'
Driver info: org.openqa.selenium.chrome.ChromeDriver
Command: [011927cc96e4d896dd8e0a53f65c527c, clickElement {id=68a5298f-fa2d-4e54-82ea-f49b8b939874}]
Capabilities {acceptInsecureCerts: false, browserName: chrome, browserVersion: 105.0.5195.127, chrome: {chromedriverVersion: 104.0.5112.79 (3cf3e8c8a07d..., userDataDir: C:\Users\User\AppData\Local...}, goog:chromeOptions: {debuggerAddress: localhost:64606}, networkConnectionEnabled: false, pageLoadStrategy: normal, platformName: WINDOWS, proxy: Proxy(), se:cdp: ws://localhost:64606/devtoo..., se:cdpVersion: 105.0.5195.127, setWindowRect: true, strictFileInteractability: false, timeouts: {implicit: 0, pageLoad: 300000, script: 30000}, unhandledPromptBehavior: dismiss and notify, webauthn:extension:credBlob: true, webauthn:extension:largeBlob: true, webauthn:virtualAuthenticators: true}
Element: [[ChromeDriver: chrome on WINDOWS (011927cc96e4d896dd8e0a53f65c527c)] -> xpath: //button[text()='Sign Out']]
Session ID: 011927cc96e4d896dd8e0a53f65c527c
16:02:21.183 INFO  manager.ListenerWD - **********
16:02:21.183 INFO  manager.ListenerWD - [[ChromeDriver: chrome on WINDOWS (011927cc96e4d896dd8e0a53f65c527c)] -> xpath: //button[text()='Sign Out']]
16:02:21.183 INFO  manager.ListenerWD - Screen with error is :1060  src/test/screenshots/screen1060.png
16:02:21.198 INFO  TestBase - Start test with name:RemoveAllContacts
16:02:21.199 INFO  manager.ListenerWD - Before find elements By ----> By.xpath: //button[text()='Sign Out']
16:02:21.216 INFO  manager.ListenerWD - After find elements By ----> By.xpath: //button[text()='Sign Out']
16:02:21.216 INFO  manager.ListenerWD - List size ---1
16:02:21.216 INFO  manager.ListenerWD - Before find elements By ----> By.cssSelector: .contact-item_card__2SOIM
16:02:26.281 INFO  manager.ListenerWD - After find elements By ----> By.cssSelector: .contact-item_card__2SOIM
16:02:26.281 INFO  manager.ListenerWD - List size ---0
16:02:26.282 INFO  manager.ListenerWD - Before find element By ----> By.cssSelector: a[href = '/add']
16:02:26.293 INFO  manager.ListenerWD - After find element By ----> By.cssSelector: a[href = '/add']
16:02:31.326 INFO  manager.ListenerWD - We have a 'PROBLEM'
16:02:31.326 INFO  manager.ListenerWD - The name of error method ---click
16:02:31.326 INFO  manager.ListenerWD - Describe of error ---org.openqa.selenium.ElementNotInteractableException: element not interactable
  (Session info: chrome=105.0.5195.127)
Build info: version: '4.4.0', revision: 'e5c75ed026a'
System info: host: 'LAPTOP-MOSO9MHA', ip: '192.168.1.12', os.name: 'Windows 10', os.arch: 'amd64', os.version: '10.0', java.version: '11.0.16.1'
Driver info: org.openqa.selenium.chrome.ChromeDriver
Command: [011927cc96e4d896dd8e0a53f65c527c, clickElement {id=1994f853-de80-4cf9-97fc-b7d2427f8ed2}]
Capabilities {acceptInsecureCerts: false, browserName: chrome, browserVersion: 105.0.5195.127, chrome: {chromedriverVersion: 104.0.5112.79 (3cf3e8c8a07d..., userDataDir: C:\Users\User\AppData\Local...}, goog:chromeOptions: {debuggerAddress: localhost:64606}, networkConnectionEnabled: false, pageLoadStrategy: normal, platformName: WINDOWS, proxy: Proxy(), se:cdp: ws://localhost:64606/devtoo..., se:cdpVersion: 105.0.5195.127, setWindowRect: true, strictFileInteractability: false, timeouts: {implicit: 0, pageLoad: 300000, script: 30000}, unhandledPromptBehavior: dismiss and notify, webauthn:extension:credBlob: true, webauthn:extension:largeBlob: true, webauthn:virtualAuthenticators: true}
Element: [[ChromeDriver: chrome on WINDOWS (011927cc96e4d896dd8e0a53f65c527c)] -> css selector: a[href = '/add']]
Session ID: 011927cc96e4d896dd8e0a53f65c527c
16:02:31.326 INFO  manager.ListenerWD - **********
16:02:31.326 INFO  manager.ListenerWD - [[ChromeDriver: chrome on WINDOWS (011927cc96e4d896dd8e0a53f65c527c)] -> css selector: a[href = '/add']]
16:02:31.326 INFO  manager.ListenerWD - Screen with error is :1219  src/test/screenshots/screen1219.png
