16:07:35.300 INFO  manager.ApplicationManager - Chrome driver opened
16:07:37.355 INFO  manager.ApplicationManager - Current URL is --:https://contacts-app.tobbymarshall815.vercel.app/home
16:07:37.393 INFO  TestBase - Start test with name:addNewContactWrongName
16:07:37.396 INFO  manager.ListenerWD - Before find elements By ----> By.xpath: //button[text()='Sign Out']
16:07:42.444 INFO  manager.ListenerWD - After find elements By ----> By.xpath: //button[text()='Sign Out']
16:07:42.446 INFO  manager.ListenerWD - List size ---0
16:07:42.448 INFO  manager.ListenerWD - Before find element By ----> By.xpath: //a[@href='/login']
16:07:42.475 INFO  manager.ListenerWD - After find element By ----> By.xpath: //a[@href='/login']
16:07:42.535 INFO  manager.ListenerWD - Before find element By ----> By.xpath: //input[@placeholder='Email']
16:07:42.567 INFO  manager.ListenerWD - After find element By ----> By.xpath: //input[@placeholder='Email']
16:07:42.704 INFO  manager.ListenerWD - Before find element By ----> By.xpath: //input[@placeholder='Password']
16:07:42.729 INFO  manager.ListenerWD - After find element By ----> By.xpath: //input[@placeholder='Password']
16:07:42.842 INFO  manager.ListenerWD - Before find element By ----> By.xpath: //*[text()=' Login']
16:07:42.864 INFO  manager.ListenerWD - After find element By ----> By.xpath: //*[text()=' Login']
16:07:42.901 INFO  manager.ListenerWD - Before find element By ----> By.cssSelector: a[href = '/add']
16:07:43.609 INFO  manager.ListenerWD - After find element By ----> By.cssSelector: a[href = '/add']
16:07:43.651 INFO  manager.ListenerWD - Before find element By ----> By.xpath: //input[@placeholder='Name']
16:07:43.676 INFO  manager.ListenerWD - After find element By ----> By.xpath: //input[@placeholder='Name']
16:07:43.761 INFO  manager.ListenerWD - Before find element By ----> By.xpath: //input[@placeholder='Last Name']
16:07:43.780 INFO  manager.ListenerWD - After find element By ----> By.xpath: //input[@placeholder='Last Name']
16:07:43.869 INFO  manager.ListenerWD - Before find element By ----> By.xpath: //input[@placeholder='Phone']
16:07:43.889 INFO  manager.ListenerWD - After find element By ----> By.xpath: //input[@placeholder='Phone']
16:07:43.980 INFO  manager.ListenerWD - Before find element By ----> By.xpath: //input[@placeholder='email']
16:07:44.000 INFO  manager.ListenerWD - After find element By ----> By.xpath: //input[@placeholder='email']
16:07:44.091 INFO  manager.ListenerWD - Before find element By ----> By.xpath: //input[@placeholder='Address']
16:07:44.113 INFO  manager.ListenerWD - After find element By ----> By.xpath: //input[@placeholder='Address']
16:07:44.208 INFO  manager.ListenerWD - Before find element By ----> By.xpath: //input[@placeholder='description']
16:07:44.229 INFO  manager.ListenerWD - After find element By ----> By.xpath: //input[@placeholder='description']
16:07:44.336 INFO  manager.ListenerWD - Before find element By ----> By.cssSelector: [placeholder='description']
16:07:44.356 INFO  manager.ListenerWD - After find element By ----> By.cssSelector: [placeholder='description']
16:07:44.540 INFO  manager.ListenerWD - Before find element By ----> By.xpath: //b[text()='Save']
16:07:44.563 INFO  manager.ListenerWD - After find element By ----> By.xpath: //b[text()='Save']
16:07:44.594 INFO  manager.ListenerWD - Before find elements By ----> By.cssSelector: a.active[href='/add']
16:07:44.612 INFO  manager.ListenerWD - After find elements By ----> By.cssSelector: a.active[href='/add']
16:07:44.613 INFO  manager.ListenerWD - List size ---1
