17:40:57.809 INFO  manager.ApplicationManager - Chrome driver opened
17:40:59.343 INFO  manager.ApplicationManager - Current URL is --:https://contacts-app.tobbymarshall815.vercel.app/home
17:40:59.369 INFO  TestBase - Start test with name:addNewContactSuccess
17:40:59.372 INFO  manager.ListenerWD - Before find elements By ----> By.xpath: //button[text()='Sign Out']
17:41:04.440 INFO  manager.ListenerWD - After find elements By ----> By.xpath: //button[text()='Sign Out']
17:41:04.441 INFO  manager.ListenerWD - List size ---0
17:41:04.443 INFO  manager.ListenerWD - Before find element By ----> By.xpath: //a[@href='/login']
17:41:04.471 INFO  manager.ListenerWD - After find element By ----> By.xpath: //a[@href='/login']
17:41:04.521 INFO  manager.ListenerWD - Before find element By ----> By.xpath: //input[@placeholder='Email']
17:41:04.547 INFO  manager.ListenerWD - After find element By ----> By.xpath: //input[@placeholder='Email']
17:41:04.645 INFO  manager.ListenerWD - Before find element By ----> By.xpath: //input[@placeholder='Password']
17:41:04.663 INFO  manager.ListenerWD - After find element By ----> By.xpath: //input[@placeholder='Password']
17:41:04.764 INFO  manager.ListenerWD - Before find element By ----> By.xpath: //*[text()=' Login']
17:41:04.784 INFO  manager.ListenerWD - After find element By ----> By.xpath: //*[text()=' Login']
17:41:04.823 INFO  manager.ListenerWD - Before find element By ----> By.cssSelector: a[href = '/add']
17:41:05.490 INFO  manager.ListenerWD - After find element By ----> By.cssSelector: a[href = '/add']
17:41:05.533 INFO  manager.ListenerWD - Before find element By ----> By.xpath: //input[@placeholder='Name']
17:41:05.554 INFO  manager.ListenerWD - After find element By ----> By.xpath: //input[@placeholder='Name']
17:41:05.646 INFO  manager.ListenerWD - Before find element By ----> By.xpath: //input[@placeholder='Last Name']
17:41:05.663 INFO  manager.ListenerWD - After find element By ----> By.xpath: //input[@placeholder='Last Name']
17:41:05.747 INFO  manager.ListenerWD - Before find element By ----> By.xpath: //input[@placeholder='Phone']
17:41:05.766 INFO  manager.ListenerWD - After find element By ----> By.xpath: //input[@placeholder='Phone']
17:41:05.852 INFO  manager.ListenerWD - Before find element By ----> By.xpath: //input[@placeholder='email']
17:41:05.872 INFO  manager.ListenerWD - After find element By ----> By.xpath: //input[@placeholder='email']
17:41:05.968 INFO  manager.ListenerWD - Before find element By ----> By.xpath: //input[@placeholder='Address']
17:41:05.986 INFO  manager.ListenerWD - After find element By ----> By.xpath: //input[@placeholder='Address']
17:41:06.076 INFO  manager.ListenerWD - Before find element By ----> By.xpath: //input[@placeholder='description']
17:41:06.093 INFO  manager.ListenerWD - After find element By ----> By.xpath: //input[@placeholder='description']
17:41:06.176 INFO  manager.ListenerWD - Before find element By ----> By.cssSelector: [placeholder='description']
17:41:06.195 INFO  manager.ListenerWD - After find element By ----> By.cssSelector: [placeholder='description']
17:41:06.218 INFO  manager.ListenerWD - Before find element By ----> By.cssSelector: [placeholder='description']
17:41:06.233 INFO  manager.ListenerWD - After find element By ----> By.cssSelector: [placeholder='description']
17:41:06.263 INFO  manager.ListenerWD - Before find element By ----> By.xpath: //b[text()='Save']
17:41:06.278 INFO  manager.ListenerWD - After find element By ----> By.xpath: //b[text()='Save']
17:41:06.308 INFO  manager.ListenerWD - Before find elements By ----> By.cssSelector: h2
17:41:06.655 INFO  manager.ListenerWD - After find elements By ----> By.cssSelector: h2
17:41:06.656 INFO  manager.ListenerWD - List size ---3
17:41:06.672 INFO  manager.ListenerWD - Before find elements By ----> By.cssSelector: h3
17:41:06.698 INFO  manager.ListenerWD - After find elements By ----> By.cssSelector: h3
17:41:06.698 INFO  manager.ListenerWD - List size ---3
17:41:06.713 INFO  TestBase - Start test with name:addNewContactSuccessRequiredFields
17:41:06.713 INFO  manager.ListenerWD - Before find elements By ----> By.xpath: //button[text()='Sign Out']
17:41:06.725 INFO  manager.ListenerWD - After find elements By ----> By.xpath: //button[text()='Sign Out']
17:41:06.726 INFO  manager.ListenerWD - List size ---1
17:41:06.727 INFO  manager.ListenerWD - Before find element By ----> By.cssSelector: a[href = '/add']
17:41:06.740 INFO  manager.ListenerWD - After find element By ----> By.cssSelector: a[href = '/add']
17:41:06.768 INFO  manager.ListenerWD - Before find element By ----> By.xpath: //input[@placeholder='Name']
17:41:06.783 INFO  manager.ListenerWD - After find element By ----> By.xpath: //input[@placeholder='Name']
17:41:06.868 INFO  manager.ListenerWD - Before find element By ----> By.xpath: //input[@placeholder='Last Name']
17:41:06.880 INFO  manager.ListenerWD - After find element By ----> By.xpath: //input[@placeholder='Last Name']
17:41:06.965 INFO  manager.ListenerWD - Before find element By ----> By.xpath: //input[@placeholder='Phone']
17:41:06.977 INFO  manager.ListenerWD - After find element By ----> By.xpath: //input[@placeholder='Phone']
17:41:07.066 INFO  manager.ListenerWD - Before find element By ----> By.xpath: //input[@placeholder='email']
17:41:07.079 INFO  manager.ListenerWD - After find element By ----> By.xpath: //input[@placeholder='email']
17:41:07.171 INFO  manager.ListenerWD - Before find element By ----> By.xpath: //input[@placeholder='Address']
17:41:07.186 INFO  manager.ListenerWD - After find element By ----> By.xpath: //input[@placeholder='Address']
17:41:07.270 INFO  manager.ListenerWD - Before find element By ----> By.cssSelector: [placeholder='description']
17:41:07.283 INFO  manager.ListenerWD - After find element By ----> By.cssSelector: [placeholder='description']
17:41:07.324 INFO  manager.ListenerWD - Before find element By ----> By.xpath: //b[text()='Save']
17:41:07.341 INFO  manager.ListenerWD - After find element By ----> By.xpath: //b[text()='Save']
17:41:07.374 INFO  manager.ListenerWD - Before find elements By ----> By.cssSelector: h2
17:41:07.629 INFO  manager.ListenerWD - After find elements By ----> By.cssSelector: h2
17:41:07.629 INFO  manager.ListenerWD - List size ---4
17:41:07.654 INFO  manager.ListenerWD - Before find elements By ----> By.cssSelector: h3
17:41:07.690 INFO  manager.ListenerWD - After find elements By ----> By.cssSelector: h3
17:41:07.691 INFO  manager.ListenerWD - List size ---4
17:41:07.717 INFO  TestBase - Start test with name:addNewContactWrongName
17:41:07.717 INFO  manager.ListenerWD - Before find elements By ----> By.xpath: //button[text()='Sign Out']
17:41:07.729 INFO  manager.ListenerWD - After find elements By ----> By.xpath: //button[text()='Sign Out']
17:41:07.729 INFO  manager.ListenerWD - List size ---1
17:41:07.730 INFO  manager.ListenerWD - Before find element By ----> By.cssSelector: a[href = '/add']
17:41:07.741 INFO  manager.ListenerWD - After find element By ----> By.cssSelector: a[href = '/add']
17:41:07.765 INFO  manager.ListenerWD - Before find element By ----> By.xpath: //input[@placeholder='Name']
17:41:07.781 INFO  manager.ListenerWD - After find element By ----> By.xpath: //input[@placeholder='Name']
17:41:07.856 INFO  manager.ListenerWD - Before find element By ----> By.xpath: //input[@placeholder='Last Name']
17:41:07.868 INFO  manager.ListenerWD - After find element By ----> By.xpath: //input[@placeholder='Last Name']
17:41:07.950 INFO  manager.ListenerWD - Before find element By ----> By.xpath: //input[@placeholder='Phone']
17:41:07.961 INFO  manager.ListenerWD - After find element By ----> By.xpath: //input[@placeholder='Phone']
17:41:08.049 INFO  manager.ListenerWD - Before find element By ----> By.xpath: //input[@placeholder='email']
17:41:08.063 INFO  manager.ListenerWD - After find element By ----> By.xpath: //input[@placeholder='email']
17:41:08.145 INFO  manager.ListenerWD - Before find element By ----> By.xpath: //input[@placeholder='Address']
17:41:08.156 INFO  manager.ListenerWD - After find element By ----> By.xpath: //input[@placeholder='Address']
17:41:08.239 INFO  manager.ListenerWD - Before find element By ----> By.cssSelector: [placeholder='description']
17:41:08.250 INFO  manager.ListenerWD - After find element By ----> By.cssSelector: [placeholder='description']
17:41:08.289 INFO  manager.ListenerWD - Before find element By ----> By.xpath: //b[text()='Save']
17:41:08.303 INFO  manager.ListenerWD - After find element By ----> By.xpath: //b[text()='Save']
17:41:08.337 INFO  manager.ListenerWD - Before find element By ----> By.cssSelector: [placeholder='description']
17:41:08.349 INFO  manager.ListenerWD - After find element By ----> By.cssSelector: [placeholder='description']
17:41:08.378 INFO  manager.ListenerWD - Before find element By ----> By.cssSelector: [placeholder='description']
17:41:08.390 INFO  manager.ListenerWD - After find element By ----> By.cssSelector: [placeholder='description']
17:41:08.421 INFO  manager.ListenerWD - Before find element By ----> By.cssSelector: [placeholder='description']
17:41:08.434 INFO  manager.ListenerWD - After find element By ----> By.cssSelector: [placeholder='description']
17:41:08.463 INFO  manager.ListenerWD - Before find element By ----> By.cssSelector: [placeholder='description']
17:41:08.475 INFO  manager.ListenerWD - After find element By ----> By.cssSelector: [placeholder='description']
17:41:08.504 INFO  manager.ListenerWD - Before find element By ----> By.cssSelector: [placeholder='description']
17:41:08.516 INFO  manager.ListenerWD - After find element By ----> By.cssSelector: [placeholder='description']
17:41:08.546 INFO  manager.ListenerWD - Before find element By ----> By.cssSelector: [placeholder='description']
17:41:08.560 INFO  manager.ListenerWD - After find element By ----> By.cssSelector: [placeholder='description']
17:41:08.593 INFO  manager.ListenerWD - Before find element By ----> By.cssSelector: [placeholder='description']
17:41:08.606 INFO  manager.ListenerWD - After find element By ----> By.cssSelector: [placeholder='description']
17:41:08.635 INFO  manager.ListenerWD - Before find element By ----> By.cssSelector: [placeholder='description']
17:41:08.647 INFO  manager.ListenerWD - After find element By ----> By.cssSelector: [placeholder='description']
17:41:08.675 INFO  manager.ListenerWD - Before find elements By ----> By.cssSelector: a.active[href='/add']
17:41:08.691 INFO  manager.ListenerWD - After find elements By ----> By.cssSelector: a.active[href='/add']
17:41:08.691 INFO  manager.ListenerWD - List size ---1
17:41:08.692 INFO  TestBase - Start test with name:loginNegativeWrongEmailFormat
17:41:08.692 INFO  TestBase - Start checking authorisation
17:41:08.692 INFO  manager.ListenerWD - Before find elements By ----> By.xpath: //button[text()='Sign Out']
17:41:08.705 INFO  manager.ListenerWD - After find elements By ----> By.xpath: //button[text()='Sign Out']
17:41:08.705 INFO  manager.ListenerWD - List size ---1
17:41:08.706 INFO  manager.ListenerWD - Before find element By ----> By.xpath: //button[text()='Sign Out']
17:41:08.720 INFO  manager.ListenerWD - After find element By ----> By.xpath: //button[text()='Sign Out']
17:41:13.762 INFO  manager.ListenerWD - We have a 'PROBLEM'
17:41:13.763 INFO  manager.ListenerWD - The name of error method ---click
17:41:13.767 INFO  manager.ListenerWD - Describe of error ---org.openqa.selenium.ElementNotInteractableException: element not interactable
  (Session info: chrome=105.0.5195.127)
Build info: version: '4.4.0', revision: 'e5c75ed026a'
System info: host: 'LAPTOP-MOSO9MHA', ip: '192.168.1.12', os.name: 'Windows 10', os.arch: 'amd64', os.version: '10.0', java.version: '11.0.16.1'
Driver info: org.openqa.selenium.chrome.ChromeDriver
Command: [3ff0e72846ca12d4654ddec93e4a3e87, clickElement {id=09e70fdb-7168-49b6-b2bf-e9422389f474}]
Capabilities {acceptInsecureCerts: false, browserName: chrome, browserVersion: 105.0.5195.127, chrome: {chromedriverVersion: 104.0.5112.79 (3cf3e8c8a07d..., userDataDir: C:\Users\User\AppData\Local...}, goog:chromeOptions: {debuggerAddress: localhost:62402}, networkConnectionEnabled: false, pageLoadStrategy: normal, platformName: WINDOWS, proxy: Proxy(), se:cdp: ws://localhost:62402/devtoo..., se:cdpVersion: 105.0.5195.127, setWindowRect: true, strictFileInteractability: false, timeouts: {implicit: 0, pageLoad: 300000, script: 30000}, unhandledPromptBehavior: dismiss and notify, webauthn:extension:credBlob: true, webauthn:extension:largeBlob: true, webauthn:virtualAuthenticators: true}
Element: [[ChromeDriver: chrome on WINDOWS (3ff0e72846ca12d4654ddec93e4a3e87)] -> xpath: //button[text()='Sign Out']]
Session ID: 3ff0e72846ca12d4654ddec93e4a3e87
17:41:13.768 INFO  manager.ListenerWD - **********
17:41:13.768 INFO  manager.ListenerWD - [[ChromeDriver: chrome on WINDOWS (3ff0e72846ca12d4654ddec93e4a3e87)] -> xpath: //button[text()='Sign Out']]
17:41:13.776 INFO  manager.ListenerWD - Screen with error is :1336  src/test/screenshots/screen1336.png
17:41:13.787 INFO  TestBase - Start test with name:RegistrationSuccess1
17:41:13.787 INFO  manager.ListenerWD - Before find elements By ----> By.xpath: //button[text()='Sign Out']
17:41:13.803 INFO  manager.ListenerWD - After find elements By ----> By.xpath: //button[text()='Sign Out']
17:41:13.803 INFO  manager.ListenerWD - List size ---1
17:41:13.803 INFO  manager.ListenerWD - Before find element By ----> By.xpath: //button[text()='Sign Out']
17:41:13.815 INFO  manager.ListenerWD - After find element By ----> By.xpath: //button[text()='Sign Out']
17:41:18.856 INFO  manager.ListenerWD - We have a 'PROBLEM'
17:41:18.857 INFO  manager.ListenerWD - The name of error method ---click
17:41:18.858 INFO  manager.ListenerWD - Describe of error ---org.openqa.selenium.ElementNotInteractableException: element not interactable
  (Session info: chrome=105.0.5195.127)
Build info: version: '4.4.0', revision: 'e5c75ed026a'
System info: host: 'LAPTOP-MOSO9MHA', ip: '192.168.1.12', os.name: 'Windows 10', os.arch: 'amd64', os.version: '10.0', java.version: '11.0.16.1'
Driver info: org.openqa.selenium.chrome.ChromeDriver
Command: [3ff0e72846ca12d4654ddec93e4a3e87, clickElement {id=09e70fdb-7168-49b6-b2bf-e9422389f474}]
Capabilities {acceptInsecureCerts: false, browserName: chrome, browserVersion: 105.0.5195.127, chrome: {chromedriverVersion: 104.0.5112.79 (3cf3e8c8a07d..., userDataDir: C:\Users\User\AppData\Local...}, goog:chromeOptions: {debuggerAddress: localhost:62402}, networkConnectionEnabled: false, pageLoadStrategy: normal, platformName: WINDOWS, proxy: Proxy(), se:cdp: ws://localhost:62402/devtoo..., se:cdpVersion: 105.0.5195.127, setWindowRect: true, strictFileInteractability: false, timeouts: {implicit: 0, pageLoad: 300000, script: 30000}, unhandledPromptBehavior: dismiss and notify, webauthn:extension:credBlob: true, webauthn:extension:largeBlob: true, webauthn:virtualAuthenticators: true}
Element: [[ChromeDriver: chrome on WINDOWS (3ff0e72846ca12d4654ddec93e4a3e87)] -> xpath: //button[text()='Sign Out']]
Session ID: 3ff0e72846ca12d4654ddec93e4a3e87
17:41:18.859 INFO  manager.ListenerWD - **********
17:41:18.859 INFO  manager.ListenerWD - [[ChromeDriver: chrome on WINDOWS (3ff0e72846ca12d4654ddec93e4a3e87)] -> xpath: //button[text()='Sign Out']]
17:41:18.860 INFO  manager.ListenerWD - Screen with error is :1936  src/test/screenshots/screen1936.png
17:41:18.877 INFO  TestBase - Start test with name:RemoveAllContacts
17:41:18.878 INFO  manager.ListenerWD - Before find elements By ----> By.xpath: //button[text()='Sign Out']
17:41:18.894 INFO  manager.ListenerWD - After find elements By ----> By.xpath: //button[text()='Sign Out']
17:41:18.894 INFO  manager.ListenerWD - List size ---1
17:41:18.894 INFO  manager.ListenerWD - Before find elements By ----> By.cssSelector: .contact-item_card__2SOIM
17:41:23.906 INFO  manager.ListenerWD - After find elements By ----> By.cssSelector: .contact-item_card__2SOIM
17:41:23.906 INFO  manager.ListenerWD - List size ---0
17:41:23.907 INFO  manager.ListenerWD - Before find element By ----> By.cssSelector: a[href = '/add']
17:41:23.920 INFO  manager.ListenerWD - After find element By ----> By.cssSelector: a[href = '/add']
17:41:28.962 INFO  manager.ListenerWD - We have a 'PROBLEM'
17:41:28.963 INFO  manager.ListenerWD - The name of error method ---click
17:41:28.963 INFO  manager.ListenerWD - Describe of error ---org.openqa.selenium.ElementNotInteractableException: element not interactable
  (Session info: chrome=105.0.5195.127)
Build info: version: '4.4.0', revision: 'e5c75ed026a'
System info: host: 'LAPTOP-MOSO9MHA', ip: '192.168.1.12', os.name: 'Windows 10', os.arch: 'amd64', os.version: '10.0', java.version: '11.0.16.1'
Driver info: org.openqa.selenium.chrome.ChromeDriver
Command: [3ff0e72846ca12d4654ddec93e4a3e87, clickElement {id=02f8715e-255a-495e-a42d-cfefc3f1634d}]
Capabilities {acceptInsecureCerts: false, browserName: chrome, browserVersion: 105.0.5195.127, chrome: {chromedriverVersion: 104.0.5112.79 (3cf3e8c8a07d..., userDataDir: C:\Users\User\AppData\Local...}, goog:chromeOptions: {debuggerAddress: localhost:62402}, networkConnectionEnabled: false, pageLoadStrategy: normal, platformName: WINDOWS, proxy: Proxy(), se:cdp: ws://localhost:62402/devtoo..., se:cdpVersion: 105.0.5195.127, setWindowRect: true, strictFileInteractability: false, timeouts: {implicit: 0, pageLoad: 300000, script: 30000}, unhandledPromptBehavior: dismiss and notify, webauthn:extension:credBlob: true, webauthn:extension:largeBlob: true, webauthn:virtualAuthenticators: true}
Element: [[ChromeDriver: chrome on WINDOWS (3ff0e72846ca12d4654ddec93e4a3e87)] -> css selector: a[href = '/add']]
Session ID: 3ff0e72846ca12d4654ddec93e4a3e87
17:41:28.963 INFO  manager.ListenerWD - **********
17:41:28.963 INFO  manager.ListenerWD - [[ChromeDriver: chrome on WINDOWS (3ff0e72846ca12d4654ddec93e4a3e87)] -> css selector: a[href = '/add']]
17:41:28.963 INFO  manager.ListenerWD - Screen with error is :1860  src/test/screenshots/screen1860.png
