16:37:16.626 INFO  manager.ApplicationManager - Chrome driver opened
16:37:18.401 INFO  manager.ApplicationManager - Current URL is --:https://contacts-app.tobbymarshall815.vercel.app/home
16:37:18.431 INFO  TestBase - Start test with name:addNewContactSuccess
16:37:18.434 INFO  manager.ListenerWD - Before find elements By ----> By.xpath: //button[text()='Sign Out']
16:37:23.451 INFO  manager.ListenerWD - After find elements By ----> By.xpath: //button[text()='Sign Out']
16:37:23.453 INFO  manager.ListenerWD - List size ---0
16:37:23.455 INFO  manager.ListenerWD - Before find element By ----> By.xpath: //a[@href='/login']
16:37:23.558 INFO  manager.ListenerWD - After find element By ----> By.xpath: //a[@href='/login']
16:37:23.604 INFO  manager.ListenerWD - Before find element By ----> By.xpath: //input[@placeholder='Email']
16:37:23.626 INFO  manager.ListenerWD - After find element By ----> By.xpath: //input[@placeholder='Email']
16:37:23.726 INFO  manager.ListenerWD - Before find element By ----> By.xpath: //input[@placeholder='Password']
16:37:23.747 INFO  manager.ListenerWD - After find element By ----> By.xpath: //input[@placeholder='Password']
16:37:23.838 INFO  manager.ListenerWD - Before find element By ----> By.xpath: //*[text()=' Login']
16:37:23.858 INFO  manager.ListenerWD - After find element By ----> By.xpath: //*[text()=' Login']
16:37:23.893 INFO  manager.ListenerWD - Before find element By ----> By.cssSelector: a[href = '/add']
16:37:24.605 INFO  manager.ListenerWD - After find element By ----> By.cssSelector: a[href = '/add']
16:37:24.641 INFO  manager.ListenerWD - Before find element By ----> By.xpath: //input[@placeholder='Name']
16:37:24.663 INFO  manager.ListenerWD - After find element By ----> By.xpath: //input[@placeholder='Name']
16:37:24.755 INFO  manager.ListenerWD - Before find element By ----> By.xpath: //input[@placeholder='Last Name']
16:37:24.772 INFO  manager.ListenerWD - After find element By ----> By.xpath: //input[@placeholder='Last Name']
16:37:24.854 INFO  manager.ListenerWD - Before find element By ----> By.xpath: //input[@placeholder='Phone']
16:37:24.874 INFO  manager.ListenerWD - After find element By ----> By.xpath: //input[@placeholder='Phone']
16:37:24.970 INFO  manager.ListenerWD - Before find element By ----> By.xpath: //input[@placeholder='email']
16:37:24.988 INFO  manager.ListenerWD - After find element By ----> By.xpath: //input[@placeholder='email']
16:37:25.088 INFO  manager.ListenerWD - Before find element By ----> By.xpath: //input[@placeholder='Address']
16:37:25.107 INFO  manager.ListenerWD - After find element By ----> By.xpath: //input[@placeholder='Address']
16:37:25.184 INFO  manager.ListenerWD - Before find element By ----> By.xpath: //input[@placeholder='description']
16:37:25.200 INFO  manager.ListenerWD - After find element By ----> By.xpath: //input[@placeholder='description']
16:37:25.277 INFO  manager.ListenerWD - Before find element By ----> By.cssSelector: [placeholder='description']
16:37:25.293 INFO  manager.ListenerWD - After find element By ----> By.cssSelector: [placeholder='description']
16:37:25.313 INFO  manager.ListenerWD - Before find element By ----> By.cssSelector: [placeholder='description']
16:37:25.328 INFO  manager.ListenerWD - After find element By ----> By.cssSelector: [placeholder='description']
16:37:25.358 INFO  manager.ListenerWD - Before find element By ----> By.xpath: //b[text()='Save']
16:37:25.376 INFO  manager.ListenerWD - After find element By ----> By.xpath: //b[text()='Save']
16:37:25.406 INFO  manager.ListenerWD - Before find elements By ----> By.cssSelector: h2
16:37:25.935 INFO  manager.ListenerWD - After find elements By ----> By.cssSelector: h2
16:37:25.935 INFO  manager.ListenerWD - List size ---34
16:37:26.315 INFO  manager.ListenerWD - Before find elements By ----> By.cssSelector: h3
16:37:26.484 INFO  manager.ListenerWD - After find elements By ----> By.cssSelector: h3
16:37:26.484 INFO  manager.ListenerWD - List size ---34
16:37:26.901 INFO  TestBase - Start test with name:addNewContactSuccessRequiredFields
16:37:26.901 INFO  manager.ListenerWD - Before find elements By ----> By.xpath: //button[text()='Sign Out']
16:37:26.912 INFO  manager.ListenerWD - After find elements By ----> By.xpath: //button[text()='Sign Out']
16:37:26.912 INFO  manager.ListenerWD - List size ---1
16:37:26.913 INFO  manager.ListenerWD - Before find element By ----> By.cssSelector: a[href = '/add']
16:37:26.924 INFO  manager.ListenerWD - After find element By ----> By.cssSelector: a[href = '/add']
16:37:26.954 INFO  manager.ListenerWD - Before find element By ----> By.xpath: //input[@placeholder='Name']
16:37:26.968 INFO  manager.ListenerWD - After find element By ----> By.xpath: //input[@placeholder='Name']
16:37:27.052 INFO  manager.ListenerWD - Before find element By ----> By.xpath: //input[@placeholder='Last Name']
16:37:27.064 INFO  manager.ListenerWD - After find element By ----> By.xpath: //input[@placeholder='Last Name']
16:37:27.146 INFO  manager.ListenerWD - Before find element By ----> By.xpath: //input[@placeholder='Phone']
16:37:27.158 INFO  manager.ListenerWD - After find element By ----> By.xpath: //input[@placeholder='Phone']
16:37:27.254 INFO  manager.ListenerWD - Before find element By ----> By.xpath: //input[@placeholder='email']
16:37:27.267 INFO  manager.ListenerWD - After find element By ----> By.xpath: //input[@placeholder='email']
16:37:27.363 INFO  manager.ListenerWD - Before find element By ----> By.xpath: //input[@placeholder='Address']
16:37:27.377 INFO  manager.ListenerWD - After find element By ----> By.xpath: //input[@placeholder='Address']
16:37:27.449 INFO  manager.ListenerWD - Before find element By ----> By.cssSelector: [placeholder='description']
16:37:27.460 INFO  manager.ListenerWD - After find element By ----> By.cssSelector: [placeholder='description']
16:37:27.498 INFO  manager.ListenerWD - Before find element By ----> By.xpath: //b[text()='Save']
16:37:27.510 INFO  manager.ListenerWD - After find element By ----> By.xpath: //b[text()='Save']
16:37:27.535 INFO  manager.ListenerWD - Before find elements By ----> By.cssSelector: h2
16:37:27.873 INFO  manager.ListenerWD - After find elements By ----> By.cssSelector: h2
16:37:27.873 INFO  manager.ListenerWD - List size ---35
16:37:28.289 INFO  manager.ListenerWD - Before find elements By ----> By.cssSelector: h3
16:37:28.414 INFO  manager.ListenerWD - After find elements By ----> By.cssSelector: h3
16:37:28.414 INFO  manager.ListenerWD - List size ---35
16:37:28.856 INFO  TestBase - Start test with name:addNewContactSuccessRequiredFields
16:37:28.856 INFO  manager.ListenerWD - Before find elements By ----> By.xpath: //button[text()='Sign Out']
16:37:28.866 INFO  manager.ListenerWD - After find elements By ----> By.xpath: //button[text()='Sign Out']
16:37:28.867 INFO  manager.ListenerWD - List size ---1
16:37:28.867 INFO  manager.ListenerWD - Before find element By ----> By.cssSelector: a[href = '/add']
16:37:28.880 INFO  manager.ListenerWD - After find element By ----> By.cssSelector: a[href = '/add']
16:37:28.907 INFO  manager.ListenerWD - Before find element By ----> By.xpath: //input[@placeholder='Name']
16:37:28.922 INFO  manager.ListenerWD - After find element By ----> By.xpath: //input[@placeholder='Name']
16:37:29.009 INFO  manager.ListenerWD - Before find element By ----> By.xpath: //input[@placeholder='Last Name']
16:37:29.022 INFO  manager.ListenerWD - After find element By ----> By.xpath: //input[@placeholder='Last Name']
16:37:29.098 INFO  manager.ListenerWD - Before find element By ----> By.xpath: //input[@placeholder='Phone']
16:37:29.109 INFO  manager.ListenerWD - After find element By ----> By.xpath: //input[@placeholder='Phone']
16:37:29.189 INFO  manager.ListenerWD - Before find element By ----> By.xpath: //input[@placeholder='email']
16:37:29.198 INFO  manager.ListenerWD - After find element By ----> By.xpath: //input[@placeholder='email']
16:37:29.278 INFO  manager.ListenerWD - Before find element By ----> By.xpath: //input[@placeholder='Address']
16:37:29.290 INFO  manager.ListenerWD - After find element By ----> By.xpath: //input[@placeholder='Address']
16:37:29.366 INFO  manager.ListenerWD - Before find element By ----> By.cssSelector: [placeholder='description']
16:37:29.375 INFO  manager.ListenerWD - After find element By ----> By.cssSelector: [placeholder='description']
16:37:29.411 INFO  manager.ListenerWD - Before find element By ----> By.xpath: //b[text()='Save']
16:37:29.424 INFO  manager.ListenerWD - After find element By ----> By.xpath: //b[text()='Save']
16:37:29.457 INFO  manager.ListenerWD - Before find elements By ----> By.cssSelector: h2
16:37:29.857 INFO  manager.ListenerWD - After find elements By ----> By.cssSelector: h2
16:37:29.858 INFO  manager.ListenerWD - List size ---36
16:37:30.326 INFO  manager.ListenerWD - Before find elements By ----> By.cssSelector: h3
16:37:30.473 INFO  manager.ListenerWD - After find elements By ----> By.cssSelector: h3
16:37:30.473 INFO  manager.ListenerWD - List size ---36
16:37:30.975 INFO  TestBase - Start test with name:addNewContactSuccessRequiredFields
16:37:30.976 INFO  manager.ListenerWD - Before find elements By ----> By.xpath: //button[text()='Sign Out']
16:37:30.986 INFO  manager.ListenerWD - After find elements By ----> By.xpath: //button[text()='Sign Out']
16:37:30.986 INFO  manager.ListenerWD - List size ---1
16:37:30.987 INFO  manager.ListenerWD - Before find element By ----> By.cssSelector: a[href = '/add']
16:37:30.997 INFO  manager.ListenerWD - After find element By ----> By.cssSelector: a[href = '/add']
16:37:31.021 INFO  manager.ListenerWD - Before find element By ----> By.xpath: //input[@placeholder='Name']
16:37:31.035 INFO  manager.ListenerWD - After find element By ----> By.xpath: //input[@placeholder='Name']
16:37:31.118 INFO  manager.ListenerWD - Before find element By ----> By.xpath: //input[@placeholder='Last Name']
16:37:31.128 INFO  manager.ListenerWD - After find element By ----> By.xpath: //input[@placeholder='Last Name']
16:37:31.208 INFO  manager.ListenerWD - Before find element By ----> By.xpath: //input[@placeholder='Phone']
16:37:31.220 INFO  manager.ListenerWD - After find element By ----> By.xpath: //input[@placeholder='Phone']
16:37:31.312 INFO  manager.ListenerWD - Before find element By ----> By.xpath: //input[@placeholder='email']
16:37:31.325 INFO  manager.ListenerWD - After find element By ----> By.xpath: //input[@placeholder='email']
16:37:31.413 INFO  manager.ListenerWD - Before find element By ----> By.xpath: //input[@placeholder='Address']
16:37:31.424 INFO  manager.ListenerWD - After find element By ----> By.xpath: //input[@placeholder='Address']
16:37:31.499 INFO  manager.ListenerWD - Before find element By ----> By.cssSelector: [placeholder='description']
16:37:31.508 INFO  manager.ListenerWD - After find element By ----> By.cssSelector: [placeholder='description']
16:37:31.542 INFO  manager.ListenerWD - Before find element By ----> By.xpath: //b[text()='Save']
16:37:31.555 INFO  manager.ListenerWD - After find element By ----> By.xpath: //b[text()='Save']
16:37:31.587 INFO  manager.ListenerWD - Before find elements By ----> By.cssSelector: h2
16:37:31.947 INFO  manager.ListenerWD - After find elements By ----> By.cssSelector: h2
16:37:31.947 INFO  manager.ListenerWD - List size ---37
16:37:32.423 INFO  manager.ListenerWD - Before find elements By ----> By.cssSelector: h3
16:37:32.524 INFO  manager.ListenerWD - After find elements By ----> By.cssSelector: h3
16:37:32.524 INFO  manager.ListenerWD - List size ---37
16:37:33.041 INFO  TestBase - Start test with name:addNewContactWrongName
16:37:33.041 INFO  manager.ListenerWD - Before find elements By ----> By.xpath: //button[text()='Sign Out']
16:37:33.051 INFO  manager.ListenerWD - After find elements By ----> By.xpath: //button[text()='Sign Out']
16:37:33.051 INFO  manager.ListenerWD - List size ---1
16:37:33.051 INFO  manager.ListenerWD - Before find element By ----> By.cssSelector: a[href = '/add']
16:37:33.060 INFO  manager.ListenerWD - After find element By ----> By.cssSelector: a[href = '/add']
16:37:33.086 INFO  manager.ListenerWD - Before find element By ----> By.xpath: //input[@placeholder='Name']
16:37:33.099 INFO  manager.ListenerWD - After find element By ----> By.xpath: //input[@placeholder='Name']
16:37:33.174 INFO  manager.ListenerWD - Before find element By ----> By.xpath: //input[@placeholder='Last Name']
16:37:33.185 INFO  manager.ListenerWD - After find element By ----> By.xpath: //input[@placeholder='Last Name']
16:37:33.263 INFO  manager.ListenerWD - Before find element By ----> By.xpath: //input[@placeholder='Phone']
16:37:33.271 INFO  manager.ListenerWD - After find element By ----> By.xpath: //input[@placeholder='Phone']
16:37:33.355 INFO  manager.ListenerWD - Before find element By ----> By.xpath: //input[@placeholder='email']
16:37:33.365 INFO  manager.ListenerWD - After find element By ----> By.xpath: //input[@placeholder='email']
16:37:33.454 INFO  manager.ListenerWD - Before find element By ----> By.xpath: //input[@placeholder='Address']
16:37:33.465 INFO  manager.ListenerWD - After find element By ----> By.xpath: //input[@placeholder='Address']
16:37:33.544 INFO  manager.ListenerWD - Before find element By ----> By.cssSelector: [placeholder='description']
16:37:33.554 INFO  manager.ListenerWD - After find element By ----> By.cssSelector: [placeholder='description']
16:37:33.594 INFO  manager.ListenerWD - Before find element By ----> By.xpath: //b[text()='Save']
16:37:33.606 INFO  manager.ListenerWD - After find element By ----> By.xpath: //b[text()='Save']
16:37:33.633 INFO  manager.ListenerWD - Before find elements By ----> By.cssSelector: a.active[href='/add']
16:37:33.646 INFO  manager.ListenerWD - After find elements By ----> By.cssSelector: a.active[href='/add']
16:37:33.646 INFO  manager.ListenerWD - List size ---1
16:37:33.647 INFO  TestBase - Start test with name:loginNegativeWrongEmailFormat
16:37:33.647 INFO  TestBase - Start checking authorisation
16:37:33.647 INFO  manager.ListenerWD - Before find elements By ----> By.xpath: //button[text()='Sign Out']
16:37:33.657 INFO  manager.ListenerWD - After find elements By ----> By.xpath: //button[text()='Sign Out']
16:37:33.658 INFO  manager.ListenerWD - List size ---1
16:37:33.658 INFO  manager.ListenerWD - Before find element By ----> By.xpath: //button[text()='Sign Out']
16:37:33.671 INFO  manager.ListenerWD - After find element By ----> By.xpath: //button[text()='Sign Out']
16:37:38.735 INFO  manager.ListenerWD - We have a 'PROBLEM'
16:37:38.735 INFO  manager.ListenerWD - The name of error method ---click
16:37:38.739 INFO  manager.ListenerWD - Describe of error ---org.openqa.selenium.ElementNotInteractableException: element not interactable
  (Session info: chrome=105.0.5195.127)
Build info: version: '4.4.0', revision: 'e5c75ed026a'
System info: host: 'LAPTOP-MOSO9MHA', ip: '192.168.1.12', os.name: 'Windows 10', os.arch: 'amd64', os.version: '10.0', java.version: '11.0.16.1'
Driver info: org.openqa.selenium.chrome.ChromeDriver
Command: [bf9ff2887068076a4c6e3e7534f0581b, clickElement {id=927c2b8d-4256-4a6c-8143-10c487670f33}]
Capabilities {acceptInsecureCerts: false, browserName: chrome, browserVersion: 105.0.5195.127, chrome: {chromedriverVersion: 104.0.5112.79 (3cf3e8c8a07d..., userDataDir: C:\Users\User\AppData\Local...}, goog:chromeOptions: {debuggerAddress: localhost:53711}, networkConnectionEnabled: false, pageLoadStrategy: normal, platformName: WINDOWS, proxy: Proxy(), se:cdp: ws://localhost:53711/devtoo..., se:cdpVersion: 105.0.5195.127, setWindowRect: true, strictFileInteractability: false, timeouts: {implicit: 0, pageLoad: 300000, script: 30000}, unhandledPromptBehavior: dismiss and notify, webauthn:extension:credBlob: true, webauthn:extension:largeBlob: true, webauthn:virtualAuthenticators: true}
Element: [[ChromeDriver: chrome on WINDOWS (bf9ff2887068076a4c6e3e7534f0581b)] -> xpath: //button[text()='Sign Out']]
Session ID: bf9ff2887068076a4c6e3e7534f0581b
16:37:38.739 INFO  manager.ListenerWD - **********
16:37:38.740 INFO  manager.ListenerWD - [[ChromeDriver: chrome on WINDOWS (bf9ff2887068076a4c6e3e7534f0581b)] -> xpath: //button[text()='Sign Out']]
16:37:38.747 INFO  manager.ListenerWD - Screen with error is :1387  src/test/screenshots/screen1387.png
16:37:38.757 INFO  TestBase - Start test with name:RegistrationSuccess1
16:37:38.758 INFO  manager.ListenerWD - Before find elements By ----> By.xpath: //button[text()='Sign Out']
16:37:38.770 INFO  manager.ListenerWD - After find elements By ----> By.xpath: //button[text()='Sign Out']
16:37:38.770 INFO  manager.ListenerWD - List size ---1
16:37:38.770 INFO  manager.ListenerWD - Before find element By ----> By.xpath: //button[text()='Sign Out']
16:37:38.782 INFO  manager.ListenerWD - After find element By ----> By.xpath: //button[text()='Sign Out']
16:37:43.804 INFO  manager.ListenerWD - We have a 'PROBLEM'
16:37:43.804 INFO  manager.ListenerWD - The name of error method ---click
16:37:43.805 INFO  manager.ListenerWD - Describe of error ---org.openqa.selenium.ElementNotInteractableException: element not interactable
  (Session info: chrome=105.0.5195.127)
Build info: version: '4.4.0', revision: 'e5c75ed026a'
System info: host: 'LAPTOP-MOSO9MHA', ip: '192.168.1.12', os.name: 'Windows 10', os.arch: 'amd64', os.version: '10.0', java.version: '11.0.16.1'
Driver info: org.openqa.selenium.chrome.ChromeDriver
Command: [bf9ff2887068076a4c6e3e7534f0581b, clickElement {id=927c2b8d-4256-4a6c-8143-10c487670f33}]
Capabilities {acceptInsecureCerts: false, browserName: chrome, browserVersion: 105.0.5195.127, chrome: {chromedriverVersion: 104.0.5112.79 (3cf3e8c8a07d..., userDataDir: C:\Users\User\AppData\Local...}, goog:chromeOptions: {debuggerAddress: localhost:53711}, networkConnectionEnabled: false, pageLoadStrategy: normal, platformName: WINDOWS, proxy: Proxy(), se:cdp: ws://localhost:53711/devtoo..., se:cdpVersion: 105.0.5195.127, setWindowRect: true, strictFileInteractability: false, timeouts: {implicit: 0, pageLoad: 300000, script: 30000}, unhandledPromptBehavior: dismiss and notify, webauthn:extension:credBlob: true, webauthn:extension:largeBlob: true, webauthn:virtualAuthenticators: true}
Element: [[ChromeDriver: chrome on WINDOWS (bf9ff2887068076a4c6e3e7534f0581b)] -> xpath: //button[text()='Sign Out']]
Session ID: bf9ff2887068076a4c6e3e7534f0581b
16:37:43.806 INFO  manager.ListenerWD - **********
16:37:43.807 INFO  manager.ListenerWD - [[ChromeDriver: chrome on WINDOWS (bf9ff2887068076a4c6e3e7534f0581b)] -> xpath: //button[text()='Sign Out']]
16:37:43.807 INFO  manager.ListenerWD - Screen with error is :1104  src/test/screenshots/screen1104.png
16:37:43.823 INFO  TestBase - Start test with name:RemoveAllContacts
16:37:43.823 INFO  manager.ListenerWD - Before find elements By ----> By.xpath: //button[text()='Sign Out']
16:37:43.837 INFO  manager.ListenerWD - After find elements By ----> By.xpath: //button[text()='Sign Out']
16:37:43.837 INFO  manager.ListenerWD - List size ---1
16:37:43.837 INFO  manager.ListenerWD - Before find elements By ----> By.cssSelector: .contact-item_card__2SOIM
16:37:48.899 INFO  manager.ListenerWD - After find elements By ----> By.cssSelector: .contact-item_card__2SOIM
16:37:48.900 INFO  manager.ListenerWD - List size ---0
16:37:48.901 INFO  manager.ListenerWD - Before find element By ----> By.cssSelector: a[href = '/add']
16:37:48.914 INFO  manager.ListenerWD - After find element By ----> By.cssSelector: a[href = '/add']
16:37:53.983 INFO  manager.ListenerWD - We have a 'PROBLEM'
16:37:53.983 INFO  manager.ListenerWD - The name of error method ---click
16:37:53.983 INFO  manager.ListenerWD - Describe of error ---org.openqa.selenium.ElementNotInteractableException: element not interactable
  (Session info: chrome=105.0.5195.127)
Build info: version: '4.4.0', revision: 'e5c75ed026a'
System info: host: 'LAPTOP-MOSO9MHA', ip: '192.168.1.12', os.name: 'Windows 10', os.arch: 'amd64', os.version: '10.0', java.version: '11.0.16.1'
Driver info: org.openqa.selenium.chrome.ChromeDriver
Command: [bf9ff2887068076a4c6e3e7534f0581b, clickElement {id=608a5509-ffca-4a03-bce9-3f05e76e2c38}]
Capabilities {acceptInsecureCerts: false, browserName: chrome, browserVersion: 105.0.5195.127, chrome: {chromedriverVersion: 104.0.5112.79 (3cf3e8c8a07d..., userDataDir: C:\Users\User\AppData\Local...}, goog:chromeOptions: {debuggerAddress: localhost:53711}, networkConnectionEnabled: false, pageLoadStrategy: normal, platformName: WINDOWS, proxy: Proxy(), se:cdp: ws://localhost:53711/devtoo..., se:cdpVersion: 105.0.5195.127, setWindowRect: true, strictFileInteractability: false, timeouts: {implicit: 0, pageLoad: 300000, script: 30000}, unhandledPromptBehavior: dismiss and notify, webauthn:extension:credBlob: true, webauthn:extension:largeBlob: true, webauthn:virtualAuthenticators: true}
Element: [[ChromeDriver: chrome on WINDOWS (bf9ff2887068076a4c6e3e7534f0581b)] -> css selector: a[href = '/add']]
Session ID: bf9ff2887068076a4c6e3e7534f0581b
16:37:53.984 INFO  manager.ListenerWD - **********
16:37:53.984 INFO  manager.ListenerWD - [[ChromeDriver: chrome on WINDOWS (bf9ff2887068076a4c6e3e7534f0581b)] -> css selector: a[href = '/add']]
16:37:53.984 INFO  manager.ListenerWD - Screen with error is :1823  src/test/screenshots/screen1823.png
