21:17:54.568 INFO  manager.ApplicationManager - Chrome driver opened
21:17:56.125 INFO  manager.ApplicationManager - Current URL is --:https://contacts-app.tobbymarshall815.vercel.app/home
21:17:56.160 INFO  TestBase - Start test with name:addNewContactWrongName
21:17:56.163 INFO  manager.ListenerWD - Before find elements By ----> By.xpath: //button[text()='Sign Out']
21:18:01.231 INFO  manager.ListenerWD - After find elements By ----> By.xpath: //button[text()='Sign Out']
21:18:01.233 INFO  manager.ListenerWD - List size ---0
21:18:01.234 INFO  manager.ListenerWD - Before find element By ----> By.xpath: //a[@href='/login']
21:18:01.261 INFO  manager.ListenerWD - After find element By ----> By.xpath: //a[@href='/login']
21:18:01.328 INFO  manager.ListenerWD - Before find element By ----> By.xpath: //input[@placeholder='Email']
21:18:01.352 INFO  manager.ListenerWD - After find element By ----> By.xpath: //input[@placeholder='Email']
21:18:01.462 INFO  manager.ListenerWD - Before find element By ----> By.xpath: //input[@placeholder='Password']
21:18:01.487 INFO  manager.ListenerWD - After find element By ----> By.xpath: //input[@placeholder='Password']
21:18:01.562 INFO  manager.ListenerWD - Before find element By ----> By.xpath: //*[text()=' Login']
21:18:01.583 INFO  manager.ListenerWD - After find element By ----> By.xpath: //*[text()=' Login']
21:18:01.633 INFO  manager.ListenerWD - Before find element By ----> By.cssSelector: a[href = '/add']
21:18:02.400 INFO  manager.ListenerWD - After find element By ----> By.cssSelector: a[href = '/add']
21:18:02.445 INFO  manager.ListenerWD - Before find element By ----> By.xpath: //input[@placeholder='Name']
21:18:02.472 INFO  manager.ListenerWD - After find element By ----> By.xpath: //input[@placeholder='Name']
21:18:02.560 INFO  manager.ListenerWD - Before find element By ----> By.xpath: //input[@placeholder='Last Name']
21:18:02.582 INFO  manager.ListenerWD - After find element By ----> By.xpath: //input[@placeholder='Last Name']
21:18:02.664 INFO  manager.ListenerWD - Before find element By ----> By.xpath: //input[@placeholder='Phone']
21:18:02.687 INFO  manager.ListenerWD - After find element By ----> By.xpath: //input[@placeholder='Phone']
21:18:02.781 INFO  manager.ListenerWD - Before find element By ----> By.xpath: //input[@placeholder='email']
21:18:02.800 INFO  manager.ListenerWD - After find element By ----> By.xpath: //input[@placeholder='email']
21:18:02.891 INFO  manager.ListenerWD - Before find element By ----> By.xpath: //input[@placeholder='Address']
21:18:02.911 INFO  manager.ListenerWD - After find element By ----> By.xpath: //input[@placeholder='Address']
21:18:02.994 INFO  manager.ListenerWD - Before find element By ----> By.xpath: //input[@placeholder='description']
21:18:03.013 INFO  manager.ListenerWD - After find element By ----> By.xpath: //input[@placeholder='description']
21:18:03.092 INFO  manager.ListenerWD - Before find element By ----> By.cssSelector: [placeholder='description']
21:18:03.111 INFO  manager.ListenerWD - After find element By ----> By.cssSelector: [placeholder='description']
21:18:03.133 INFO  manager.ListenerWD - Before find element By ----> By.xpath: //b[text()='Save']
21:18:03.150 INFO  manager.ListenerWD - After find element By ----> By.xpath: //b[text()='Save']
21:18:03.187 INFO  manager.ListenerWD - Before find element By ----> By.cssSelector: [placeholder='description']
21:18:03.202 INFO  manager.ListenerWD - After find element By ----> By.cssSelector: [placeholder='description']
21:18:03.229 INFO  manager.ListenerWD - Before find element By ----> By.cssSelector: [placeholder='description']
21:18:03.245 INFO  manager.ListenerWD - After find element By ----> By.cssSelector: [placeholder='description']
21:18:03.274 INFO  manager.ListenerWD - Before find element By ----> By.cssSelector: [placeholder='description']
21:18:03.291 INFO  manager.ListenerWD - After find element By ----> By.cssSelector: [placeholder='description']
21:18:03.317 INFO  manager.ListenerWD - Before find element By ----> By.cssSelector: [placeholder='description']
21:18:03.332 INFO  manager.ListenerWD - After find element By ----> By.cssSelector: [placeholder='description']
21:18:03.363 INFO  manager.ListenerWD - Before find element By ----> By.cssSelector: [placeholder='description']
21:18:03.380 INFO  manager.ListenerWD - After find element By ----> By.cssSelector: [placeholder='description']
21:18:03.407 INFO  manager.ListenerWD - Before find element By ----> By.cssSelector: [placeholder='description']
21:18:03.420 INFO  manager.ListenerWD - After find element By ----> By.cssSelector: [placeholder='description']
21:18:03.448 INFO  manager.ListenerWD - Before find element By ----> By.cssSelector: [placeholder='description']
21:18:03.467 INFO  manager.ListenerWD - After find element By ----> By.cssSelector: [placeholder='description']
21:18:03.494 INFO  manager.ListenerWD - Before find element By ----> By.cssSelector: [placeholder='description']
21:18:03.509 INFO  manager.ListenerWD - After find element By ----> By.cssSelector: [placeholder='description']
21:18:03.536 INFO  manager.ListenerWD - Before find elements By ----> By.cssSelector: a.active[href='/add']
21:18:03.557 INFO  manager.ListenerWD - After find elements By ----> By.cssSelector: a.active[href='/add']
21:18:03.557 INFO  manager.ListenerWD - List size ---1
