16:19:20.673 INFO  manager.ApplicationManager - Chrome driver opened
16:19:22.156 INFO  manager.ApplicationManager - Current URL is --:https://contacts-app.tobbymarshall815.vercel.app/home
16:19:22.203 INFO  TestBase - Start test with name:addNewContactSuccess
16:19:22.208 INFO  manager.ListenerWD - Before find elements By ----> By.xpath: //button[text()='Sign Out']
16:19:27.275 INFO  manager.ListenerWD - After find elements By ----> By.xpath: //button[text()='Sign Out']
16:19:27.278 INFO  manager.ListenerWD - List size ---0
16:19:27.280 INFO  manager.ListenerWD - Before find element By ----> By.xpath: //a[@href='/login']
16:19:27.318 INFO  manager.ListenerWD - After find element By ----> By.xpath: //a[@href='/login']
16:19:27.390 INFO  manager.ListenerWD - Before find element By ----> By.xpath: //input[@placeholder='Email']
16:19:27.429 INFO  manager.ListenerWD - After find element By ----> By.xpath: //input[@placeholder='Email']
16:19:27.579 INFO  manager.ListenerWD - Before find element By ----> By.xpath: //input[@placeholder='Password']
16:19:27.615 INFO  manager.ListenerWD - After find element By ----> By.xpath: //input[@placeholder='Password']
16:19:27.750 INFO  manager.ListenerWD - Before find element By ----> By.xpath: //*[text()=' Login']
16:19:27.784 INFO  manager.ListenerWD - After find element By ----> By.xpath: //*[text()=' Login']
16:19:27.865 INFO  manager.ListenerWD - Before find element By ----> By.cssSelector: a[href = '/add']
16:19:28.583 INFO  manager.ListenerWD - After find element By ----> By.cssSelector: a[href = '/add']
16:19:28.641 INFO  manager.ListenerWD - Before find element By ----> By.xpath: //input[@placeholder='Name']
16:19:28.677 INFO  manager.ListenerWD - After find element By ----> By.xpath: //input[@placeholder='Name']
16:19:28.806 INFO  manager.ListenerWD - Before find element By ----> By.xpath: //input[@placeholder='Last Name']
16:19:28.835 INFO  manager.ListenerWD - After find element By ----> By.xpath: //input[@placeholder='Last Name']
16:19:28.959 INFO  manager.ListenerWD - Before find element By ----> By.xpath: //input[@placeholder='Phone']
16:19:28.988 INFO  manager.ListenerWD - After find element By ----> By.xpath: //input[@placeholder='Phone']
16:19:29.126 INFO  manager.ListenerWD - Before find element By ----> By.xpath: //input[@placeholder='email']
16:19:29.159 INFO  manager.ListenerWD - After find element By ----> By.xpath: //input[@placeholder='email']
16:19:29.299 INFO  manager.ListenerWD - Before find element By ----> By.xpath: //input[@placeholder='Address']
16:19:29.327 INFO  manager.ListenerWD - After find element By ----> By.xpath: //input[@placeholder='Address']
16:19:29.450 INFO  manager.ListenerWD - Before find element By ----> By.xpath: //input[@placeholder='description']
16:19:29.481 INFO  manager.ListenerWD - After find element By ----> By.xpath: //input[@placeholder='description']
16:19:29.608 INFO  manager.ListenerWD - Before find element By ----> By.cssSelector: [placeholder='description']
16:19:29.637 INFO  manager.ListenerWD - After find element By ----> By.cssSelector: [placeholder='description']
16:19:29.670 INFO  manager.ListenerWD - Before find element By ----> By.cssSelector: [placeholder='description']
16:19:29.695 INFO  manager.ListenerWD - After find element By ----> By.cssSelector: [placeholder='description']
16:19:29.750 INFO  manager.ListenerWD - Before find element By ----> By.xpath: //b[text()='Save']
16:19:29.777 INFO  manager.ListenerWD - After find element By ----> By.xpath: //b[text()='Save']
16:19:29.815 INFO  manager.ListenerWD - Before find elements By ----> By.cssSelector: h2
16:19:30.393 INFO  manager.ListenerWD - After find elements By ----> By.cssSelector: h2
16:19:30.393 INFO  manager.ListenerWD - List size ---26
16:19:30.670 INFO  manager.ListenerWD - Before find elements By ----> By.cssSelector: h3
16:19:30.868 INFO  manager.ListenerWD - After find elements By ----> By.cssSelector: h3
16:19:30.868 INFO  manager.ListenerWD - List size ---26
16:19:31.102 INFO  TestBase - Start test with name:addNewContactSuccessRequiredFields
16:19:31.103 INFO  manager.ListenerWD - Before find elements By ----> By.xpath: //button[text()='Sign Out']
16:19:31.118 INFO  manager.ListenerWD - After find elements By ----> By.xpath: //button[text()='Sign Out']
16:19:31.118 INFO  manager.ListenerWD - List size ---1
16:19:31.120 INFO  manager.ListenerWD - Before find element By ----> By.cssSelector: a[href = '/add']
16:19:31.133 INFO  manager.ListenerWD - After find element By ----> By.cssSelector: a[href = '/add']
16:19:31.165 INFO  manager.ListenerWD - Before find element By ----> By.xpath: //input[@placeholder='Name']
16:19:31.184 INFO  manager.ListenerWD - After find element By ----> By.xpath: //input[@placeholder='Name']
16:19:31.291 INFO  manager.ListenerWD - Before find element By ----> By.xpath: //input[@placeholder='Last Name']
16:19:31.304 INFO  manager.ListenerWD - After find element By ----> By.xpath: //input[@placeholder='Last Name']
16:19:31.407 INFO  manager.ListenerWD - Before find element By ----> By.xpath: //input[@placeholder='Phone']
16:19:31.422 INFO  manager.ListenerWD - After find element By ----> By.xpath: //input[@placeholder='Phone']
16:19:31.532 INFO  manager.ListenerWD - Before find element By ----> By.xpath: //input[@placeholder='email']
16:19:31.549 INFO  manager.ListenerWD - After find element By ----> By.xpath: //input[@placeholder='email']
16:19:31.680 INFO  manager.ListenerWD - Before find element By ----> By.xpath: //input[@placeholder='Address']
16:19:31.697 INFO  manager.ListenerWD - After find element By ----> By.xpath: //input[@placeholder='Address']
16:19:31.817 INFO  manager.ListenerWD - Before find element By ----> By.cssSelector: [placeholder='description']
16:19:31.833 INFO  manager.ListenerWD - After find element By ----> By.cssSelector: [placeholder='description']
16:19:31.894 INFO  manager.ListenerWD - Before find element By ----> By.xpath: //b[text()='Save']
16:19:31.917 INFO  manager.ListenerWD - After find element By ----> By.xpath: //b[text()='Save']
16:19:31.962 INFO  manager.ListenerWD - Before find elements By ----> By.cssSelector: h2
16:19:32.391 INFO  manager.ListenerWD - After find elements By ----> By.cssSelector: h2
16:19:32.391 INFO  manager.ListenerWD - List size ---27
16:19:32.830 INFO  manager.ListenerWD - Before find elements By ----> By.cssSelector: h3
16:19:33.020 INFO  manager.ListenerWD - After find elements By ----> By.cssSelector: h3
16:19:33.021 INFO  manager.ListenerWD - List size ---27
16:19:33.409 INFO  TestBase - Start test with name:addNewContactSuccessRequiredFields
16:19:33.410 INFO  manager.ListenerWD - Before find elements By ----> By.xpath: //button[text()='Sign Out']
16:19:33.424 INFO  manager.ListenerWD - After find elements By ----> By.xpath: //button[text()='Sign Out']
16:19:33.424 INFO  manager.ListenerWD - List size ---1
16:19:33.425 INFO  manager.ListenerWD - Before find element By ----> By.cssSelector: a[href = '/add']
16:19:33.440 INFO  manager.ListenerWD - After find element By ----> By.cssSelector: a[href = '/add']
16:19:33.473 INFO  manager.ListenerWD - Before find element By ----> By.xpath: //input[@placeholder='Name']
16:19:33.493 INFO  manager.ListenerWD - After find element By ----> By.xpath: //input[@placeholder='Name']
16:19:33.608 INFO  manager.ListenerWD - Before find element By ----> By.xpath: //input[@placeholder='Last Name']
16:19:33.625 INFO  manager.ListenerWD - After find element By ----> By.xpath: //input[@placeholder='Last Name']
16:19:33.723 INFO  manager.ListenerWD - Before find element By ----> By.xpath: //input[@placeholder='Phone']
16:19:33.735 INFO  manager.ListenerWD - After find element By ----> By.xpath: //input[@placeholder='Phone']
16:19:33.859 INFO  manager.ListenerWD - Before find element By ----> By.xpath: //input[@placeholder='email']
16:19:33.874 INFO  manager.ListenerWD - After find element By ----> By.xpath: //input[@placeholder='email']
16:19:33.985 INFO  manager.ListenerWD - Before find element By ----> By.xpath: //input[@placeholder='Address']
16:19:34.000 INFO  manager.ListenerWD - After find element By ----> By.xpath: //input[@placeholder='Address']
16:19:34.108 INFO  manager.ListenerWD - Before find element By ----> By.cssSelector: [placeholder='description']
16:19:34.123 INFO  manager.ListenerWD - After find element By ----> By.cssSelector: [placeholder='description']
16:19:34.173 INFO  manager.ListenerWD - Before find element By ----> By.xpath: //b[text()='Save']
16:19:34.191 INFO  manager.ListenerWD - After find element By ----> By.xpath: //b[text()='Save']
16:19:34.227 INFO  manager.ListenerWD - Before find elements By ----> By.cssSelector: h2
16:19:34.702 INFO  manager.ListenerWD - After find elements By ----> By.cssSelector: h2
16:19:34.702 INFO  manager.ListenerWD - List size ---28
16:19:35.157 INFO  manager.ListenerWD - Before find elements By ----> By.cssSelector: h3
16:19:35.350 INFO  manager.ListenerWD - After find elements By ----> By.cssSelector: h3
16:19:35.350 INFO  manager.ListenerWD - List size ---28
16:19:35.940 INFO  TestBase - Start test with name:addNewContactSuccessRequiredFields
16:19:35.941 INFO  manager.ListenerWD - Before find elements By ----> By.xpath: //button[text()='Sign Out']
16:19:35.959 INFO  manager.ListenerWD - After find elements By ----> By.xpath: //button[text()='Sign Out']
16:19:35.959 INFO  manager.ListenerWD - List size ---1
16:19:35.960 INFO  manager.ListenerWD - Before find element By ----> By.cssSelector: a[href = '/add']
16:19:35.977 INFO  manager.ListenerWD - After find element By ----> By.cssSelector: a[href = '/add']
16:19:36.025 INFO  manager.ListenerWD - Before find element By ----> By.xpath: //input[@placeholder='Name']
16:19:36.045 INFO  manager.ListenerWD - After find element By ----> By.xpath: //input[@placeholder='Name']
16:19:36.170 INFO  manager.ListenerWD - Before find element By ----> By.xpath: //input[@placeholder='Last Name']
16:19:36.189 INFO  manager.ListenerWD - After find element By ----> By.xpath: //input[@placeholder='Last Name']
16:19:36.318 INFO  manager.ListenerWD - Before find element By ----> By.xpath: //input[@placeholder='Phone']
16:19:36.334 INFO  manager.ListenerWD - After find element By ----> By.xpath: //input[@placeholder='Phone']
16:19:36.467 INFO  manager.ListenerWD - Before find element By ----> By.xpath: //input[@placeholder='email']
16:19:36.482 INFO  manager.ListenerWD - After find element By ----> By.xpath: //input[@placeholder='email']
16:19:36.628 INFO  manager.ListenerWD - Before find element By ----> By.xpath: //input[@placeholder='Address']
16:19:36.643 INFO  manager.ListenerWD - After find element By ----> By.xpath: //input[@placeholder='Address']
16:19:36.760 INFO  manager.ListenerWD - Before find element By ----> By.cssSelector: [placeholder='description']
16:19:36.773 INFO  manager.ListenerWD - After find element By ----> By.cssSelector: [placeholder='description']
16:19:36.829 INFO  manager.ListenerWD - Before find element By ----> By.xpath: //b[text()='Save']
16:19:36.846 INFO  manager.ListenerWD - After find element By ----> By.xpath: //b[text()='Save']
16:19:36.893 INFO  manager.ListenerWD - Before find elements By ----> By.cssSelector: h2
16:19:37.506 INFO  manager.ListenerWD - After find elements By ----> By.cssSelector: h2
16:19:37.506 INFO  manager.ListenerWD - List size ---29
16:19:38.112 INFO  manager.ListenerWD - Before find elements By ----> By.cssSelector: h3
16:19:38.275 INFO  manager.ListenerWD - After find elements By ----> By.cssSelector: h3
16:19:38.275 INFO  manager.ListenerWD - List size ---29
16:19:38.721 INFO  TestBase - Start test with name:addNewContactWrongName
16:19:38.721 INFO  manager.ListenerWD - Before find elements By ----> By.xpath: //button[text()='Sign Out']
16:19:38.735 INFO  manager.ListenerWD - After find elements By ----> By.xpath: //button[text()='Sign Out']
16:19:38.736 INFO  manager.ListenerWD - List size ---1
16:19:38.736 INFO  manager.ListenerWD - Before find element By ----> By.cssSelector: a[href = '/add']
16:19:38.749 INFO  manager.ListenerWD - After find element By ----> By.cssSelector: a[href = '/add']
16:19:38.778 INFO  manager.ListenerWD - Before find element By ----> By.xpath: //input[@placeholder='Name']
16:19:38.793 INFO  manager.ListenerWD - After find element By ----> By.xpath: //input[@placeholder='Name']
16:19:38.890 INFO  manager.ListenerWD - Before find element By ----> By.xpath: //input[@placeholder='Last Name']
16:19:38.903 INFO  manager.ListenerWD - After find element By ----> By.xpath: //input[@placeholder='Last Name']
16:19:39.001 INFO  manager.ListenerWD - Before find element By ----> By.xpath: //input[@placeholder='Phone']
16:19:39.016 INFO  manager.ListenerWD - After find element By ----> By.xpath: //input[@placeholder='Phone']
16:19:39.123 INFO  manager.ListenerWD - Before find element By ----> By.xpath: //input[@placeholder='email']
16:19:39.135 INFO  manager.ListenerWD - After find element By ----> By.xpath: //input[@placeholder='email']
16:19:39.234 INFO  manager.ListenerWD - Before find element By ----> By.xpath: //input[@placeholder='Address']
16:19:39.249 INFO  manager.ListenerWD - After find element By ----> By.xpath: //input[@placeholder='Address']
16:19:39.354 INFO  manager.ListenerWD - Before find element By ----> By.cssSelector: [placeholder='description']
16:19:39.366 INFO  manager.ListenerWD - After find element By ----> By.cssSelector: [placeholder='description']
16:19:39.414 INFO  manager.ListenerWD - Before find element By ----> By.xpath: //b[text()='Save']
16:19:39.429 INFO  manager.ListenerWD - After find element By ----> By.xpath: //b[text()='Save']
16:19:39.463 INFO  manager.ListenerWD - Before find elements By ----> By.cssSelector: a.active[href='/add']
16:19:39.479 INFO  manager.ListenerWD - After find elements By ----> By.cssSelector: a.active[href='/add']
16:19:39.479 INFO  manager.ListenerWD - List size ---1
16:19:39.481 INFO  TestBase - Start test with name:loginNegativeWrongEmailFormat
16:19:39.482 INFO  TestBase - Start checking authorisation
16:19:39.482 INFO  manager.ListenerWD - Before find elements By ----> By.xpath: //button[text()='Sign Out']
16:19:39.496 INFO  manager.ListenerWD - After find elements By ----> By.xpath: //button[text()='Sign Out']
16:19:39.496 INFO  manager.ListenerWD - List size ---1
16:19:39.496 INFO  manager.ListenerWD - Before find element By ----> By.xpath: //button[text()='Sign Out']
16:19:39.519 INFO  manager.ListenerWD - After find element By ----> By.xpath: //button[text()='Sign Out']
16:19:44.593 INFO  manager.ListenerWD - We have a 'PROBLEM'
16:19:44.593 INFO  manager.ListenerWD - The name of error method ---click
16:19:44.596 INFO  manager.ListenerWD - Describe of error ---org.openqa.selenium.ElementNotInteractableException: element not interactable
  (Session info: chrome=105.0.5195.127)
Build info: version: '4.4.0', revision: 'e5c75ed026a'
System info: host: 'LAPTOP-MOSO9MHA', ip: '192.168.1.12', os.name: 'Windows 10', os.arch: 'amd64', os.version: '10.0', java.version: '11.0.16.1'
Driver info: org.openqa.selenium.chrome.ChromeDriver
Command: [45ea8031994dc319bdfb20bb09cfe4ff, clickElement {id=83be1b2b-234c-4772-b373-5be7ef448880}]
Capabilities {acceptInsecureCerts: false, browserName: chrome, browserVersion: 105.0.5195.127, chrome: {chromedriverVersion: 104.0.5112.79 (3cf3e8c8a07d..., userDataDir: C:\Users\User\AppData\Local...}, goog:chromeOptions: {debuggerAddress: localhost:50463}, networkConnectionEnabled: false, pageLoadStrategy: normal, platformName: WINDOWS, proxy: Proxy(), se:cdp: ws://localhost:50463/devtoo..., se:cdpVersion: 105.0.5195.127, setWindowRect: true, strictFileInteractability: false, timeouts: {implicit: 0, pageLoad: 300000, script: 30000}, unhandledPromptBehavior: dismiss and notify, webauthn:extension:credBlob: true, webauthn:extension:largeBlob: true, webauthn:virtualAuthenticators: true}
Element: [[ChromeDriver: chrome on WINDOWS (45ea8031994dc319bdfb20bb09cfe4ff)] -> xpath: //button[text()='Sign Out']]
Session ID: 45ea8031994dc319bdfb20bb09cfe4ff
16:19:44.597 INFO  manager.ListenerWD - **********
16:19:44.597 INFO  manager.ListenerWD - [[ChromeDriver: chrome on WINDOWS (45ea8031994dc319bdfb20bb09cfe4ff)] -> xpath: //button[text()='Sign Out']]
16:19:44.603 INFO  manager.ListenerWD - Screen with error is :1178  src/test/screenshots/screen1178.png
16:19:44.613 INFO  TestBase - Start test with name:RegistrationSuccess
16:19:44.614 INFO  manager.ListenerWD - Before find elements By ----> By.xpath: //button[text()='Sign Out']
16:19:44.635 INFO  manager.ListenerWD - After find elements By ----> By.xpath: //button[text()='Sign Out']
16:19:44.635 INFO  manager.ListenerWD - List size ---1
16:19:44.635 INFO  manager.ListenerWD - Before find element By ----> By.xpath: //button[text()='Sign Out']
16:19:44.648 INFO  manager.ListenerWD - After find element By ----> By.xpath: //button[text()='Sign Out']
16:19:49.667 INFO  manager.ListenerWD - We have a 'PROBLEM'
16:19:49.667 INFO  manager.ListenerWD - The name of error method ---click
16:19:49.667 INFO  manager.ListenerWD - Describe of error ---org.openqa.selenium.ElementNotInteractableException: element not interactable
  (Session info: chrome=105.0.5195.127)
Build info: version: '4.4.0', revision: 'e5c75ed026a'
System info: host: 'LAPTOP-MOSO9MHA', ip: '192.168.1.12', os.name: 'Windows 10', os.arch: 'amd64', os.version: '10.0', java.version: '11.0.16.1'
Driver info: org.openqa.selenium.chrome.ChromeDriver
Command: [45ea8031994dc319bdfb20bb09cfe4ff, clickElement {id=83be1b2b-234c-4772-b373-5be7ef448880}]
Capabilities {acceptInsecureCerts: false, browserName: chrome, browserVersion: 105.0.5195.127, chrome: {chromedriverVersion: 104.0.5112.79 (3cf3e8c8a07d..., userDataDir: C:\Users\User\AppData\Local...}, goog:chromeOptions: {debuggerAddress: localhost:50463}, networkConnectionEnabled: false, pageLoadStrategy: normal, platformName: WINDOWS, proxy: Proxy(), se:cdp: ws://localhost:50463/devtoo..., se:cdpVersion: 105.0.5195.127, setWindowRect: true, strictFileInteractability: false, timeouts: {implicit: 0, pageLoad: 300000, script: 30000}, unhandledPromptBehavior: dismiss and notify, webauthn:extension:credBlob: true, webauthn:extension:largeBlob: true, webauthn:virtualAuthenticators: true}
Element: [[ChromeDriver: chrome on WINDOWS (45ea8031994dc319bdfb20bb09cfe4ff)] -> xpath: //button[text()='Sign Out']]
Session ID: 45ea8031994dc319bdfb20bb09cfe4ff
16:19:49.667 INFO  manager.ListenerWD - **********
16:19:49.667 INFO  manager.ListenerWD - [[ChromeDriver: chrome on WINDOWS (45ea8031994dc319bdfb20bb09cfe4ff)] -> xpath: //button[text()='Sign Out']]
16:19:49.667 INFO  manager.ListenerWD - Screen with error is :1011  src/test/screenshots/screen1011.png
16:19:49.677 INFO  TestBase - Start test with name:RemoveAllContacts
16:19:49.678 INFO  manager.ListenerWD - Before find elements By ----> By.xpath: //button[text()='Sign Out']
16:19:49.690 INFO  manager.ListenerWD - After find elements By ----> By.xpath: //button[text()='Sign Out']
16:19:49.691 INFO  manager.ListenerWD - List size ---1
16:19:49.691 INFO  manager.ListenerWD - Before find elements By ----> By.cssSelector: .contact-item_card__2SOIM
16:19:54.705 INFO  manager.ListenerWD - After find elements By ----> By.cssSelector: .contact-item_card__2SOIM
16:19:54.705 INFO  manager.ListenerWD - List size ---0
16:19:54.706 INFO  manager.ListenerWD - Before find element By ----> By.cssSelector: a[href = '/add']
16:19:54.715 INFO  manager.ListenerWD - After find element By ----> By.cssSelector: a[href = '/add']
16:19:59.737 INFO  manager.ListenerWD - We have a 'PROBLEM'
16:19:59.737 INFO  manager.ListenerWD - The name of error method ---click
16:19:59.737 INFO  manager.ListenerWD - Describe of error ---org.openqa.selenium.ElementNotInteractableException: element not interactable
  (Session info: chrome=105.0.5195.127)
Build info: version: '4.4.0', revision: 'e5c75ed026a'
System info: host: 'LAPTOP-MOSO9MHA', ip: '192.168.1.12', os.name: 'Windows 10', os.arch: 'amd64', os.version: '10.0', java.version: '11.0.16.1'
Driver info: org.openqa.selenium.chrome.ChromeDriver
Command: [45ea8031994dc319bdfb20bb09cfe4ff, clickElement {id=c2a937c9-2580-40c9-b5c0-63041d9db4cc}]
Capabilities {acceptInsecureCerts: false, browserName: chrome, browserVersion: 105.0.5195.127, chrome: {chromedriverVersion: 104.0.5112.79 (3cf3e8c8a07d..., userDataDir: C:\Users\User\AppData\Local...}, goog:chromeOptions: {debuggerAddress: localhost:50463}, networkConnectionEnabled: false, pageLoadStrategy: normal, platformName: WINDOWS, proxy: Proxy(), se:cdp: ws://localhost:50463/devtoo..., se:cdpVersion: 105.0.5195.127, setWindowRect: true, strictFileInteractability: false, timeouts: {implicit: 0, pageLoad: 300000, script: 30000}, unhandledPromptBehavior: dismiss and notify, webauthn:extension:credBlob: true, webauthn:extension:largeBlob: true, webauthn:virtualAuthenticators: true}
Element: [[ChromeDriver: chrome on WINDOWS (45ea8031994dc319bdfb20bb09cfe4ff)] -> css selector: a[href = '/add']]
Session ID: 45ea8031994dc319bdfb20bb09cfe4ff
16:19:59.737 INFO  manager.ListenerWD - **********
16:19:59.737 INFO  manager.ListenerWD - [[ChromeDriver: chrome on WINDOWS (45ea8031994dc319bdfb20bb09cfe4ff)] -> css selector: a[href = '/add']]
16:19:59.737 INFO  manager.ListenerWD - Screen with error is :1235  src/test/screenshots/screen1235.png
