12:30:22.859 INFO  manager.ApplicationManager - Chrome driver opened
12:30:25.697 INFO  manager.ApplicationManager - Current URL is --:https://contacts-app.tobbymarshall815.vercel.app/home
12:30:25.782 INFO  TestBase - Start test with name:RemoveAllContacts
12:30:25.786 INFO  manager.ListenerWD - Before find elements By ----> By.xpath: //button[text()='Sign Out']
12:30:30.832 INFO  manager.ListenerWD - After find elements By ----> By.xpath: //button[text()='Sign Out']
12:30:30.836 INFO  manager.ListenerWD - List size ---0
12:30:30.839 INFO  manager.ListenerWD - Before find element By ----> By.xpath: //a[@href='/login']
12:30:30.908 INFO  manager.ListenerWD - After find element By ----> By.xpath: //a[@href='/login']
12:30:31.017 INFO  manager.ListenerWD - Before find element By ----> By.xpath: //input[@placeholder='Email']
12:30:31.059 INFO  manager.ListenerWD - After find element By ----> By.xpath: //input[@placeholder='Email']
12:30:31.245 INFO  manager.ListenerWD - Before find element By ----> By.xpath: //input[@placeholder='Password']
12:30:31.277 INFO  manager.ListenerWD - After find element By ----> By.xpath: //input[@placeholder='Password']
12:30:31.383 INFO  manager.ListenerWD - Before find element By ----> By.xpath: //*[text()=' Login']
12:30:31.408 INFO  manager.ListenerWD - After find element By ----> By.xpath: //*[text()=' Login']
12:30:31.453 INFO  manager.ListenerWD - Before find elements By ----> By.cssSelector: .contact-item_card__2SOIM
12:30:36.499 INFO  manager.ListenerWD - After find elements By ----> By.cssSelector: .contact-item_card__2SOIM
12:30:36.500 INFO  manager.ListenerWD - List size ---0
12:30:36.521 INFO  manager.ListenerWD - Before find element By ----> By.cssSelector: a[href = '/add']
12:30:36.563 INFO  manager.ListenerWD - After find element By ----> By.cssSelector: a[href = '/add']
12:30:36.649 INFO  manager.ListenerWD - Before find element By ----> By.xpath: //input[@placeholder='Name']
12:30:36.693 INFO  manager.ListenerWD - After find element By ----> By.xpath: //input[@placeholder='Name']
12:30:37.263 INFO  manager.ListenerWD - Before find element By ----> By.xpath: //input[@placeholder='Last Name']
12:30:37.305 INFO  manager.ListenerWD - After find element By ----> By.xpath: //input[@placeholder='Last Name']
12:30:37.456 INFO  manager.ListenerWD - Before find element By ----> By.xpath: //input[@placeholder='Phone']
12:30:37.494 INFO  manager.ListenerWD - After find element By ----> By.xpath: //input[@placeholder='Phone']
12:30:37.641 INFO  manager.ListenerWD - Before find element By ----> By.xpath: //input[@placeholder='email']
12:30:37.668 INFO  manager.ListenerWD - After find element By ----> By.xpath: //input[@placeholder='email']
12:30:37.793 INFO  manager.ListenerWD - Before find element By ----> By.xpath: //input[@placeholder='Address']
12:30:37.823 INFO  manager.ListenerWD - After find element By ----> By.xpath: //input[@placeholder='Address']
12:30:37.925 INFO  manager.ListenerWD - Before find element By ----> By.cssSelector: [placeholder='description']
12:30:37.952 INFO  manager.ListenerWD - After find element By ----> By.cssSelector: [placeholder='description']
12:30:38.011 INFO  manager.ListenerWD - Before find element By ----> By.xpath: //b[text()='Save']
12:30:38.044 INFO  manager.ListenerWD - After find element By ----> By.xpath: //b[text()='Save']
12:30:38.107 INFO  manager.ListenerWD - Before find elements By ----> By.cssSelector: .contact-item_card__2SOIM
12:30:38.876 INFO  manager.ListenerWD - After find elements By ----> By.cssSelector: .contact-item_card__2SOIM
12:30:38.876 INFO  manager.ListenerWD - List size ---1
12:30:38.876 INFO  manager.ListenerWD - Before find element By ----> By.cssSelector: .contact-item_card__2SOIM
12:30:38.898 INFO  manager.ListenerWD - After find element By ----> By.cssSelector: .contact-item_card__2SOIM
12:30:38.943 INFO  manager.ListenerWD - Before find element By ----> By.xpath: //button[text()='Remove']
12:30:38.969 INFO  manager.ListenerWD - After find element By ----> By.xpath: //button[text()='Remove']
12:30:39.508 INFO  manager.ListenerWD - Before find elements By ----> By.cssSelector: .contact-item_card__2SOIM
12:30:39.531 INFO  manager.ListenerWD - After find elements By ----> By.cssSelector: .contact-item_card__2SOIM
12:30:39.531 INFO  manager.ListenerWD - List size ---1
12:30:39.531 INFO  manager.ListenerWD - Before find element By ----> By.cssSelector: .contact-item_card__2SOIM
12:30:39.558 INFO  manager.ListenerWD - After find element By ----> By.cssSelector: .contact-item_card__2SOIM
12:30:39.596 INFO  manager.ListenerWD - Before find element By ----> By.xpath: //button[text()='Remove']
12:30:39.623 INFO  manager.ListenerWD - After find element By ----> By.xpath: //button[text()='Remove']
12:30:39.669 INFO  manager.ListenerWD - We have a 'PROBLEM'
12:30:39.670 INFO  manager.ListenerWD - The name of error method ---click
12:30:39.678 INFO  manager.ListenerWD - Describe of error ---org.openqa.selenium.StaleElementReferenceException: stale element reference: element is not attached to the page document
  (Session info: chrome=105.0.5195.127)
For documentation on this error, please visit: https://selenium.dev/exceptions/#stale_element_reference
Build info: version: '4.4.0', revision: 'e5c75ed026a'
System info: host: 'LAPTOP-MOSO9MHA', ip: '192.168.1.12', os.name: 'Windows 10', os.arch: 'amd64', os.version: '10.0', java.version: '11.0.16.1'
Driver info: org.openqa.selenium.chrome.ChromeDriver
Command: [0fd84d35ec29ab277574789345f5d645, clickElement {id=40ec4d1e-09b5-4e33-a90a-4074c3297038}]
Capabilities {acceptInsecureCerts: false, browserName: chrome, browserVersion: 105.0.5195.127, chrome: {chromedriverVersion: 104.0.5112.79 (3cf3e8c8a07d..., userDataDir: C:\Users\User\AppData\Local...}, goog:chromeOptions: {debuggerAddress: localhost:62743}, networkConnectionEnabled: false, pageLoadStrategy: normal, platformName: WINDOWS, proxy: Proxy(), se:cdp: ws://localhost:62743/devtoo..., se:cdpVersion: 105.0.5195.127, setWindowRect: true, strictFileInteractability: false, timeouts: {implicit: 0, pageLoad: 300000, script: 30000}, unhandledPromptBehavior: dismiss and notify, webauthn:extension:credBlob: true, webauthn:extension:largeBlob: true, webauthn:virtualAuthenticators: true}
Element: [[ChromeDriver: chrome on WINDOWS (0fd84d35ec29ab277574789345f5d645)] -> xpath: //button[text()='Remove']]
Session ID: 0fd84d35ec29ab277574789345f5d645
12:30:39.679 INFO  manager.ListenerWD - **********
12:30:39.679 INFO  manager.ListenerWD - [[ChromeDriver: chrome on WINDOWS (0fd84d35ec29ab277574789345f5d645)] -> xpath: //button[text()='Remove']]
12:30:39.697 INFO  manager.ListenerWD - Screen with error is :1068  src/test/screenshots/screen1068.png
