15:59:12.784 INFO  manager.ApplicationManager - Chrome driver opened
15:59:14.134 INFO  manager.ApplicationManager - Current URL is --:https://contacts-app.tobbymarshall815.vercel.app/home
15:59:14.167 INFO  TestBase - Start test with name:addNewContactSuccessRequiredFields
15:59:14.170 INFO  manager.ListenerWD - Before find elements By ----> By.xpath: //button[text()='Sign Out']
15:59:19.198 INFO  manager.ListenerWD - After find elements By ----> By.xpath: //button[text()='Sign Out']
15:59:19.200 INFO  manager.ListenerWD - List size ---0
15:59:19.201 INFO  manager.ListenerWD - Before find element By ----> By.xpath: //a[@href='/login']
15:59:19.225 INFO  manager.ListenerWD - After find element By ----> By.xpath: //a[@href='/login']
15:59:19.280 INFO  manager.ListenerWD - Before find element By ----> By.xpath: //input[@placeholder='Email']
15:59:19.307 INFO  manager.ListenerWD - After find element By ----> By.xpath: //input[@placeholder='Email']
15:59:19.409 INFO  manager.ListenerWD - Before find element By ----> By.xpath: //input[@placeholder='Password']
15:59:19.431 INFO  manager.ListenerWD - After find element By ----> By.xpath: //input[@placeholder='Password']
15:59:19.524 INFO  manager.ListenerWD - Before find element By ----> By.xpath: //*[text()=' Login']
15:59:19.545 INFO  manager.ListenerWD - After find element By ----> By.xpath: //*[text()=' Login']
15:59:19.581 INFO  manager.ListenerWD - Before find element By ----> By.cssSelector: a[href = '/add']
15:59:20.168 INFO  manager.ListenerWD - After find element By ----> By.cssSelector: a[href = '/add']
15:59:20.206 INFO  manager.ListenerWD - Before find element By ----> By.xpath: //input[@placeholder='Name']
15:59:20.229 INFO  manager.ListenerWD - After find element By ----> By.xpath: //input[@placeholder='Name']
15:59:20.317 INFO  manager.ListenerWD - Before find element By ----> By.xpath: //input[@placeholder='Last Name']
15:59:20.336 INFO  manager.ListenerWD - After find element By ----> By.xpath: //input[@placeholder='Last Name']
15:59:20.408 INFO  manager.ListenerWD - Before find element By ----> By.xpath: //input[@placeholder='Phone']
15:59:20.427 INFO  manager.ListenerWD - After find element By ----> By.xpath: //input[@placeholder='Phone']
15:59:20.510 INFO  manager.ListenerWD - Before find element By ----> By.xpath: //input[@placeholder='email']
15:59:20.529 INFO  manager.ListenerWD - After find element By ----> By.xpath: //input[@placeholder='email']
15:59:20.618 INFO  manager.ListenerWD - Before find element By ----> By.xpath: //input[@placeholder='Address']
15:59:20.637 INFO  manager.ListenerWD - After find element By ----> By.xpath: //input[@placeholder='Address']
15:59:20.712 INFO  manager.ListenerWD - Before find element By ----> By.cssSelector: [placeholder='description']
15:59:20.730 INFO  manager.ListenerWD - After find element By ----> By.cssSelector: [placeholder='description']
15:59:20.777 INFO  manager.ListenerWD - Before find element By ----> By.xpath: //b[text()='Save']
15:59:20.799 INFO  manager.ListenerWD - After find element By ----> By.xpath: //b[text()='Save']
15:59:20.829 INFO  manager.ListenerWD - Before find elements By ----> By.cssSelector: h2
15:59:21.203 INFO  manager.ListenerWD - After find elements By ----> By.cssSelector: h2
15:59:21.203 INFO  manager.ListenerWD - List size ---6
15:59:21.280 INFO  manager.ListenerWD - Before find elements By ----> By.cssSelector: h3
15:59:21.315 INFO  manager.ListenerWD - After find elements By ----> By.cssSelector: h3
15:59:21.315 INFO  manager.ListenerWD - List size ---6
15:59:21.390 INFO  TestBase - Start test with name:addNewContactSuccessRequiredFields
15:59:21.390 INFO  manager.ListenerWD - Before find elements By ----> By.xpath: //button[text()='Sign Out']
15:59:21.403 INFO  manager.ListenerWD - After find elements By ----> By.xpath: //button[text()='Sign Out']
15:59:21.403 INFO  manager.ListenerWD - List size ---1
15:59:21.404 INFO  manager.ListenerWD - Before find element By ----> By.cssSelector: a[href = '/add']
15:59:21.416 INFO  manager.ListenerWD - After find element By ----> By.cssSelector: a[href = '/add']
15:59:21.445 INFO  manager.ListenerWD - Before find element By ----> By.xpath: //input[@placeholder='Name']
15:59:21.464 INFO  manager.ListenerWD - After find element By ----> By.xpath: //input[@placeholder='Name']
15:59:21.549 INFO  manager.ListenerWD - Before find element By ----> By.xpath: //input[@placeholder='Last Name']
15:59:21.561 INFO  manager.ListenerWD - After find element By ----> By.xpath: //input[@placeholder='Last Name']
15:59:21.638 INFO  manager.ListenerWD - Before find element By ----> By.xpath: //input[@placeholder='Phone']
15:59:21.653 INFO  manager.ListenerWD - After find element By ----> By.xpath: //input[@placeholder='Phone']
15:59:21.741 INFO  manager.ListenerWD - Before find element By ----> By.xpath: //input[@placeholder='email']
15:59:21.757 INFO  manager.ListenerWD - After find element By ----> By.xpath: //input[@placeholder='email']
15:59:21.845 INFO  manager.ListenerWD - Before find element By ----> By.xpath: //input[@placeholder='Address']
15:59:21.857 INFO  manager.ListenerWD - After find element By ----> By.xpath: //input[@placeholder='Address']
15:59:21.941 INFO  manager.ListenerWD - Before find element By ----> By.cssSelector: [placeholder='description']
15:59:21.955 INFO  manager.ListenerWD - After find element By ----> By.cssSelector: [placeholder='description']
15:59:21.995 INFO  manager.ListenerWD - Before find element By ----> By.xpath: //b[text()='Save']
15:59:22.008 INFO  manager.ListenerWD - After find element By ----> By.xpath: //b[text()='Save']
15:59:22.037 INFO  manager.ListenerWD - Before find elements By ----> By.cssSelector: h2
15:59:22.392 INFO  manager.ListenerWD - After find elements By ----> By.cssSelector: h2
15:59:22.393 INFO  manager.ListenerWD - List size ---7
15:59:22.477 INFO  manager.ListenerWD - Before find elements By ----> By.cssSelector: h3
15:59:22.523 INFO  manager.ListenerWD - After find elements By ----> By.cssSelector: h3
15:59:22.523 INFO  manager.ListenerWD - List size ---7
15:59:22.605 INFO  TestBase - Start test with name:addNewContactSuccessRequiredFields
15:59:22.606 INFO  manager.ListenerWD - Before find elements By ----> By.xpath: //button[text()='Sign Out']
15:59:22.617 INFO  manager.ListenerWD - After find elements By ----> By.xpath: //button[text()='Sign Out']
15:59:22.617 INFO  manager.ListenerWD - List size ---1
15:59:22.618 INFO  manager.ListenerWD - Before find element By ----> By.cssSelector: a[href = '/add']
15:59:22.629 INFO  manager.ListenerWD - After find element By ----> By.cssSelector: a[href = '/add']
15:59:22.658 INFO  manager.ListenerWD - Before find element By ----> By.xpath: //input[@placeholder='Name']
15:59:22.673 INFO  manager.ListenerWD - After find element By ----> By.xpath: //input[@placeholder='Name']
15:59:22.760 INFO  manager.ListenerWD - Before find element By ----> By.xpath: //input[@placeholder='Last Name']
15:59:22.770 INFO  manager.ListenerWD - After find element By ----> By.xpath: //input[@placeholder='Last Name']
15:59:22.850 INFO  manager.ListenerWD - Before find element By ----> By.xpath: //input[@placeholder='Phone']
15:59:22.868 INFO  manager.ListenerWD - After find element By ----> By.xpath: //input[@placeholder='Phone']
15:59:22.949 INFO  manager.ListenerWD - Before find element By ----> By.xpath: //input[@placeholder='email']
15:59:22.961 INFO  manager.ListenerWD - After find element By ----> By.xpath: //input[@placeholder='email']
15:59:23.052 INFO  manager.ListenerWD - Before find element By ----> By.xpath: //input[@placeholder='Address']
15:59:23.064 INFO  manager.ListenerWD - After find element By ----> By.xpath: //input[@placeholder='Address']
15:59:23.147 INFO  manager.ListenerWD - Before find element By ----> By.cssSelector: [placeholder='description']
15:59:23.158 INFO  manager.ListenerWD - After find element By ----> By.cssSelector: [placeholder='description']
15:59:23.200 INFO  manager.ListenerWD - Before find element By ----> By.xpath: //b[text()='Save']
15:59:23.213 INFO  manager.ListenerWD - After find element By ----> By.xpath: //b[text()='Save']
15:59:23.245 INFO  manager.ListenerWD - Before find elements By ----> By.cssSelector: h2
15:59:23.569 INFO  manager.ListenerWD - After find elements By ----> By.cssSelector: h2
15:59:23.569 INFO  manager.ListenerWD - List size ---8
15:59:23.661 INFO  manager.ListenerWD - Before find elements By ----> By.cssSelector: h3
15:59:23.696 INFO  manager.ListenerWD - After find elements By ----> By.cssSelector: h3
15:59:23.696 INFO  manager.ListenerWD - List size ---8
