16:11:11.876 INFO  manager.ApplicationManager - Chrome driver opened
16:11:14.571 INFO  manager.ApplicationManager - Current URL is --:https://contacts-app.tobbymarshall815.vercel.app/home
16:11:14.608 INFO  TestBase - Start test with name:ChangeContact
16:11:14.611 INFO  manager.ListenerWD - Before find elements By ----> By.xpath: //button[text()='Sign Out']
16:11:19.638 INFO  manager.ListenerWD - After find elements By ----> By.xpath: //button[text()='Sign Out']
16:11:19.643 INFO  manager.ListenerWD - List size ---0
16:11:19.646 INFO  manager.ListenerWD - Before find element By ----> By.xpath: //a[@href='/login']
16:11:19.678 INFO  manager.ListenerWD - After find element By ----> By.xpath: //a[@href='/login']
16:11:19.738 INFO  manager.ListenerWD - Before find element By ----> By.xpath: //input[@placeholder='Email']
16:11:19.763 INFO  manager.ListenerWD - After find element By ----> By.xpath: //input[@placeholder='Email']
16:11:19.863 INFO  manager.ListenerWD - Before find element By ----> By.xpath: //input[@placeholder='Password']
16:11:19.890 INFO  manager.ListenerWD - After find element By ----> By.xpath: //input[@placeholder='Password']
16:11:19.993 INFO  manager.ListenerWD - Before find element By ----> By.xpath: //*[text()=' Login']
16:11:20.034 INFO  manager.ListenerWD - After find element By ----> By.xpath: //*[text()=' Login']
16:11:20.104 INFO  manager.ListenerWD - Before find element By ----> By.cssSelector: a[href='/contacts']
16:11:20.957 INFO  manager.ListenerWD - After find element By ----> By.cssSelector: a[href='/contacts']
16:11:20.990 INFO  manager.ListenerWD - Before find element By ----> By.cssSelector: h2
16:11:21.143 INFO  manager.ListenerWD - After find element By ----> By.cssSelector: h2
16:11:21.197 INFO  manager.ListenerWD - Before find element By ----> By.xpath: //button[text()='Edit']
16:11:21.222 INFO  manager.ListenerWD - After find element By ----> By.xpath: //button[text()='Edit']
16:11:21.257 INFO  manager.ListenerWD - Before find element By ----> By.xpath: //input[@placeholder='Name']
16:11:21.276 INFO  manager.ListenerWD - After find element By ----> By.xpath: //input[@placeholder='Name']
16:11:21.334 INFO  manager.ListenerWD - Before find element By ----> By.xpath: //input[@placeholder='Name']
16:11:21.350 INFO  manager.ListenerWD - After find element By ----> By.xpath: //input[@placeholder='Name']
16:11:21.410 INFO  manager.ListenerWD - Before find element By ----> By.xpath: //button[text()='Save']
16:11:21.429 INFO  manager.ListenerWD - After find element By ----> By.xpath: //button[text()='Save']
16:11:21.463 INFO  manager.ListenerWD - Before find elements By ----> By.cssSelector: .contact-item-detailed_card__50dTS
16:11:21.484 INFO  manager.ListenerWD - After find elements By ----> By.cssSelector: .contact-item-detailed_card__50dTS
16:11:21.484 INFO  manager.ListenerWD - List size ---1
16:11:21.492 INFO  TestBase - Start test with name:addNewContactSuccess
16:11:21.493 INFO  manager.ListenerWD - Before find elements By ----> By.xpath: //button[text()='Sign Out']
16:11:21.509 INFO  manager.ListenerWD - After find elements By ----> By.xpath: //button[text()='Sign Out']
16:11:21.509 INFO  manager.ListenerWD - List size ---1
16:11:21.515 INFO  manager.ListenerWD - Before find element By ----> By.cssSelector: a[href = '/add']
16:11:21.531 INFO  manager.ListenerWD - After find element By ----> By.cssSelector: a[href = '/add']
16:11:21.582 INFO  manager.ListenerWD - Before find element By ----> By.xpath: //input[@placeholder='Name']
16:11:21.606 INFO  manager.ListenerWD - After find element By ----> By.xpath: //input[@placeholder='Name']
16:11:21.688 INFO  manager.ListenerWD - We have a 'PROBLEM'
16:11:21.689 INFO  manager.ListenerWD - The name of error method ---clear
16:11:21.694 INFO  manager.ListenerWD - Describe of error ---org.openqa.selenium.StaleElementReferenceException: stale element reference: element is not attached to the page document
  (Session info: chrome=105.0.5195.127)
For documentation on this error, please visit: https://selenium.dev/exceptions/#stale_element_reference
Build info: version: '4.4.0', revision: 'e5c75ed026a'
System info: host: 'LAPTOP-MOSO9MHA', ip: '192.168.1.12', os.name: 'Windows 10', os.arch: 'amd64', os.version: '10.0', java.version: '11.0.16.1'
Driver info: org.openqa.selenium.chrome.ChromeDriver
Command: [a9115f06a9847ea6539875a3af3c975c, clearElement {id=6d4b96c3-7da7-409e-8357-025e153b2d25}]
Capabilities {acceptInsecureCerts: false, browserName: chrome, browserVersion: 105.0.5195.127, chrome: {chromedriverVersion: 104.0.5112.79 (3cf3e8c8a07d..., userDataDir: C:\Users\User\AppData\Local...}, goog:chromeOptions: {debuggerAddress: localhost:49183}, networkConnectionEnabled: false, pageLoadStrategy: normal, platformName: WINDOWS, proxy: Proxy(), se:cdp: ws://localhost:49183/devtoo..., se:cdpVersion: 105.0.5195.127, setWindowRect: true, strictFileInteractability: false, timeouts: {implicit: 0, pageLoad: 300000, script: 30000}, unhandledPromptBehavior: dismiss and notify, webauthn:extension:credBlob: true, webauthn:extension:largeBlob: true, webauthn:virtualAuthenticators: true}
Element: [[ChromeDriver: chrome on WINDOWS (a9115f06a9847ea6539875a3af3c975c)] -> xpath: //input[@placeholder='Name']]
Session ID: a9115f06a9847ea6539875a3af3c975c
16:11:21.695 INFO  manager.ListenerWD - **********
16:11:21.695 INFO  manager.ListenerWD - [[ChromeDriver: chrome on WINDOWS (a9115f06a9847ea6539875a3af3c975c)] -> xpath: //input[@placeholder='Name']]
16:11:21.703 INFO  manager.ListenerWD - Screen with error is :1020  src/test/screenshots/screen1020.png
16:11:21.712 INFO  TestBase - Start test with name:addNewContactSuccessRequiredFields
16:11:21.713 INFO  manager.ListenerWD - Before find elements By ----> By.xpath: //button[text()='Sign Out']
16:11:21.732 INFO  manager.ListenerWD - After find elements By ----> By.xpath: //button[text()='Sign Out']
16:11:21.733 INFO  manager.ListenerWD - List size ---1
16:11:21.734 INFO  manager.ListenerWD - Before find element By ----> By.cssSelector: a[href = '/add']
16:11:21.750 INFO  manager.ListenerWD - After find element By ----> By.cssSelector: a[href = '/add']
16:11:21.781 INFO  manager.ListenerWD - Before find element By ----> By.xpath: //input[@placeholder='Name']
16:11:21.803 INFO  manager.ListenerWD - After find element By ----> By.xpath: //input[@placeholder='Name']
16:11:21.927 INFO  manager.ListenerWD - Before find element By ----> By.xpath: //input[@placeholder='Last Name']
16:11:21.958 INFO  manager.ListenerWD - After find element By ----> By.xpath: //input[@placeholder='Last Name']
16:11:22.067 INFO  manager.ListenerWD - Before find element By ----> By.xpath: //input[@placeholder='Phone']
16:11:22.086 INFO  manager.ListenerWD - After find element By ----> By.xpath: //input[@placeholder='Phone']
16:11:22.245 INFO  manager.ListenerWD - Before find element By ----> By.xpath: //input[@placeholder='email']
16:11:22.269 INFO  manager.ListenerWD - After find element By ----> By.xpath: //input[@placeholder='email']
16:11:22.374 INFO  manager.ListenerWD - Before find element By ----> By.xpath: //input[@placeholder='Address']
16:11:22.391 INFO  manager.ListenerWD - After find element By ----> By.xpath: //input[@placeholder='Address']
16:11:22.464 INFO  manager.ListenerWD - Before find element By ----> By.cssSelector: [placeholder='description']
16:11:22.478 INFO  manager.ListenerWD - After find element By ----> By.cssSelector: [placeholder='description']
16:11:22.522 INFO  manager.ListenerWD - Before find element By ----> By.xpath: //b[text()='Save']
16:11:22.539 INFO  manager.ListenerWD - After find element By ----> By.xpath: //b[text()='Save']
16:11:22.571 INFO  manager.ListenerWD - Before find elements By ----> By.cssSelector: h2
16:11:22.923 INFO  manager.ListenerWD - After find elements By ----> By.cssSelector: h2
16:11:22.923 INFO  manager.ListenerWD - List size ---15
16:11:23.090 INFO  manager.ListenerWD - Before find elements By ----> By.cssSelector: h3
16:11:23.168 INFO  manager.ListenerWD - After find elements By ----> By.cssSelector: h3
16:11:23.168 INFO  manager.ListenerWD - List size ---15
16:11:23.337 INFO  TestBase - Start test with name:addNewContactSuccessRequiredFields
16:11:23.338 INFO  manager.ListenerWD - Before find elements By ----> By.xpath: //button[text()='Sign Out']
16:11:23.351 INFO  manager.ListenerWD - After find elements By ----> By.xpath: //button[text()='Sign Out']
16:11:23.351 INFO  manager.ListenerWD - List size ---1
16:11:23.352 INFO  manager.ListenerWD - Before find element By ----> By.cssSelector: a[href = '/add']
16:11:23.366 INFO  manager.ListenerWD - After find element By ----> By.cssSelector: a[href = '/add']
16:11:23.390 INFO  manager.ListenerWD - Before find element By ----> By.xpath: //input[@placeholder='Name']
16:11:23.405 INFO  manager.ListenerWD - After find element By ----> By.xpath: //input[@placeholder='Name']
16:11:23.529 INFO  manager.ListenerWD - Before find element By ----> By.xpath: //input[@placeholder='Last Name']
16:11:23.555 INFO  manager.ListenerWD - After find element By ----> By.xpath: //input[@placeholder='Last Name']
16:11:23.658 INFO  manager.ListenerWD - Before find element By ----> By.xpath: //input[@placeholder='Phone']
16:11:23.672 INFO  manager.ListenerWD - After find element By ----> By.xpath: //input[@placeholder='Phone']
16:11:23.757 INFO  manager.ListenerWD - Before find element By ----> By.xpath: //input[@placeholder='email']
16:11:23.768 INFO  manager.ListenerWD - After find element By ----> By.xpath: //input[@placeholder='email']
16:11:23.850 INFO  manager.ListenerWD - Before find element By ----> By.xpath: //input[@placeholder='Address']
16:11:23.863 INFO  manager.ListenerWD - After find element By ----> By.xpath: //input[@placeholder='Address']
16:11:23.944 INFO  manager.ListenerWD - Before find element By ----> By.cssSelector: [placeholder='description']
16:11:23.956 INFO  manager.ListenerWD - After find element By ----> By.cssSelector: [placeholder='description']
16:11:23.996 INFO  manager.ListenerWD - Before find element By ----> By.xpath: //b[text()='Save']
16:11:24.010 INFO  manager.ListenerWD - After find element By ----> By.xpath: //b[text()='Save']
16:11:24.038 INFO  manager.ListenerWD - Before find elements By ----> By.cssSelector: h2
16:11:24.354 INFO  manager.ListenerWD - After find elements By ----> By.cssSelector: h2
16:11:24.354 INFO  manager.ListenerWD - List size ---16
16:11:24.550 INFO  manager.ListenerWD - Before find elements By ----> By.cssSelector: h3
16:11:24.615 INFO  manager.ListenerWD - After find elements By ----> By.cssSelector: h3
16:11:24.615 INFO  manager.ListenerWD - List size ---16
16:11:24.799 INFO  TestBase - Start test with name:addNewContactSuccessRequiredFields
16:11:24.800 INFO  manager.ListenerWD - Before find elements By ----> By.xpath: //button[text()='Sign Out']
16:11:24.811 INFO  manager.ListenerWD - After find elements By ----> By.xpath: //button[text()='Sign Out']
16:11:24.812 INFO  manager.ListenerWD - List size ---1
16:11:24.812 INFO  manager.ListenerWD - Before find element By ----> By.cssSelector: a[href = '/add']
16:11:24.823 INFO  manager.ListenerWD - After find element By ----> By.cssSelector: a[href = '/add']
16:11:24.846 INFO  manager.ListenerWD - Before find element By ----> By.xpath: //input[@placeholder='Name']
16:11:24.871 INFO  manager.ListenerWD - After find element By ----> By.xpath: //input[@placeholder='Name']
16:11:24.957 INFO  manager.ListenerWD - Before find element By ----> By.xpath: //input[@placeholder='Last Name']
16:11:24.969 INFO  manager.ListenerWD - After find element By ----> By.xpath: //input[@placeholder='Last Name']
16:11:25.049 INFO  manager.ListenerWD - Before find element By ----> By.xpath: //input[@placeholder='Phone']
16:11:25.060 INFO  manager.ListenerWD - After find element By ----> By.xpath: //input[@placeholder='Phone']
16:11:25.144 INFO  manager.ListenerWD - Before find element By ----> By.xpath: //input[@placeholder='email']
16:11:25.156 INFO  manager.ListenerWD - After find element By ----> By.xpath: //input[@placeholder='email']
16:11:25.246 INFO  manager.ListenerWD - Before find element By ----> By.xpath: //input[@placeholder='Address']
16:11:25.258 INFO  manager.ListenerWD - After find element By ----> By.xpath: //input[@placeholder='Address']
16:11:25.360 INFO  manager.ListenerWD - Before find element By ----> By.cssSelector: [placeholder='description']
16:11:25.374 INFO  manager.ListenerWD - After find element By ----> By.cssSelector: [placeholder='description']
16:11:25.418 INFO  manager.ListenerWD - Before find element By ----> By.xpath: //b[text()='Save']
16:11:25.433 INFO  manager.ListenerWD - After find element By ----> By.xpath: //b[text()='Save']
16:11:25.475 INFO  manager.ListenerWD - Before find elements By ----> By.cssSelector: h2
16:11:25.799 INFO  manager.ListenerWD - After find elements By ----> By.cssSelector: h2
16:11:25.799 INFO  manager.ListenerWD - List size ---17
16:11:26.008 INFO  manager.ListenerWD - Before find elements By ----> By.cssSelector: h3
16:11:26.073 INFO  manager.ListenerWD - After find elements By ----> By.cssSelector: h3
16:11:26.073 INFO  manager.ListenerWD - List size ---17
16:11:26.283 INFO  TestBase - Start test with name:addNewContactWrongName
16:11:26.283 INFO  manager.ListenerWD - Before find elements By ----> By.xpath: //button[text()='Sign Out']
16:11:26.295 INFO  manager.ListenerWD - After find elements By ----> By.xpath: //button[text()='Sign Out']
16:11:26.295 INFO  manager.ListenerWD - List size ---1
16:11:26.296 INFO  manager.ListenerWD - Before find element By ----> By.cssSelector: a[href = '/add']
16:11:26.307 INFO  manager.ListenerWD - After find element By ----> By.cssSelector: a[href = '/add']
16:11:26.330 INFO  manager.ListenerWD - Before find element By ----> By.xpath: //input[@placeholder='Name']
16:11:26.345 INFO  manager.ListenerWD - After find element By ----> By.xpath: //input[@placeholder='Name']
16:11:26.427 INFO  manager.ListenerWD - Before find element By ----> By.xpath: //input[@placeholder='Last Name']
16:11:26.439 INFO  manager.ListenerWD - After find element By ----> By.xpath: //input[@placeholder='Last Name']
16:11:26.520 INFO  manager.ListenerWD - Before find element By ----> By.xpath: //input[@placeholder='Phone']
16:11:26.534 INFO  manager.ListenerWD - After find element By ----> By.xpath: //input[@placeholder='Phone']
16:11:26.615 INFO  manager.ListenerWD - Before find element By ----> By.xpath: //input[@placeholder='email']
16:11:26.625 INFO  manager.ListenerWD - After find element By ----> By.xpath: //input[@placeholder='email']
16:11:26.706 INFO  manager.ListenerWD - Before find element By ----> By.xpath: //input[@placeholder='Address']
16:11:26.717 INFO  manager.ListenerWD - After find element By ----> By.xpath: //input[@placeholder='Address']
16:11:26.800 INFO  manager.ListenerWD - Before find element By ----> By.cssSelector: [placeholder='description']
16:11:26.810 INFO  manager.ListenerWD - After find element By ----> By.cssSelector: [placeholder='description']
16:11:26.853 INFO  manager.ListenerWD - Before find element By ----> By.xpath: //b[text()='Save']
16:11:26.865 INFO  manager.ListenerWD - After find element By ----> By.xpath: //b[text()='Save']
16:11:26.898 INFO  manager.ListenerWD - Before find elements By ----> By.cssSelector: a.active[href='/add']
16:11:26.913 INFO  manager.ListenerWD - After find elements By ----> By.cssSelector: a.active[href='/add']
16:11:26.914 INFO  manager.ListenerWD - List size ---1
