16:28:14.693 INFO  manager.ApplicationManager - Chrome driver opened
16:28:16.175 INFO  manager.ApplicationManager - Current URL is --:https://contacts-app.tobbymarshall815.vercel.app/home
16:28:16.204 INFO  TestBase - Start test with name:RegistrationSuccess
16:28:16.207 INFO  manager.ListenerWD - Before find elements By ----> By.xpath: //button[text()='Sign Out']
16:28:21.239 INFO  manager.ListenerWD - After find elements By ----> By.xpath: //button[text()='Sign Out']
16:28:21.240 INFO  manager.ListenerWD - List size ---0
16:28:21.242 INFO  manager.ListenerWD - Before find element By ----> By.xpath: //a[@href='/login']
16:28:21.267 INFO  manager.ListenerWD - After find element By ----> By.xpath: //a[@href='/login']
16:28:21.326 INFO  manager.ListenerWD - Before find element By ----> By.xpath: //input[@placeholder='Email']
16:28:21.355 INFO  manager.ListenerWD - After find element By ----> By.xpath: //input[@placeholder='Email']
16:28:21.458 INFO  manager.ListenerWD - Before find element By ----> By.xpath: //input[@placeholder='Password']
16:28:21.478 INFO  manager.ListenerWD - After find element By ----> By.xpath: //input[@placeholder='Password']
16:28:21.572 INFO  manager.ListenerWD - Before find element By ----> By.xpath: //button[text()=' Registration']
16:28:21.591 INFO  manager.ListenerWD - After find element By ----> By.xpath: //button[text()=' Registration']
16:28:21.621 INFO  manager.ListenerWD - Before find elements By ----> By.xpath: //button[text()='Sign Out']
16:28:22.310 INFO  manager.ListenerWD - After find elements By ----> By.xpath: //button[text()='Sign Out']
16:28:22.310 INFO  manager.ListenerWD - List size ---0
16:28:22.319 INFO  TestBase - Start test with name:RegistrationSuccess1
16:28:22.321 INFO  manager.ListenerWD - Before find elements By ----> By.xpath: //button[text()='Sign Out']
16:28:22.334 INFO  manager.ListenerWD - We have a 'PROBLEM'
16:28:22.336 INFO  manager.ListenerWD - The name of error method ---findElements
16:28:22.342 INFO  manager.ListenerWD - Describe of error ---org.openqa.selenium.UnhandledAlertException: unexpected alert open: {Alert text : User already exist}
  (Session info: chrome=105.0.5195.127): User already exist
Build info: version: '4.4.0', revision: 'e5c75ed026a'
System info: host: 'LAPTOP-MOSO9MHA', ip: '192.168.1.12', os.name: 'Windows 10', os.arch: 'amd64', os.version: '10.0', java.version: '11.0.16.1'
Driver info: org.openqa.selenium.chrome.ChromeDriver
Command: [f2ae3e9e0d99c10d06d1061730a87f02, findElements {using=xpath, value=//button[text()='Sign Out']}]
Capabilities {acceptInsecureCerts: false, browserName: chrome, browserVersion: 105.0.5195.127, chrome: {chromedriverVersion: 104.0.5112.79 (3cf3e8c8a07d..., userDataDir: C:\Users\User\AppData\Local...}, goog:chromeOptions: {debuggerAddress: localhost:62836}, networkConnectionEnabled: false, pageLoadStrategy: normal, platformName: WINDOWS, proxy: Proxy(), se:cdp: ws://localhost:62836/devtoo..., se:cdpVersion: 105.0.5195.127, setWindowRect: true, strictFileInteractability: false, timeouts: {implicit: 0, pageLoad: 300000, script: 30000}, unhandledPromptBehavior: dismiss and notify, webauthn:extension:credBlob: true, webauthn:extension:largeBlob: true, webauthn:virtualAuthenticators: true}
Session ID: f2ae3e9e0d99c10d06d1061730a87f02
16:28:22.342 INFO  manager.ListenerWD - **********
16:28:22.343 INFO  manager.ListenerWD - ChromeDriver: chrome on WINDOWS (f2ae3e9e0d99c10d06d1061730a87f02)
16:28:22.356 INFO  manager.ListenerWD - Screen with error is :1097  src/test/screenshots/screen1097.png
