16:51:37.820 INFO  manager.ApplicationManager - Chrome driver opened
16:51:39.277 INFO  manager.ApplicationManager - Current URL is --:https://contacts-app.tobbymarshall815.vercel.app/home
16:51:39.323 INFO  TestBase - Start test with name:addNewContactWrongName
16:51:39.325 INFO  manager.ListenerWD - Before find elements By ----> By.xpath: //button[text()='Sign Out']
16:51:44.359 INFO  manager.ListenerWD - After find elements By ----> By.xpath: //button[text()='Sign Out']
16:51:44.361 INFO  manager.ListenerWD - List size ---0
16:51:44.363 INFO  manager.ListenerWD - Before find element By ----> By.xpath: //a[@href='/login']
16:51:44.389 INFO  manager.ListenerWD - After find element By ----> By.xpath: //a[@href='/login']
16:51:44.451 INFO  manager.ListenerWD - Before find element By ----> By.xpath: //input[@placeholder='Email']
16:51:44.477 INFO  manager.ListenerWD - After find element By ----> By.xpath: //input[@placeholder='Email']
16:51:44.590 INFO  manager.ListenerWD - Before find element By ----> By.xpath: //input[@placeholder='Password']
16:51:44.613 INFO  manager.ListenerWD - After find element By ----> By.xpath: //input[@placeholder='Password']
16:51:44.691 INFO  manager.ListenerWD - Before find element By ----> By.xpath: //*[text()=' Login']
16:51:44.731 INFO  manager.ListenerWD - After find element By ----> By.xpath: //*[text()=' Login']
16:51:44.777 INFO  manager.ListenerWD - Before find element By ----> By.cssSelector: a[href = '/add']
16:51:45.485 INFO  manager.ListenerWD - After find element By ----> By.cssSelector: a[href = '/add']
16:51:45.527 INFO  manager.ListenerWD - Before find element By ----> By.xpath: //input[@placeholder='Name']
16:51:45.550 INFO  manager.ListenerWD - After find element By ----> By.xpath: //input[@placeholder='Name']
16:51:45.633 INFO  manager.ListenerWD - Before find element By ----> By.xpath: //input[@placeholder='Last Name']
16:51:45.654 INFO  manager.ListenerWD - After find element By ----> By.xpath: //input[@placeholder='Last Name']
16:51:45.740 INFO  manager.ListenerWD - Before find element By ----> By.xpath: //input[@placeholder='Phone']
16:51:45.759 INFO  manager.ListenerWD - After find element By ----> By.xpath: //input[@placeholder='Phone']
16:51:45.842 INFO  manager.ListenerWD - Before find element By ----> By.xpath: //input[@placeholder='email']
16:51:45.860 INFO  manager.ListenerWD - After find element By ----> By.xpath: //input[@placeholder='email']
16:51:45.944 INFO  manager.ListenerWD - Before find element By ----> By.xpath: //input[@placeholder='Address']
16:51:45.963 INFO  manager.ListenerWD - After find element By ----> By.xpath: //input[@placeholder='Address']
16:51:46.048 INFO  manager.ListenerWD - Before find element By ----> By.cssSelector: [placeholder='description']
16:51:46.067 INFO  manager.ListenerWD - After find element By ----> By.cssSelector: [placeholder='description']
16:51:46.109 INFO  manager.ListenerWD - Before find element By ----> By.xpath: //b[text()='Save']
16:51:46.132 INFO  manager.ListenerWD - After find element By ----> By.xpath: //b[text()='Save']
16:51:46.159 INFO  manager.ListenerWD - Before find element By ----> By.cssSelector: [placeholder='description']
16:51:46.172 INFO  manager.ListenerWD - After find element By ----> By.cssSelector: [placeholder='description']
16:51:46.196 INFO  manager.ListenerWD - Before find element By ----> By.cssSelector: [placeholder='description']
16:51:46.213 INFO  manager.ListenerWD - After find element By ----> By.cssSelector: [placeholder='description']
16:51:46.243 INFO  manager.ListenerWD - Before find element By ----> By.cssSelector: [placeholder='description']
16:51:46.258 INFO  manager.ListenerWD - After find element By ----> By.cssSelector: [placeholder='description']
16:51:46.290 INFO  manager.ListenerWD - Before find element By ----> By.cssSelector: [placeholder='description']
16:51:46.304 INFO  manager.ListenerWD - After find element By ----> By.cssSelector: [placeholder='description']
16:51:46.329 INFO  manager.ListenerWD - Before find element By ----> By.cssSelector: [placeholder='description']
16:51:46.342 INFO  manager.ListenerWD - After find element By ----> By.cssSelector: [placeholder='description']
16:51:46.368 INFO  manager.ListenerWD - Before find element By ----> By.cssSelector: [placeholder='description']
16:51:46.384 INFO  manager.ListenerWD - After find element By ----> By.cssSelector: [placeholder='description']
16:51:46.408 INFO  manager.ListenerWD - Before find element By ----> By.cssSelector: [placeholder='description']
16:51:46.422 INFO  manager.ListenerWD - After find element By ----> By.cssSelector: [placeholder='description']
16:51:46.450 INFO  manager.ListenerWD - Before find elements By ----> By.cssSelector: a.active[href='/add']
16:51:46.465 INFO  manager.ListenerWD - After find elements By ----> By.cssSelector: a.active[href='/add']
16:51:46.465 INFO  manager.ListenerWD - List size ---1
