16:30:37.943 INFO  manager.ApplicationManager - Chrome driver opened
16:30:39.474 INFO  manager.ApplicationManager - Current URL is --:https://contacts-app.tobbymarshall815.vercel.app/home
16:30:39.510 INFO  TestBase - Start test with name:RegistrationSuccess
16:30:39.512 INFO  manager.ListenerWD - Before find elements By ----> By.xpath: //button[text()='Sign Out']
16:30:44.573 INFO  manager.ListenerWD - After find elements By ----> By.xpath: //button[text()='Sign Out']
16:30:44.574 INFO  manager.ListenerWD - List size ---0
16:30:44.576 INFO  manager.ListenerWD - Before find element By ----> By.xpath: //a[@href='/login']
16:30:44.601 INFO  manager.ListenerWD - After find element By ----> By.xpath: //a[@href='/login']
16:30:44.659 INFO  manager.ListenerWD - Before find element By ----> By.xpath: //input[@placeholder='Email']
16:30:44.685 INFO  manager.ListenerWD - After find element By ----> By.xpath: //input[@placeholder='Email']
16:30:44.792 INFO  manager.ListenerWD - Before find element By ----> By.xpath: //input[@placeholder='Password']
16:30:44.812 INFO  manager.ListenerWD - After find element By ----> By.xpath: //input[@placeholder='Password']
16:30:44.912 INFO  manager.ListenerWD - Before find element By ----> By.xpath: //button[text()=' Registration']
16:30:44.938 INFO  manager.ListenerWD - After find element By ----> By.xpath: //button[text()=' Registration']
16:30:44.966 INFO  manager.ListenerWD - Before find elements By ----> By.xpath: //button[text()='Sign Out']
16:30:45.731 INFO  manager.ListenerWD - After find elements By ----> By.xpath: //button[text()='Sign Out']
16:30:45.731 INFO  manager.ListenerWD - List size ---1
16:30:45.744 INFO  manager.ListenerWD - Before find element By ----> By.cssSelector: div.contact-page_message__2qafk>h1
16:30:45.887 INFO  manager.ListenerWD - After find element By ----> By.cssSelector: div.contact-page_message__2qafk>h1
16:30:45.908 INFO  TestBase - Start test with name:RegistrationSuccess1
16:30:45.909 INFO  manager.ListenerWD - Before find elements By ----> By.xpath: //button[text()='Sign Out']
16:30:45.924 INFO  manager.ListenerWD - After find elements By ----> By.xpath: //button[text()='Sign Out']
16:30:45.924 INFO  manager.ListenerWD - List size ---1
16:30:45.924 INFO  manager.ListenerWD - Before find element By ----> By.xpath: //button[text()='Sign Out']
16:30:45.946 INFO  manager.ListenerWD - After find element By ----> By.xpath: //button[text()='Sign Out']
16:30:45.995 INFO  manager.ListenerWD - Before find element By ----> By.xpath: //a[@href='/login']
16:30:46.018 INFO  manager.ListenerWD - After find element By ----> By.xpath: //a[@href='/login']
16:30:46.061 INFO  manager.ListenerWD - Before find element By ----> By.xpath: //input[@placeholder='Email']
16:30:46.076 INFO  manager.ListenerWD - After find element By ----> By.xpath: //input[@placeholder='Email']
16:30:46.168 INFO  manager.ListenerWD - Before find element By ----> By.xpath: //input[@placeholder='Password']
16:30:46.182 INFO  manager.ListenerWD - After find element By ----> By.xpath: //input[@placeholder='Password']
16:30:46.258 INFO  manager.ListenerWD - Before find element By ----> By.xpath: //button[text()=' Registration']
16:30:46.271 INFO  manager.ListenerWD - After find element By ----> By.xpath: //button[text()=' Registration']
16:30:46.302 INFO  manager.ListenerWD - Before find elements By ----> By.xpath: //button[text()='Sign Out']
16:30:46.445 INFO  manager.ListenerWD - After find elements By ----> By.xpath: //button[text()='Sign Out']
16:30:46.445 INFO  manager.ListenerWD - List size ---1
16:30:46.445 INFO  manager.ListenerWD - Before find element By ----> By.cssSelector: div.contact-page_message__2qafk>h1
16:30:46.553 INFO  manager.ListenerWD - After find element By ----> By.cssSelector: div.contact-page_message__2qafk>h1
16:30:46.571 INFO  TestBase - Start test with name:registrationNegativeUserAlreadyExists
16:30:46.572 INFO  manager.ListenerWD - Before find elements By ----> By.xpath: //button[text()='Sign Out']
16:30:46.590 INFO  manager.ListenerWD - After find elements By ----> By.xpath: //button[text()='Sign Out']
16:30:46.590 INFO  manager.ListenerWD - List size ---1
16:30:46.591 INFO  manager.ListenerWD - Before find element By ----> By.xpath: //button[text()='Sign Out']
16:30:46.605 INFO  manager.ListenerWD - After find element By ----> By.xpath: //button[text()='Sign Out']
16:30:46.642 INFO  manager.ListenerWD - Before find element By ----> By.xpath: //a[@href='/login']
16:30:46.659 INFO  manager.ListenerWD - After find element By ----> By.xpath: //a[@href='/login']
16:30:46.689 INFO  manager.ListenerWD - Before find element By ----> By.xpath: //input[@placeholder='Email']
16:30:46.703 INFO  manager.ListenerWD - After find element By ----> By.xpath: //input[@placeholder='Email']
16:30:46.791 INFO  manager.ListenerWD - Before find element By ----> By.xpath: //input[@placeholder='Password']
16:30:46.804 INFO  manager.ListenerWD - After find element By ----> By.xpath: //input[@placeholder='Password']
16:30:46.890 INFO  manager.ListenerWD - Before find element By ----> By.xpath: //button[text()=' Registration']
16:30:46.903 INFO  manager.ListenerWD - After find element By ----> By.xpath: //button[text()=' Registration']
16:30:46.933 INFO  manager.ListenerWD - Before find elements By ----> By.xpath: //button[text()='Sign Out']
16:30:47.062 INFO  manager.ListenerWD - After find elements By ----> By.xpath: //button[text()='Sign Out']
16:30:47.062 INFO  manager.ListenerWD - List size ---0
16:30:50.089 INFO  TestBase - Start test with name:registrationNegativeWrongEmailFormat
16:30:50.090 INFO  manager.ListenerWD - Before find elements By ----> By.xpath: //button[text()='Sign Out']
16:30:55.105 INFO  manager.ListenerWD - After find elements By ----> By.xpath: //button[text()='Sign Out']
16:30:55.105 INFO  manager.ListenerWD - List size ---0
16:30:55.106 INFO  manager.ListenerWD - Before find element By ----> By.xpath: //a[@href='/login']
16:30:55.118 INFO  manager.ListenerWD - After find element By ----> By.xpath: //a[@href='/login']
16:30:55.141 INFO  manager.ListenerWD - Before find element By ----> By.xpath: //input[@placeholder='Email']
16:30:55.155 INFO  manager.ListenerWD - After find element By ----> By.xpath: //input[@placeholder='Email']
16:30:55.268 INFO  manager.ListenerWD - Before find element By ----> By.xpath: //input[@placeholder='Password']
16:30:55.281 INFO  manager.ListenerWD - After find element By ----> By.xpath: //input[@placeholder='Password']
16:30:55.383 INFO  manager.ListenerWD - Before find element By ----> By.xpath: //button[text()=' Registration']
16:30:55.396 INFO  manager.ListenerWD - After find element By ----> By.xpath: //button[text()=' Registration']
16:30:55.425 INFO  manager.ListenerWD - Before find elements By ----> By.xpath: //button[text()='Sign Out']
16:30:55.812 INFO  manager.ListenerWD - After find elements By ----> By.xpath: //button[text()='Sign Out']
16:30:55.813 INFO  manager.ListenerWD - List size ---0
16:30:55.846 INFO  manager.ListenerWD - We have a 'PROBLEM'
16:30:55.846 INFO  manager.ListenerWD - The name of error method ---alert
16:30:55.851 INFO  manager.ListenerWD - Describe of error ---org.openqa.selenium.NoAlertPresentException: no such alert
  (Session info: chrome=105.0.5195.127)
Build info: version: '4.4.0', revision: 'e5c75ed026a'
System info: host: 'LAPTOP-MOSO9MHA', ip: '192.168.1.12', os.name: 'Windows 10', os.arch: 'amd64', os.version: '10.0', java.version: '11.0.16.1'
Driver info: org.openqa.selenium.chrome.ChromeDriver
Command: [0290e8a995011b1b9720f7c5dd3a51ca, getAlertText {}]
Capabilities {acceptInsecureCerts: false, browserName: chrome, browserVersion: 105.0.5195.127, chrome: {chromedriverVersion: 104.0.5112.79 (3cf3e8c8a07d..., userDataDir: C:\Users\User\AppData\Local...}, goog:chromeOptions: {debuggerAddress: localhost:63130}, networkConnectionEnabled: false, pageLoadStrategy: normal, platformName: WINDOWS, proxy: Proxy(), se:cdp: ws://localhost:63130/devtoo..., se:cdpVersion: 105.0.5195.127, setWindowRect: true, strictFileInteractability: false, timeouts: {implicit: 0, pageLoad: 300000, script: 30000}, unhandledPromptBehavior: dismiss and notify, webauthn:extension:credBlob: true, webauthn:extension:largeBlob: true, webauthn:virtualAuthenticators: true}
Session ID: 0290e8a995011b1b9720f7c5dd3a51ca
16:30:55.852 INFO  manager.ListenerWD - **********
16:30:55.852 INFO  manager.ListenerWD - org.openqa.selenium.remote.RemoteWebDriver$RemoteTargetLocator@58324c9f
16:30:55.857 INFO  manager.ListenerWD - Screen with error is :1799  src/test/screenshots/screen1799.png
16:30:55.863 INFO  TestBase - Start test with name:registrationNegativeWrongPasswordFormat
16:30:55.864 INFO  manager.ListenerWD - Before find elements By ----> By.xpath: //button[text()='Sign Out']
16:31:00.928 INFO  manager.ListenerWD - After find elements By ----> By.xpath: //button[text()='Sign Out']
16:31:00.928 INFO  manager.ListenerWD - List size ---0
16:31:00.929 INFO  manager.ListenerWD - Before find element By ----> By.xpath: //a[@href='/login']
16:31:00.941 INFO  manager.ListenerWD - After find element By ----> By.xpath: //a[@href='/login']
16:31:00.970 INFO  manager.ListenerWD - Before find element By ----> By.xpath: //input[@placeholder='Email']
16:31:00.985 INFO  manager.ListenerWD - After find element By ----> By.xpath: //input[@placeholder='Email']
16:31:01.105 INFO  manager.ListenerWD - Before find element By ----> By.xpath: //input[@placeholder='Password']
16:31:01.119 INFO  manager.ListenerWD - After find element By ----> By.xpath: //input[@placeholder='Password']
16:31:01.208 INFO  manager.ListenerWD - Before find element By ----> By.xpath: //button[text()=' Registration']
16:31:01.221 INFO  manager.ListenerWD - After find element By ----> By.xpath: //button[text()=' Registration']
16:31:01.252 INFO  manager.ListenerWD - Before find elements By ----> By.xpath: //button[text()='Sign Out']
16:31:01.376 INFO  manager.ListenerWD - After find elements By ----> By.xpath: //button[text()='Sign Out']
16:31:01.376 INFO  manager.ListenerWD - List size ---0
