16:48:26.073 INFO  manager.ApplicationManager - Chrome driver opened
16:48:27.785 INFO  manager.ApplicationManager - Current URL is --:https://contacts-app.tobbymarshall815.vercel.app/home
16:48:27.817 INFO  TestBase - Start test with name:addNewContactWrongName
16:48:27.819 INFO  manager.ListenerWD - Before find elements By ----> By.xpath: //button[text()='Sign Out']
16:48:32.836 INFO  manager.ListenerWD - After find elements By ----> By.xpath: //button[text()='Sign Out']
16:48:32.838 INFO  manager.ListenerWD - List size ---0
16:48:32.839 INFO  manager.ListenerWD - Before find element By ----> By.xpath: //a[@href='/login']
16:48:32.866 INFO  manager.ListenerWD - After find element By ----> By.xpath: //a[@href='/login']
16:48:32.926 INFO  manager.ListenerWD - Before find element By ----> By.xpath: //input[@placeholder='Email']
16:48:32.955 INFO  manager.ListenerWD - After find element By ----> By.xpath: //input[@placeholder='Email']
16:48:33.058 INFO  manager.ListenerWD - Before find element By ----> By.xpath: //input[@placeholder='Password']
16:48:33.079 INFO  manager.ListenerWD - After find element By ----> By.xpath: //input[@placeholder='Password']
16:48:33.173 INFO  manager.ListenerWD - Before find element By ----> By.xpath: //*[text()=' Login']
16:48:33.191 INFO  manager.ListenerWD - After find element By ----> By.xpath: //*[text()=' Login']
16:48:33.221 INFO  manager.ListenerWD - Before find element By ----> By.cssSelector: a[href = '/add']
16:48:33.925 INFO  manager.ListenerWD - After find element By ----> By.cssSelector: a[href = '/add']
16:48:33.962 INFO  manager.ListenerWD - Before find element By ----> By.xpath: //input[@placeholder='Name']
16:48:33.985 INFO  manager.ListenerWD - After find element By ----> By.xpath: //input[@placeholder='Name']
16:48:34.067 INFO  manager.ListenerWD - Before find element By ----> By.xpath: //input[@placeholder='Last Name']
16:48:34.086 INFO  manager.ListenerWD - After find element By ----> By.xpath: //input[@placeholder='Last Name']
16:48:34.163 INFO  manager.ListenerWD - Before find element By ----> By.xpath: //input[@placeholder='Phone']
16:48:34.181 INFO  manager.ListenerWD - After find element By ----> By.xpath: //input[@placeholder='Phone']
16:48:34.269 INFO  manager.ListenerWD - Before find element By ----> By.xpath: //input[@placeholder='email']
16:48:34.288 INFO  manager.ListenerWD - After find element By ----> By.xpath: //input[@placeholder='email']
16:48:34.374 INFO  manager.ListenerWD - Before find element By ----> By.xpath: //input[@placeholder='Address']
16:48:34.391 INFO  manager.ListenerWD - After find element By ----> By.xpath: //input[@placeholder='Address']
16:48:34.481 INFO  manager.ListenerWD - Before find element By ----> By.cssSelector: [placeholder='description']
16:48:34.498 INFO  manager.ListenerWD - After find element By ----> By.cssSelector: [placeholder='description']
16:48:34.537 INFO  manager.ListenerWD - Before find element By ----> By.xpath: //b[text()='Save']
16:48:34.557 INFO  manager.ListenerWD - After find element By ----> By.xpath: //b[text()='Save']
16:48:34.581 INFO  manager.ListenerWD - Before find element By ----> By.cssSelector: [placeholder='description']
16:48:34.593 INFO  manager.ListenerWD - After find element By ----> By.cssSelector: [placeholder='description']
16:48:34.619 INFO  manager.ListenerWD - Before find elements By ----> By.cssSelector: a.active[href='/add']
16:48:34.638 INFO  manager.ListenerWD - After find elements By ----> By.cssSelector: a.active[href='/add']
16:48:34.639 INFO  manager.ListenerWD - List size ---1
